[32m[I 2026-03-05 18:27:48,663][0m Trial 249 finished with value: 2.7113571428571426 and parameters: {'D_b': 2, 'D_c': 14, 'C_a': 52, 'C_b': 73, 'd_threshold': 0.12036698386797884, 'c_threshold': 0.5259670961822264}. Best is trial 75 with value: 2.7854285714285716.[0m
Best trial: 75. Best value: 2.78543:  84%|████████▎ | 251/300 [1:39:33<13:59, 17.13s/it][32m[I 2026-03-05 18:28:04,059][0m Trial 250 finished with value: 2.7235 and parameters: {'D_b': 19, 'D_c': 21, 'C_a': 44, 'C_b': 64, 'd_threshold': 0.1572232756535744, 'c_threshold': 0.4614570749805948}. Best is trial 75 with value: 2.7854285714285716.[0m
Best trial: 75. Best value: 2.78543:  84%|████████▍ | 252/300 [1:39:48<13:12, 16.52s/it][32m[I 2026-03-05 18:28:19,154][0m Trial 251 finished with value: 2.714571428571429 and parameters: {'D_b': 21, 'D_c': 22, 'C_a': 46, 'C_b': 75, 'd_threshold': 0.42710135685875833, 'c_threshold': 0.5029370014135517}. Best is trial 75 with value: 2.7854285714285716.[0m
Best trial: 75. Best value: 2.78543:  84%|████████▍ | 253/300 [1:40:05<12:50, 16.39s/it][32m[I 2026-03-05 18:28:35,245][0m Trial 252 finished with value: 2.709357142857143 and parameters: {'D_b': 14, 'D_c': 17, 'C_a': 41, 'C_b': 71, 'd_threshold': 0.31626894078110107, 'c_threshold': 0.5613745629115878}. Best is trial 75 with value: 2.7854285714285716.[0m
Best trial: 75. Best value: 2.78543:  85%|████████▍ | 254/300 [1:40:21<12:32, 16.37s/it][32m[I 2026-03-05 18:28:51,567][0m Trial 253 finished with value: 2.758357142857143 and parameters: {'D_b': 23, 'D_c': 24, 'C_a': 42, 'C_b': 89, 'd_threshold': 0.10012085113940691, 'c_threshold': 0.644667708975866}. Best is trial 75 with value: 2.7854285714285716.[0m
Best trial: 75. Best value: 2.78543:  85%|████████▌ | 255/300 [1:40:37<12:14, 16.32s/it][32m[I 2026-03-05 18:29:07,758][0m Trial 254 finished with value: 2.701571428571429 and parameters: {'D_b': 22, 'D_c': 23, 'C_a': 44, 'C_b': 84, 'd_threshold': 0.10872022787056068, 'c_threshold': 0.6637013841047719}. Best is trial 75 with value: 2.7854285714285716.[0m
Best trial: 75. Best value: 2.78543:  85%|████████▌ | 256/300 [1:40:52<11:45, 16.04s/it][32m[I 2026-03-05 18:29:23,140][0m Trial 255 finished with value: 2.775214285714286 and parameters: {'D_b': 23, 'D_c': 24, 'C_a': 40, 'C_b': 95, 'd_threshold': 0.12136829142260659, 'c_threshold': 0.621909004866125}. Best is trial 75 with value: 2.7854285714285716.[0m
Best trial: 75. Best value: 2.78543:  86%|████████▌ | 257/300 [1:41:08<11:29, 16.03s/it][32m[I 2026-03-05 18:29:39,169][0m Trial 256 finished with value: 2.7153571428571426 and parameters: {'D_b': 23, 'D_c': 24, 'C_a': 40, 'C_b': 96, 'd_threshold': 0.13620188938798264, 'c_threshold': 0.6424870245599709}. Best is trial 75 with value: 2.7854285714285716.[0m
Best trial: 75. Best value: 2.78543:  86%|████████▌ | 258/300 [1:41:24<11:05, 15.86s/it][32m[I 2026-03-05 18:29:54,611][0m Trial 257 finished with value: 2.747857142857143 and parameters: {'D_b': 23, 'D_c': 24, 'C_a': 39, 'C_b': 94, 'd_threshold': 0.10002404036257505, 'c_threshold': 0.6503005434178499}. Best is trial 75 with value: 2.7854285714285716.[0m
Best trial: 75. Best value: 2.78543:  86%|████████▋ | 259/300 [1:41:39<10:40, 15.63s/it][32m[I 2026-03-05 18:30:09,711][0m Trial 258 finished with value: 2.7118571428571427 and parameters: {'D_b': 24, 'D_c': 25, 'C_a': 41, 'C_b': 95, 'd_threshold': 0.11495290297629852, 'c_threshold': 0.6353093172847258}. Best is trial 75 with value: 2.7854285714285716.[0m
Best trial: 75. Best value: 2.78543:  87%|████████▋ | 260/300 [1:41:54<10:23, 15.59s/it][32m[I 2026-03-05 18:30:25,205][0m Trial 259 finished with value: 2.710571428571429 and parameters: {'D_b': 20, 'D_c': 22, 'C_a': 40, 'C_b': 97, 'd_threshold': 0.12440455057530979, 'c_threshold': 0.6230494861487647}. Best is trial 75 with value: 2.7854285714285716.[0m
Best trial: 75. Best value: 2.78543:  87%|████████▋ | 261/300 [1:42:10<10:05, 15.53s/it][32m[I 2026-03-05 18:30:40,606][0m Trial 260 finished with value: 2.751928571428571 and parameters: {'D_b': 25, 'D_c': 26, 'C_a': 43, 'C_b': 90, 'd_threshold': 0.14116598545789552, 'c_threshold': 0.6065068263231398}. Best is trial 75 with value: 2.7854285714285716.[0m
Best trial: 75. Best value: 2.78543:  87%|████████▋ | 262/300 [1:42:26<09:54, 15.65s/it][32m[I 2026-03-05 18:30:56,515][0m Trial 261 finished with value: 2.7186428571428576 and parameters: {'D_b': 25, 'D_c': 26, 'C_a': 43, 'C_b': 92, 'd_threshold': 0.13612717006537906, 'c_threshold': 0.610425579197551}. Best is trial 75 with value: 2.7854285714285716.[0m
Best trial: 75. Best value: 2.78543:  88%|████████▊ | 263/300 [1:42:42<09:43, 15.78s/it][32m[I 2026-03-05 18:31:12,613][0m Trial 262 finished with value: 2.686285714285714 and parameters: {'D_b': 23, 'D_c': 24, 'C_a': 42, 'C_b': 97, 'd_threshold': 0.2834910208100787, 'c_threshold': 0.631303359328215}. Best is trial 75 with value: 2.7854285714285716.[0m
Best trial: 75. Best value: 2.78543:  88%|████████▊ | 264/300 [1:42:57<09:24, 15.67s/it][32m[I 2026-03-05 18:31:28,017][0m Trial 263 finished with value: 2.733142857142857 and parameters: {'D_b': 24, 'D_c': 25, 'C_a': 40, 'C_b': 77, 'd_threshold': 0.1447650354052419, 'c_threshold': 0.6147442361451083}. Best is trial 75 with value: 2.7854285714285716.[0m
Best trial: 75. Best value: 2.78543:  88%|████████▊ | 265/300 [1:43:13<09:05, 15.59s/it][32m[I 2026-03-05 18:31:43,417][0m Trial 264 finished with value: 2.674928571428571 and parameters: {'D_b': 25, 'D_c': 26, 'C_a': 43, 'C_b': 89, 'd_threshold': 0.25513416483230017, 'c_threshold': 0.6005053152068036}. Best is trial 75 with value: 2.7854285714285716.[0m
Best trial: 75. Best value: 2.78543:  89%|████████▊ | 266/300 [1:43:29<09:01, 15.93s/it][32m[I 2026-03-05 18:32:00,119][0m Trial 265 finished with value: 2.757928571428571 and parameters: {'D_b': 22, 'D_c': 23, 'C_a': 41, 'C_b': 99, 'd_threshold': 0.1776500565372508, 'c_threshold': 0.6544235338548173}. Best is trial 75 with value: 2.7854285714285716.[0m
Best trial: 75. Best value: 2.78543:  89%|████████▉ | 267/300 [1:43:44<08:36, 15.65s/it][32m[I 2026-03-05 18:32:15,118][0m Trial 266 finished with value: 2.7450714285714284 and parameters: {'D_b': 22, 'D_c': 23, 'C_a': 42, 'C_b': 98, 'd_threshold': 0.1825913214207057, 'c_threshold': 0.6882768162985274}. Best is trial 75 with value: 2.7854285714285716.[0m
Best trial: 75. Best value: 2.78543:  89%|████████▉ | 268/300 [1:44:01<08:25, 15.79s/it][32m[I 2026-03-05 18:32:31,241][0m Trial 267 finished with value: 2.699214285714286 and parameters: {'D_b': 22, 'D_c': 23, 'C_a': 41, 'C_b': 98, 'd_threshold': 0.16895473234471223, 'c_threshold': 0.659314623675202}. Best is trial 75 with value: 2.7854285714285716.[0m
Best trial: 75. Best value: 2.78543:  90%|████████▉ | 269/300 [1:44:16<08:03, 15.60s/it][32m[I 2026-03-05 18:32:46,406][0m Trial 268 finished with value: 2.7442142857142855 and parameters: {'D_b': 21, 'D_c': 22, 'C_a': 39, 'C_b': 99, 'd_threshold': 0.14628835251357614, 'c_threshold': 0.635249456014234}. Best is trial 75 with value: 2.7854285714285716.[0m
Best trial: 75. Best value: 2.78543:  90%|█████████ | 270/300 [1:45:02<12:27, 24.93s/it][32m[I 2026-03-05 18:33:33,093][0m Trial 269 finished with value: 2.7145 and parameters: {'D_b': 12, 'D_c': 36, 'C_a': 44, 'C_b': 91, 'd_threshold': 0.42418810614377944, 'c_threshold': 0.648263189461183}. Best is trial 75 with value: 2.7854285714285716.[0m
Best trial: 75. Best value: 2.78543:  90%|█████████ | 271/300 [1:46:00<16:49, 34.82s/it][32m[I 2026-03-05 18:34:30,977][0m Trial 270 finished with value: 2.695357142857143 and parameters: {'D_b': 23, 'D_c': 24, 'C_a': 42, 'C_b': 99, 'd_threshold': 0.1973558623620018, 'c_threshold': 0.6697306138257224}. Best is trial 75 with value: 2.7854285714285716.[0m
Best trial: 75. Best value: 2.78543:  91%|█████████ | 272/300 [1:46:55<19:00, 40.74s/it][32m[I 2026-03-05 18:35:25,544][0m Trial 271 finished with value: 2.693 and parameters: {'D_b': 24, 'D_c': 25, 'C_a': 41, 'C_b': 87, 'd_threshold': 0.10114531559242879, 'c_threshold': 0.6241761707456788}. Best is trial 75 with value: 2.7854285714285716.[0m
Best trial: 75. Best value: 2.78543:  91%|█████████ | 273/300 [1:47:50<20:14, 44.97s/it][32m[I 2026-03-05 18:36:20,390][0m Trial 272 finished with value: 2.7372142857142854 and parameters: {'D_b': 25, 'D_c': 26, 'C_a': 43, 'C_b': 98, 'd_threshold': 0.4518196755837746, 'c_threshold': 0.5951666207600733}. Best is trial 75 with value: 2.7854285714285716.[0m
Best trial: 75. Best value: 2.78543:  91%|█████████▏| 274/300 [1:48:49<21:19, 49.20s/it][32m[I 2026-03-05 18:37:19,455][0m Trial 273 finished with value: 2.658142857142857 and parameters: {'D_b': 21, 'D_c': 22, 'C_a': 45, 'C_b': 90, 'd_threshold': 0.3774072382677596, 'c_threshold': 0.6212767384363734}. Best is trial 75 with value: 2.7854285714285716.[0m
Best trial: 75. Best value: 2.78543:  92%|█████████▏| 275/300 [1:49:48<21:44, 52.17s/it][32m[I 2026-03-05 18:38:18,542][0m Trial 274 finished with value: 2.6802142857142854 and parameters: {'D_b': 26, 'D_c': 27, 'C_a': 40, 'C_b': 94, 'd_threshold': 0.17211811660048165, 'c_threshold': 0.6070842132016572}. Best is trial 75 with value: 2.7854285714285716.[0m
Best trial: 75. Best value: 2.78543:  92%|█████████▏| 276/300 [1:50:48<21:49, 54.55s/it][32m[I 2026-03-05 18:39:18,657][0m Trial 275 finished with value: 2.728214285714286 and parameters: {'D_b': 22, 'D_c': 23, 'C_a': 39, 'C_b': 95, 'd_threshold': 0.13124893432733264, 'c_threshold': 0.7067010962178883}. Best is trial 75 with value: 2.7854285714285716.[0m
Best trial: 75. Best value: 2.78543:  92%|█████████▏| 277/300 [1:51:47<21:23, 55.80s/it][32m[I 2026-03-05 18:40:17,368][0m Trial 276 finished with value: 2.7181428571428574 and parameters: {'D_b': 23, 'D_c': 24, 'C_a': 42, 'C_b': 92, 'd_threshold': 0.4171152413960528, 'c_threshold': 0.6494412569264864}. Best is trial 75 with value: 2.7854285714285716.[0m
Best trial: 75. Best value: 2.78543:  93%|█████████▎| 278/300 [1:52:49<21:12, 57.83s/it][32m[I 2026-03-05 18:41:19,932][0m Trial 277 finished with value: 2.6487857142857143 and parameters: {'D_b': 24, 'D_c': 25, 'C_a': 45, 'C_b': 96, 'd_threshold': 0.3470092575792603, 'c_threshold': 0.5846475295024044}. Best is trial 75 with value: 2.7854285714285716.[0m
Best trial: 75. Best value: 2.78543:  93%|█████████▎| 279/300 [1:53:52<20:45, 59.29s/it][32m[I 2026-03-05 18:42:22,633][0m Trial 278 finished with value: 2.716357142857143 and parameters: {'D_b': 25, 'D_c': 26, 'C_a': 43, 'C_b': 82, 'd_threshold': 0.4028356134031301, 'c_threshold': 0.6406304500154691}. Best is trial 75 with value: 2.7854285714285716.[0m
Best trial: 75. Best value: 2.78543:  93%|█████████▎| 280/300 [1:54:51<19:44, 59.25s/it][32m[I 2026-03-05 18:43:21,775][0m Trial 279 finished with value: 2.7165 and parameters: {'D_b': 21, 'D_c': 22, 'C_a': 38, 'C_b': 79, 'd_threshold': 0.3717861573283137, 'c_threshold': 0.6089762501837921}. Best is trial 75 with value: 2.7854285714285716.[0m
Best trial: 75. Best value: 2.78543:  94%|█████████▎| 281/300 [1:55:51<18:50, 59.50s/it][32m[I 2026-03-05 18:44:21,882][0m Trial 280 finished with value: 2.7129285714285714 and parameters: {'D_b': 26, 'D_c': 27, 'C_a': 41, 'C_b': 88, 'd_threshold': 0.3300084855830592, 'c_threshold': 0.5878971028232656}. Best is trial 75 with value: 2.7854285714285716.[0m
Best trial: 75. Best value: 2.78543:  94%|█████████▍| 282/300 [1:56:48<17:37, 58.75s/it][32m[I 2026-03-05 18:45:18,895][0m Trial 281 finished with value: 2.7098571428571434 and parameters: {'D_b': 23, 'D_c': 24, 'C_a': 42, 'C_b': 76, 'd_threshold': 0.4334199006123315, 'c_threshold': 0.6225822207804}. Best is trial 75 with value: 2.7854285714285716.[0m
Best trial: 75. Best value: 2.78543:  94%|█████████▍| 283/300 [1:57:42<16:14, 57.31s/it][32m[I 2026-03-05 18:46:12,811][0m Trial 282 finished with value: 2.7150000000000003 and parameters: {'D_b': 26, 'D_c': 27, 'C_a': 40, 'C_b': 99, 'd_threshold': 0.15156610158073652, 'c_threshold': 0.5982994141318209}. Best is trial 75 with value: 2.7854285714285716.[0m
Best trial: 75. Best value: 2.78543:  95%|█████████▍| 284/300 [1:58:35<14:54, 55.90s/it][32m[I 2026-03-05 18:47:05,436][0m Trial 283 finished with value: 2.598642857142857 and parameters: {'D_b': 15, 'D_c': 54, 'C_a': 44, 'C_b': 86, 'd_threshold': 0.9613192944082103, 'c_threshold': 0.6283731522007285}. Best is trial 75 with value: 2.7854285714285716.[0m
Best trial: 75. Best value: 2.78543:  95%|█████████▌| 285/300 [1:59:34<14:11, 56.77s/it][32m[I 2026-03-05 18:48:04,241][0m Trial 284 finished with value: 2.7155 and parameters: {'D_b': 25, 'D_c': 26, 'C_a': 41, 'C_b': 78, 'd_threshold': 0.385155662682685, 'c_threshold': 0.678570554364549}. Best is trial 75 with value: 2.7854285714285716.[0m
Best trial: 75. Best value: 2.78543:  95%|█████████▌| 286/300 [2:00:33<13:26, 57.58s/it][32m[I 2026-03-05 18:49:03,712][0m Trial 285 finished with value: 2.7415714285714285 and parameters: {'D_b': 24, 'D_c': 25, 'C_a': 38, 'C_b': 78, 'd_threshold': 0.30327503539374545, 'c_threshold': 0.5510202004156959}. Best is trial 75 with value: 2.7854285714285716.[0m
Best trial: 75. Best value: 2.78543:  96%|█████████▌| 287/300 [2:01:36<12:47, 59.06s/it][32m[I 2026-03-05 18:50:06,231][0m Trial 286 finished with value: 2.7150714285714286 and parameters: {'D_b': 22, 'D_c': 41, 'C_a': 40, 'C_b': 75, 'd_threshold': 0.3526225600709632, 'c_threshold': 0.5795986330263228}. Best is trial 75 with value: 2.7854285714285716.[0m
Best trial: 75. Best value: 2.78543:  96%|█████████▌| 288/300 [2:02:37<11:58, 59.87s/it][32m[I 2026-03-05 18:51:07,988][0m Trial 287 finished with value: 2.688214285714286 and parameters: {'D_b': 20, 'D_c': 37, 'C_a': 43, 'C_b': 97, 'd_threshold': 0.11517297779106576, 'c_threshold': 0.6611885305178253}. Best is trial 75 with value: 2.7854285714285716.[0m
Best trial: 75. Best value: 2.78543:  96%|█████████▋| 289/300 [2:03:37<10:57, 59.82s/it][32m[I 2026-03-05 18:52:07,674][0m Trial 288 finished with value: 2.7193571428571426 and parameters: {'D_b': 27, 'D_c': 28, 'C_a': 44, 'C_b': 71, 'd_threshold': 0.4426193896978496, 'c_threshold': 0.6140734575039465}. Best is trial 75 with value: 2.7854285714285716.[0m
Best trial: 75. Best value: 2.78543:  97%|█████████▋| 290/300 [2:04:36<09:54, 59.48s/it][32m[I 2026-03-05 18:53:06,361][0m Trial 289 finished with value: 2.758857142857143 and parameters: {'D_b': 23, 'D_c': 33, 'C_a': 46, 'C_b': 76, 'd_threshold': 0.3158665587114666, 'c_threshold': 0.20812530998293266}. Best is trial 75 with value: 2.7854285714285716.[0m
Best trial: 75. Best value: 2.78543:  97%|█████████▋| 291/300 [2:04:53<07:01, 46.86s/it][32m[I 2026-03-05 18:53:23,814][0m Trial 290 finished with value: 2.7555714285714283 and parameters: {'D_b': 23, 'D_c': 33, 'C_a': 46, 'C_b': 76, 'd_threshold': 0.4050700692841506, 'c_threshold': 0.5815354107795305}. Best is trial 75 with value: 2.7854285714285716.[0m
Best trial: 75. Best value: 2.78543:  97%|█████████▋| 292/300 [2:05:10<05:03, 37.89s/it][32m[I 2026-03-05 18:53:40,778][0m Trial 291 finished with value: 2.6952857142857143 and parameters: {'D_b': 23, 'D_c': 33, 'C_a': 46, 'C_b': 77, 'd_threshold': 0.40842593589454057, 'c_threshold': 0.3684107866483408}. Best is trial 75 with value: 2.7854285714285716.[0m
Best trial: 75. Best value: 2.78543:  98%|█████████▊| 293/300 [2:05:26<03:38, 31.24s/it][32m[I 2026-03-05 18:53:56,460][0m Trial 292 finished with value: 2.720642857142857 and parameters: {'D_b': 22, 'D_c': 33, 'C_a': 69, 'C_b': 76, 'd_threshold': 0.40177950520507183, 'c_threshold': 0.32104284226106194}. Best is trial 75 with value: 2.7854285714285716.[0m
Best trial: 75. Best value: 2.78543:  98%|█████████▊| 294/300 [2:05:46<02:47, 27.96s/it][32m[I 2026-03-05 18:54:16,805][0m Trial 293 finished with value: 2.7179285714285717 and parameters: {'D_b': 24, 'D_c': 25, 'C_a': 48, 'C_b': 75, 'd_threshold': 0.4693890869715497, 'c_threshold': 0.3985284704225728}. Best is trial 75 with value: 2.7854285714285716.[0m
Best trial: 75. Best value: 2.78543:  98%|█████████▊| 295/300 [2:06:12<02:17, 27.45s/it][32m[I 2026-03-05 18:54:43,037][0m Trial 294 finished with value: 2.7105 and parameters: {'D_b': 21, 'D_c': 32, 'C_a': 46, 'C_b': 77, 'd_threshold': 0.38757703072671584, 'c_threshold': 0.5821294418635489}. Best is trial 75 with value: 2.7854285714285716.[0m
Best trial: 75. Best value: 2.78543:  99%|█████████▊| 296/300 [2:06:36<01:45, 26.25s/it][32m[I 2026-03-05 18:55:06,517][0m Trial 295 finished with value: 2.6702857142857144 and parameters: {'D_b': 23, 'D_c': 34, 'C_a': 46, 'C_b': 76, 'd_threshold': 0.42759054183184597, 'c_threshold': 0.571616488504131}. Best is trial 75 with value: 2.7854285714285716.[0m
Best trial: 75. Best value: 2.78543:  99%|█████████▉| 297/300 [2:06:59<01:16, 25.35s/it][32m[I 2026-03-05 18:55:29,744][0m Trial 296 finished with value: 2.629642857142857 and parameters: {'D_b': 24, 'D_c': 25, 'C_a': 47, 'C_b': 80, 'd_threshold': 0.3239969705644533, 'c_threshold': 0.5942080084739948}. Best is trial 75 with value: 2.7854285714285716.[0m
Best trial: 75. Best value: 2.78543:  99%|█████████▉| 298/300 [2:07:20<00:48, 24.12s/it][32m[I 2026-03-05 18:55:51,007][0m Trial 297 finished with value: 2.733642857142857 and parameters: {'D_b': 25, 'D_c': 26, 'C_a': 45, 'C_b': 78, 'd_threshold': 0.41195201606772863, 'c_threshold': 0.22806293229258107}. Best is trial 75 with value: 2.7854285714285716.[0m
Best trial: 75. Best value: 2.78543: 100%|█████████▉| 299/300 [2:07:34<00:20, 20.86s/it][32m[I 2026-03-05 18:56:04,243][0m Trial 298 finished with value: 2.7036428571428575 and parameters: {'D_b': 24, 'D_c': 43, 'C_a': 39, 'C_b': 79, 'd_threshold': 0.2946750996414744, 'c_threshold': 0.5684966871987582}. Best is trial 75 with value: 2.7854285714285716.[0m
Best trial: 75. Best value: 2.78543: 100%|██████████| 300/300 [2:07:46<00:00, 25.55s/it]
[32m[I 2026-03-05 18:56:16,301][0m Trial 299 finished with value: 2.6740000000000004 and parameters: {'D_b': 22, 'D_c': 33, 'C_a': 45, 'C_b': 75, 'd_threshold': 0.10002744453768452, 'c_threshold': 0.6057925646953585}. Best is trial 75 with value: 2.7854285714285716.[0m

=== OPTIMIZATION COMPLETE ===
Best score:  2.7854
Best params: {'D_b': 26, 'D_c': 28, 'C_a': 41, 'C_b': 66, 'd_threshold': 0.326854282048886, 'c_threshold': 0.5201250422764233}

=== PARAMETER IMPORTANCE ===
  d_threshold: 0.4377
  D_b: 0.3931
  c_threshold: 0.1207
  C_a: 0.0485