Best trial: 211. Best value: 2.70557:  89%|████████▊ | 266/300 [2:05:31<15:24, 27.19s/it][32m[I 2026-03-03 14:47:04,751][0m Trial 265 finished with value: 2.6792857142857143 and parameters: {'coop_low_a': 35, 'coop_low_b': 39, 'coop_low_c': 44, 'coop_med_a': 35, 'coop_med_b': 36, 'coop_med_c': 73, 'coop_high_a': 60, 'coop_high_b': 92, 'coop_high_c': 93, 'adap_no_a': 35, 'adap_no_b': 39, 'adap_no_c': 40, 'adap_yes_a': 67, 'adap_yes_b': 68, 'adap_yes_c': 73, 'forg_sigma': 19.264726393348226, 'forg_med_a': 15, 'forg_med_b': 16, 'forg_med_c': 48, 'forg_high_a': 96, 'forg_high_b': 97, 'forg_high_c': 98, 'stoch_none_a': 33, 'stoch_none_b': 43, 'stoch_none_c': 46, 'stoch_some_a': 34, 'stoch_some_b': 59, 'stoch_some_c': 69, 'stoch_alw_a': 82, 'stoch_alw_b': 89, 'stoch_alw_c': 92, 'D_a': 14, 'D_b': 20, 'D_c': 37, 'C_a': 88, 'C_b': 90, 'C_c': 91, 'd_threshold': 0.43534437216858923, 'c_threshold': 0.36204064708742684}. Best is trial 211 with value: 2.705571428571429.[0m
Best trial: 211. Best value: 2.70557:  89%|████████▉ | 267/300 [2:06:01<15:27, 28.11s/it][32m[I 2026-03-03 14:47:35,006][0m Trial 266 finished with value: 2.6673928571428567 and parameters: {'coop_low_a': 36, 'coop_low_b': 39, 'coop_low_c': 44, 'coop_med_a': 38, 'coop_med_b': 39, 'coop_med_c': 69, 'coop_high_a': 56, 'coop_high_b': 91, 'coop_high_c': 93, 'adap_no_a': 37, 'adap_no_b': 40, 'adap_no_c': 41, 'adap_yes_a': 65, 'adap_yes_b': 66, 'adap_yes_c': 80, 'forg_sigma': 19.959417261145965, 'forg_med_a': 14, 'forg_med_b': 17, 'forg_med_c': 46, 'forg_high_a': 97, 'forg_high_b': 97, 'forg_high_c': 97, 'stoch_none_a': 34, 'stoch_none_b': 42, 'stoch_none_c': 46, 'stoch_some_a': 28, 'stoch_some_b': 59, 'stoch_some_c': 69, 'stoch_alw_a': 81, 'stoch_alw_b': 88, 'stoch_alw_c': 93, 'D_a': 14, 'D_b': 19, 'D_c': 37, 'C_a': 91, 'C_b': 92, 'C_c': 95, 'd_threshold': 0.4003778205557501, 'c_threshold': 0.3341875712309391}. Best is trial 211 with value: 2.705571428571429.[0m
Best trial: 211. Best value: 2.70557:  89%|████████▉ | 268/300 [2:06:32<15:22, 28.83s/it][32m[I 2026-03-03 14:48:05,496][0m Trial 267 finished with value: 2.6835714285714283 and parameters: {'coop_low_a': 34, 'coop_low_b': 39, 'coop_low_c': 44, 'coop_med_a': 35, 'coop_med_b': 36, 'coop_med_c': 70, 'coop_high_a': 59, 'coop_high_b': 93, 'coop_high_c': 94, 'adap_no_a': 38, 'adap_no_b': 41, 'adap_no_c': 42, 'adap_yes_a': 66, 'adap_yes_b': 67, 'adap_yes_c': 78, 'forg_sigma': 18.888351230879547, 'forg_med_a': 47, 'forg_med_b': 51, 'forg_med_c': 52, 'forg_high_a': 96, 'forg_high_b': 97, 'forg_high_c': 97, 'stoch_none_a': 33, 'stoch_none_b': 43, 'stoch_none_c': 46, 'stoch_some_a': 30, 'stoch_some_b': 58, 'stoch_some_c': 70, 'stoch_alw_a': 83, 'stoch_alw_b': 89, 'stoch_alw_c': 94, 'D_a': 13, 'D_b': 22, 'D_c': 36, 'C_a': 88, 'C_b': 90, 'C_c': 90, 'd_threshold': 0.41201287827600763, 'c_threshold': 0.39453841730323097}. Best is trial 211 with value: 2.705571428571429.[0m
Best trial: 211. Best value: 2.70557:  90%|████████▉ | 269/300 [2:07:00<14:45, 28.55s/it][32m[I 2026-03-03 14:48:33,405][0m Trial 268 finished with value: 2.6758571428571427 and parameters: {'coop_low_a': 35, 'coop_low_b': 39, 'coop_low_c': 44, 'coop_med_a': 40, 'coop_med_b': 41, 'coop_med_c': 67, 'coop_high_a': 61, 'coop_high_b': 92, 'coop_high_c': 93, 'adap_no_a': 39, 'adap_no_b': 40, 'adap_no_c': 41, 'adap_yes_a': 64, 'adap_yes_b': 65, 'adap_yes_c': 78, 'forg_sigma': 17.651733335945732, 'forg_med_a': 17, 'forg_med_b': 19, 'forg_med_c': 46, 'forg_high_a': 87, 'forg_high_b': 92, 'forg_high_c': 98, 'stoch_none_a': 35, 'stoch_none_b': 42, 'stoch_none_c': 46, 'stoch_some_a': 76, 'stoch_some_b': 77, 'stoch_some_c': 78, 'stoch_alw_a': 80, 'stoch_alw_b': 88, 'stoch_alw_c': 94, 'D_a': 13, 'D_b': 21, 'D_c': 35, 'C_a': 87, 'C_b': 88, 'C_c': 89, 'd_threshold': 0.4229578720473744, 'c_threshold': 0.3841851692467206}. Best is trial 211 with value: 2.705571428571429.[0m
Best trial: 211. Best value: 2.70557:  90%|█████████ | 270/300 [2:07:27<14:01, 28.07s/it][32m[I 2026-03-03 14:49:00,341][0m Trial 269 finished with value: 2.609857142857143 and parameters: {'coop_low_a': 19, 'coop_low_b': 37, 'coop_low_c': 45, 'coop_med_a': 36, 'coop_med_b': 37, 'coop_med_c': 71, 'coop_high_a': 65, 'coop_high_b': 91, 'coop_high_c': 93, 'adap_no_a': 37, 'adap_no_b': 39, 'adap_no_c': 40, 'adap_yes_a': 66, 'adap_yes_b': 92, 'adap_yes_c': 97, 'forg_sigma': 18.365289510995726, 'forg_med_a': 19, 'forg_med_b': 21, 'forg_med_c': 50, 'forg_high_a': 96, 'forg_high_b': 97, 'forg_high_c': 97, 'stoch_none_a': 31, 'stoch_none_b': 41, 'stoch_none_c': 45, 'stoch_some_a': 27, 'stoch_some_b': 75, 'stoch_some_c': 76, 'stoch_alw_a': 81, 'stoch_alw_b': 89, 'stoch_alw_c': 94, 'D_a': 22, 'D_b': 23, 'D_c': 35, 'C_a': 81, 'C_b': 89, 'C_c': 90, 'd_threshold': 0.6547086797069409, 'c_threshold': 0.35193166620737115}. Best is trial 211 with value: 2.705571428571429.[0m
Best trial: 211. Best value: 2.70557:  90%|█████████ | 271/300 [2:07:54<13:27, 27.86s/it][32m[I 2026-03-03 14:49:27,724][0m Trial 270 finished with value: 2.6813214285714286 and parameters: {'coop_low_a': 21, 'coop_low_b': 36, 'coop_low_c': 45, 'coop_med_a': 34, 'coop_med_b': 36, 'coop_med_c': 71, 'coop_high_a': 62, 'coop_high_b': 90, 'coop_high_c': 93, 'adap_no_a': 39, 'adap_no_b': 41, 'adap_no_c': 42, 'adap_yes_a': 58, 'adap_yes_b': 64, 'adap_yes_c': 94, 'forg_sigma': 20.496165607284674, 'forg_med_a': 14, 'forg_med_b': 16, 'forg_med_c': 50, 'forg_high_a': 96, 'forg_high_b': 97, 'forg_high_c': 97, 'stoch_none_a': 34, 'stoch_none_b': 43, 'stoch_none_c': 46, 'stoch_some_a': 42, 'stoch_some_b': 58, 'stoch_some_c': 74, 'stoch_alw_a': 80, 'stoch_alw_b': 88, 'stoch_alw_c': 93, 'D_a': 15, 'D_b': 20, 'D_c': 38, 'C_a': 93, 'C_b': 94, 'C_c': 95, 'd_threshold': 0.43636218324608905, 'c_threshold': 0.3536177354973709}. Best is trial 211 with value: 2.705571428571429.[0m
Best trial: 211. Best value: 2.70557:  91%|█████████ | 272/300 [2:08:22<13:05, 28.06s/it][32m[I 2026-03-03 14:49:56,253][0m Trial 271 finished with value: 2.572035714285714 and parameters: {'coop_low_a': 36, 'coop_low_b': 39, 'coop_low_c': 44, 'coop_med_a': 31, 'coop_med_b': 33, 'coop_med_c': 68, 'coop_high_a': 67, 'coop_high_b': 90, 'coop_high_c': 93, 'adap_no_a': 36, 'adap_no_b': 40, 'adap_no_c': 41, 'adap_yes_a': 63, 'adap_yes_b': 66, 'adap_yes_c': 79, 'forg_sigma': 19.5602909650246, 'forg_med_a': 56, 'forg_med_b': 70, 'forg_med_c': 72, 'forg_high_a': 95, 'forg_high_b': 97, 'forg_high_c': 97, 'stoch_none_a': 28, 'stoch_none_b': 36, 'stoch_none_c': 41, 'stoch_some_a': 71, 'stoch_some_b': 76, 'stoch_some_c': 77, 'stoch_alw_a': 79, 'stoch_alw_b': 88, 'stoch_alw_c': 93, 'D_a': 47, 'D_b': 48, 'D_c': 49, 'C_a': 80, 'C_b': 89, 'C_c': 91, 'd_threshold': 0.3897687972396252, 'c_threshold': 0.376511766638683}. Best is trial 211 with value: 2.705571428571429.[0m
Best trial: 211. Best value: 2.70557:  91%|█████████ | 273/300 [2:08:51<12:40, 28.17s/it][32m[I 2026-03-03 14:50:24,696][0m Trial 272 finished with value: 2.6772142857142858 and parameters: {'coop_low_a': 34, 'coop_low_b': 40, 'coop_low_c': 44, 'coop_med_a': 37, 'coop_med_b': 38, 'coop_med_c': 67, 'coop_high_a': 57, 'coop_high_b': 92, 'coop_high_c': 93, 'adap_no_a': 4, 'adap_no_b': 23, 'adap_no_c': 40, 'adap_yes_a': 65, 'adap_yes_b': 66, 'adap_yes_c': 77, 'forg_sigma': 17.15669481396569, 'forg_med_a': 13, 'forg_med_b': 15, 'forg_med_c': 48, 'forg_high_a': 88, 'forg_high_b': 95, 'forg_high_c': 96, 'stoch_none_a': 32, 'stoch_none_b': 44, 'stoch_none_c': 46, 'stoch_some_a': 46, 'stoch_some_b': 57, 'stoch_some_c': 70, 'stoch_alw_a': 78, 'stoch_alw_b': 87, 'stoch_alw_c': 92, 'D_a': 27, 'D_b': 28, 'D_c': 29, 'C_a': 86, 'C_b': 88, 'C_c': 89, 'd_threshold': 0.4279618670868786, 'c_threshold': 0.33275998455230504}. Best is trial 211 with value: 2.705571428571429.[0m
Best trial: 211. Best value: 2.70557:  91%|█████████▏| 274/300 [2:09:19<12:07, 28.00s/it][32m[I 2026-03-03 14:50:52,282][0m Trial 273 finished with value: 2.653785714285714 and parameters: {'coop_low_a': 35, 'coop_low_b': 40, 'coop_low_c': 44, 'coop_med_a': 39, 'coop_med_b': 41, 'coop_med_c': 69, 'coop_high_a': 63, 'coop_high_b': 89, 'coop_high_c': 93, 'adap_no_a': 33, 'adap_no_b': 39, 'adap_no_c': 40, 'adap_yes_a': 69, 'adap_yes_b': 85, 'adap_yes_c': 98, 'forg_sigma': 18.73564068797403, 'forg_med_a': 50, 'forg_med_b': 66, 'forg_med_c': 67, 'forg_high_a': 86, 'forg_high_b': 95, 'forg_high_c': 97, 'stoch_none_a': 37, 'stoch_none_b': 43, 'stoch_none_c': 46, 'stoch_some_a': 22, 'stoch_some_b': 60, 'stoch_some_c': 70, 'stoch_alw_a': 83, 'stoch_alw_b': 89, 'stoch_alw_c': 94, 'D_a': 16, 'D_b': 18, 'D_c': 40, 'C_a': 82, 'C_b': 84, 'C_c': 85, 'd_threshold': 0.40409401041634546, 'c_threshold': 0.6613838473309952}. Best is trial 211 with value: 2.705571428571429.[0m
Best trial: 211. Best value: 2.70557:  92%|█████████▏| 275/300 [2:09:46<11:37, 27.91s/it][32m[I 2026-03-03 14:51:19,989][0m Trial 274 finished with value: 2.6488571428571426 and parameters: {'coop_low_a': 37, 'coop_low_b': 39, 'coop_low_c': 44, 'coop_med_a': 32, 'coop_med_b': 53, 'coop_med_c': 68, 'coop_high_a': 61, 'coop_high_b': 92, 'coop_high_c': 93, 'adap_no_a': 39, 'adap_no_b': 40, 'adap_no_c': 41, 'adap_yes_a': 57, 'adap_yes_b': 65, 'adap_yes_c': 82, 'forg_sigma': 20.34507524437263, 'forg_med_a': 71, 'forg_med_b': 83, 'forg_med_c': 87, 'forg_high_a': 97, 'forg_high_b': 98, 'forg_high_c': 99, 'stoch_none_a': 35, 'stoch_none_b': 42, 'stoch_none_c': 46, 'stoch_some_a': 47, 'stoch_some_b': 63, 'stoch_some_c': 69, 'stoch_alw_a': 79, 'stoch_alw_b': 88, 'stoch_alw_c': 94, 'D_a': 8, 'D_b': 18, 'D_c': 26, 'C_a': 87, 'C_b': 88, 'C_c': 89, 'd_threshold': 0.4438744650232314, 'c_threshold': 0.36491413041756016}. Best is trial 211 with value: 2.705571428571429.[0m
Best trial: 211. Best value: 2.70557:  92%|█████████▏| 276/300 [2:10:13<11:00, 27.52s/it][32m[I 2026-03-03 14:51:46,591][0m Trial 275 finished with value: 2.601107142857143 and parameters: {'coop_low_a': 34, 'coop_low_b': 39, 'coop_low_c': 44, 'coop_med_a': 36, 'coop_med_b': 37, 'coop_med_c': 60, 'coop_high_a': 65, 'coop_high_b': 89, 'coop_high_c': 94, 'adap_no_a': 38, 'adap_no_b': 41, 'adap_no_c': 42, 'adap_yes_a': 86, 'adap_yes_b': 93, 'adap_yes_c': 96, 'forg_sigma': 16.275787422837656, 'forg_med_a': 16, 'forg_med_b': 18, 'forg_med_c': 45, 'forg_high_a': 72, 'forg_high_b': 83, 'forg_high_c': 93, 'stoch_none_a': 32, 'stoch_none_b': 41, 'stoch_none_c': 47, 'stoch_some_a': 45, 'stoch_some_b': 63, 'stoch_some_c': 73, 'stoch_alw_a': 78, 'stoch_alw_b': 89, 'stoch_alw_c': 94, 'D_a': 9, 'D_b': 35, 'D_c': 36, 'C_a': 82, 'C_b': 84, 'C_c': 91, 'd_threshold': 0.6627922299044173, 'c_threshold': 0.39238797420880817}. Best is trial 211 with value: 2.705571428571429.[0m
Best trial: 211. Best value: 2.70557:  92%|█████████▏| 277/300 [2:10:42<10:42, 27.92s/it][32m[I 2026-03-03 14:52:15,441][0m Trial 276 finished with value: 2.522785714285714 and parameters: {'coop_low_a': 28, 'coop_low_b': 38, 'coop_low_c': 42, 'coop_med_a': 34, 'coop_med_b': 51, 'coop_med_c': 74, 'coop_high_a': 62, 'coop_high_b': 90, 'coop_high_c': 93, 'adap_no_a': 40, 'adap_no_b': 41, 'adap_no_c': 42, 'adap_yes_a': 63, 'adap_yes_b': 67, 'adap_yes_c': 95, 'forg_sigma': 19.627508978322062, 'forg_med_a': 61, 'forg_med_b': 63, 'forg_med_c': 64, 'forg_high_a': 80, 'forg_high_b': 95, 'forg_high_c': 97, 'stoch_none_a': 33, 'stoch_none_b': 42, 'stoch_none_c': 45, 'stoch_some_a': 47, 'stoch_some_b': 58, 'stoch_some_c': 70, 'stoch_alw_a': 81, 'stoch_alw_b': 89, 'stoch_alw_c': 94, 'D_a': 12, 'D_b': 24, 'D_c': 35, 'C_a': 96, 'C_b': 96, 'C_c': 97, 'd_threshold': 0.4516728608697101, 'c_threshold': 0.37184685818418783}. Best is trial 211 with value: 2.705571428571429.[0m
Best trial: 211. Best value: 2.70557:  93%|█████████▎| 278/300 [2:11:09<10:12, 27.85s/it][32m[I 2026-03-03 14:52:43,135][0m Trial 277 finished with value: 2.6513928571428567 and parameters: {'coop_low_a': 36, 'coop_low_b': 39, 'coop_low_c': 44, 'coop_med_a': 35, 'coop_med_b': 50, 'coop_med_c': 63, 'coop_high_a': 78, 'coop_high_b': 88, 'coop_high_c': 94, 'adap_no_a': 36, 'adap_no_b': 39, 'adap_no_c': 41, 'adap_yes_a': 59, 'adap_yes_b': 64, 'adap_yes_c': 80, 'forg_sigma': 18.362656985404914, 'forg_med_a': 14, 'forg_med_b': 16, 'forg_med_c': 82, 'forg_high_a': 95, 'forg_high_b': 96, 'forg_high_c': 97, 'stoch_none_a': 30, 'stoch_none_b': 43, 'stoch_none_c': 46, 'stoch_some_a': 48, 'stoch_some_b': 64, 'stoch_some_c': 74, 'stoch_alw_a': 79, 'stoch_alw_b': 81, 'stoch_alw_c': 95, 'D_a': 18, 'D_b': 22, 'D_c': 34, 'C_a': 25, 'C_b': 72, 'C_c': 76, 'd_threshold': 0.3778812641060605, 'c_threshold': 0.34140211641751117}. Best is trial 211 with value: 2.705571428571429.[0m
Best trial: 211. Best value: 2.70557:  93%|█████████▎| 279/300 [2:11:37<09:45, 27.90s/it][32m[I 2026-03-03 14:53:11,138][0m Trial 278 finished with value: 2.6575357142857143 and parameters: {'coop_low_a': 33, 'coop_low_b': 40, 'coop_low_c': 46, 'coop_med_a': 37, 'coop_med_b': 38, 'coop_med_c': 69, 'coop_high_a': 54, 'coop_high_b': 91, 'coop_high_c': 92, 'adap_no_a': 38, 'adap_no_b': 40, 'adap_no_c': 42, 'adap_yes_a': 63, 'adap_yes_b': 65, 'adap_yes_c': 79, 'forg_sigma': 17.87595931519629, 'forg_med_a': 13, 'forg_med_b': 15, 'forg_med_c': 51, 'forg_high_a': 96, 'forg_high_b': 97, 'forg_high_c': 97, 'stoch_none_a': 35, 'stoch_none_b': 42, 'stoch_none_c': 46, 'stoch_some_a': 44, 'stoch_some_b': 63, 'stoch_some_c': 71, 'stoch_alw_a': 77, 'stoch_alw_b': 90, 'stoch_alw_c': 94, 'D_a': 6, 'D_b': 13, 'D_c': 24, 'C_a': 78, 'C_b': 83, 'C_c': 85, 'd_threshold': 0.6372245491676217, 'c_threshold': 0.6413618224120516}. Best is trial 211 with value: 2.705571428571429.[0m
Best trial: 211. Best value: 2.70557:  93%|█████████▎| 280/300 [2:12:05<09:16, 27.81s/it][32m[I 2026-03-03 14:53:38,743][0m Trial 279 finished with value: 2.6832857142857143 and parameters: {'coop_low_a': 35, 'coop_low_b': 39, 'coop_low_c': 45, 'coop_med_a': 38, 'coop_med_b': 39, 'coop_med_c': 72, 'coop_high_a': 60, 'coop_high_b': 78, 'coop_high_c': 95, 'adap_no_a': 40, 'adap_no_b': 41, 'adap_no_c': 42, 'adap_yes_a': 67, 'adap_yes_b': 68, 'adap_yes_c': 79, 'forg_sigma': 20.687970051811835, 'forg_med_a': 15, 'forg_med_b': 17, 'forg_med_c': 49, 'forg_high_a': 95, 'forg_high_b': 96, 'forg_high_c': 97, 'stoch_none_a': 34, 'stoch_none_b': 41, 'stoch_none_c': 45, 'stoch_some_a': 45, 'stoch_some_b': 59, 'stoch_some_c': 69, 'stoch_alw_a': 80, 'stoch_alw_b': 89, 'stoch_alw_c': 94, 'D_a': 8, 'D_b': 15, 'D_c': 25, 'C_a': 84, 'C_b': 91, 'C_c': 92, 'd_threshold': 0.39411499248904, 'c_threshold': 0.38623433959696596}. Best is trial 211 with value: 2.705571428571429.[0m
Best trial: 211. Best value: 2.70557:  94%|█████████▎| 281/300 [2:12:33<08:46, 27.73s/it][32m[I 2026-03-03 14:54:06,275][0m Trial 280 finished with value: 2.668392857142857 and parameters: {'coop_low_a': 22, 'coop_low_b': 38, 'coop_low_c': 45, 'coop_med_a': 33, 'coop_med_b': 35, 'coop_med_c': 72, 'coop_high_a': 63, 'coop_high_b': 87, 'coop_high_c': 90, 'adap_no_a': 37, 'adap_no_b': 41, 'adap_no_c': 42, 'adap_yes_a': 61, 'adap_yes_b': 64, 'adap_yes_c': 98, 'forg_sigma': 32.08529137179144, 'forg_med_a': 85, 'forg_med_b': 86, 'forg_med_c': 87, 'forg_high_a': 87, 'forg_high_b': 92, 'forg_high_c': 96, 'stoch_none_a': 31, 'stoch_none_b': 44, 'stoch_none_c': 46, 'stoch_some_a': 74, 'stoch_some_b': 78, 'stoch_some_c': 80, 'stoch_alw_a': 78, 'stoch_alw_b': 87, 'stoch_alw_c': 97, 'D_a': 41, 'D_b': 43, 'D_c': 44, 'C_a': 89, 'C_b': 90, 'C_c': 90, 'd_threshold': 0.4236672453632679, 'c_threshold': 0.36016322921273947}. Best is trial 211 with value: 2.705571428571429.[0m
Best trial: 211. Best value: 2.70557:  94%|█████████▍| 282/300 [2:13:01<08:20, 27.82s/it][32m[I 2026-03-03 14:54:34,321][0m Trial 281 finished with value: 2.6355 and parameters: {'coop_low_a': 34, 'coop_low_b': 40, 'coop_low_c': 44, 'coop_med_a': 36, 'coop_med_b': 38, 'coop_med_c': 72, 'coop_high_a': 64, 'coop_high_b': 93, 'coop_high_c': 94, 'adap_no_a': 42, 'adap_no_b': 43, 'adap_no_c': 44, 'adap_yes_a': 64, 'adap_yes_b': 65, 'adap_yes_c': 77, 'forg_sigma': 19.15169594444367, 'forg_med_a': 53, 'forg_med_b': 65, 'forg_med_c': 66, 'forg_high_a': 97, 'forg_high_b': 97, 'forg_high_c': 98, 'stoch_none_a': 38, 'stoch_none_b': 42, 'stoch_none_c': 46, 'stoch_some_a': 46, 'stoch_some_b': 62, 'stoch_some_c': 73, 'stoch_alw_a': 77, 'stoch_alw_b': 88, 'stoch_alw_c': 98, 'D_a': 13, 'D_b': 21, 'D_c': 37, 'C_a': 51, 'C_b': 61, 'C_c': 78, 'd_threshold': 0.4615321763411376, 'c_threshold': 0.42721455346918913}. Best is trial 211 with value: 2.705571428571429.[0m
Best trial: 282. Best value: 2.70757:  94%|█████████▍| 283/300 [2:13:28<07:51, 27.74s/it][32m[I 2026-03-03 14:55:01,847][0m Trial 282 finished with value: 2.7075714285714283 and parameters: {'coop_low_a': 20, 'coop_low_b': 37, 'coop_low_c': 43, 'coop_med_a': 19, 'coop_med_b': 30, 'coop_med_c': 66, 'coop_high_a': 59, 'coop_high_b': 89, 'coop_high_c': 93, 'adap_no_a': 39, 'adap_no_b': 40, 'adap_no_c': 41, 'adap_yes_a': 60, 'adap_yes_b': 63, 'adap_yes_c': 95, 'forg_sigma': 19.83603267499644, 'forg_med_a': 12, 'forg_med_b': 68, 'forg_med_c': 72, 'forg_high_a': 94, 'forg_high_b': 96, 'forg_high_c': 97, 'stoch_none_a': 29, 'stoch_none_b': 45, 'stoch_none_c': 46, 'stoch_some_a': 48, 'stoch_some_b': 65, 'stoch_some_c': 71, 'stoch_alw_a': 78, 'stoch_alw_b': 90, 'stoch_alw_c': 94, 'D_a': 5, 'D_b': 17, 'D_c': 21, 'C_a': 77, 'C_b': 88, 'C_c': 89, 'd_threshold': 0.38431685947242866, 'c_threshold': 0.786911152324392}. Best is trial 282 with value: 2.7075714285714283.[0m
Best trial: 282. Best value: 2.70757:  95%|█████████▍| 284/300 [2:13:56<07:23, 27.73s/it][32m[I 2026-03-03 14:55:29,578][0m Trial 283 finished with value: 2.6699999999999995 and parameters: {'coop_low_a': 20, 'coop_low_b': 37, 'coop_low_c': 43, 'coop_med_a': 41, 'coop_med_b': 42, 'coop_med_c': 68, 'coop_high_a': 59, 'coop_high_b': 91, 'coop_high_c': 93, 'adap_no_a': 38, 'adap_no_b': 40, 'adap_no_c': 41, 'adap_yes_a': 60, 'adap_yes_b': 63, 'adap_yes_c': 69, 'forg_sigma': 17.304141298140387, 'forg_med_a': 10, 'forg_med_b': 68, 'forg_med_c': 72, 'forg_high_a': 94, 'forg_high_b': 96, 'forg_high_c': 97, 'stoch_none_a': 29, 'stoch_none_b': 45, 'stoch_none_c': 46, 'stoch_some_a': 48, 'stoch_some_b': 65, 'stoch_some_c': 71, 'stoch_alw_a': 80, 'stoch_alw_b': 89, 'stoch_alw_c': 94, 'D_a': 5, 'D_b': 16, 'D_c': 19, 'C_a': 78, 'C_b': 89, 'C_c': 90, 'd_threshold': 0.4155598813138185, 'c_threshold': 0.7757578053917287}. Best is trial 282 with value: 2.7075714285714283.[0m
Best trial: 282. Best value: 2.70757:  95%|█████████▌| 285/300 [2:14:23<06:53, 27.56s/it][32m[I 2026-03-03 14:55:56,722][0m Trial 284 finished with value: 2.5958214285714285 and parameters: {'coop_low_a': 21, 'coop_low_b': 36, 'coop_low_c': 43, 'coop_med_a': 20, 'coop_med_b': 27, 'coop_med_c': 33, 'coop_high_a': 58, 'coop_high_b': 90, 'coop_high_c': 93, 'adap_no_a': 39, 'adap_no_b': 40, 'adap_no_c': 41, 'adap_yes_a': 56, 'adap_yes_b': 63, 'adap_yes_c': 95, 'forg_sigma': 18.841108503948163, 'forg_med_a': 12, 'forg_med_b': 71, 'forg_med_c': 72, 'forg_high_a': 92, 'forg_high_b': 94, 'forg_high_c': 96, 'stoch_none_a': 28, 'stoch_none_b': 45, 'stoch_none_c': 46, 'stoch_some_a': 38, 'stoch_some_b': 56, 'stoch_some_c': 72, 'stoch_alw_a': 82, 'stoch_alw_b': 90, 'stoch_alw_c': 94, 'D_a': 5, 'D_b': 17, 'D_c': 22, 'C_a': 62, 'C_b': 75, 'C_c': 87, 'd_threshold': 0.40470020021096864, 'c_threshold': 0.7898142467881456}. Best is trial 282 with value: 2.7075714285714283.[0m
Best trial: 282. Best value: 2.70757:  95%|█████████▌| 286/300 [2:14:51<06:26, 27.57s/it][32m[I 2026-03-03 14:56:24,342][0m Trial 285 finished with value: 2.6661785714285715 and parameters: {'coop_low_a': 20, 'coop_low_b': 37, 'coop_low_c': 43, 'coop_med_a': 19, 'coop_med_b': 33, 'coop_med_c': 66, 'coop_high_a': 57, 'coop_high_b': 90, 'coop_high_c': 93, 'adap_no_a': 35, 'adap_no_b': 39, 'adap_no_c': 40, 'adap_yes_a': 58, 'adap_yes_b': 64, 'adap_yes_c': 94, 'forg_sigma': 19.814453244005442, 'forg_med_a': 12, 'forg_med_b': 68, 'forg_med_c': 79, 'forg_high_a': 75, 'forg_high_b': 88, 'forg_high_c': 98, 'stoch_none_a': 29, 'stoch_none_b': 45, 'stoch_none_c': 46, 'stoch_some_a': 49, 'stoch_some_b': 65, 'stoch_some_c': 73, 'stoch_alw_a': 79, 'stoch_alw_b': 93, 'stoch_alw_c': 96, 'D_a': 7, 'D_b': 19, 'D_c': 20, 'C_a': 79, 'C_b': 88, 'C_c': 89, 'd_threshold': 0.43450825877474775, 'c_threshold': 0.7828313727874756}. Best is trial 282 with value: 2.7075714285714283.[0m
Best trial: 282. Best value: 2.70757:  96%|█████████▌| 287/300 [2:15:18<05:58, 27.55s/it][32m[I 2026-03-03 14:56:51,839][0m Trial 286 finished with value: 2.6746428571428575 and parameters: {'coop_low_a': 18, 'coop_low_b': 38, 'coop_low_c': 46, 'coop_med_a': 39, 'coop_med_b': 40, 'coop_med_c': 67, 'coop_high_a': 59, 'coop_high_b': 77, 'coop_high_c': 91, 'adap_no_a': 42, 'adap_no_b': 43, 'adap_no_c': 44, 'adap_yes_a': 60, 'adap_yes_b': 62, 'adap_yes_c': 95, 'forg_sigma': 18.393759407598807, 'forg_med_a': 10, 'forg_med_b': 67, 'forg_med_c': 74, 'forg_high_a': 94, 'forg_high_b': 96, 'forg_high_c': 97, 'stoch_none_a': 30, 'stoch_none_b': 44, 'stoch_none_c': 46, 'stoch_some_a': 42, 'stoch_some_b': 61, 'stoch_some_c': 74, 'stoch_alw_a': 78, 'stoch_alw_b': 88, 'stoch_alw_c': 93, 'D_a': 6, 'D_b': 17, 'D_c': 38, 'C_a': 77, 'C_b': 78, 'C_c': 86, 'd_threshold': 0.39443208506880845, 'c_threshold': 0.763975462374688}. Best is trial 282 with value: 2.7075714285714283.[0m
