Best trial: 282. Best value: 2.70757:  96%|█████████▌| 288/300 [2:15:46<05:31, 27.65s/it][32m[I 2026-03-03 14:57:19,726][0m Trial 287 finished with value: 2.527392857142857 and parameters: {'coop_low_a': 38, 'coop_low_b': 39, 'coop_low_c': 46, 'coop_med_a': 18, 'coop_med_b': 30, 'coop_med_c': 71, 'coop_high_a': 58, 'coop_high_b': 89, 'coop_high_c': 93, 'adap_no_a': 37, 'adap_no_b': 40, 'adap_no_c': 41, 'adap_yes_a': 58, 'adap_yes_b': 73, 'adap_yes_c': 98, 'forg_sigma': 19.294502152902112, 'forg_med_a': 12, 'forg_med_b': 14, 'forg_med_c': 85, 'forg_high_a': 86, 'forg_high_b': 95, 'forg_high_c': 97, 'stoch_none_a': 17, 'stoch_none_b': 44, 'stoch_none_c': 46, 'stoch_some_a': 47, 'stoch_some_b': 64, 'stoch_some_c': 70, 'stoch_alw_a': 80, 'stoch_alw_b': 89, 'stoch_alw_c': 94, 'D_a': 15, 'D_b': 25, 'D_c': 27, 'C_a': 30, 'C_b': 32, 'C_c': 35, 'd_threshold': 0.3840574540037037, 'c_threshold': 0.7930590852089485}. Best is trial 282 with value: 2.7075714285714283.[0m
Best trial: 282. Best value: 2.70757:  96%|█████████▋| 289/300 [2:16:14<05:05, 27.76s/it][32m[I 2026-03-03 14:57:47,745][0m Trial 288 finished with value: 2.65125 and parameters: {'coop_low_a': 19, 'coop_low_b': 37, 'coop_low_c': 43, 'coop_med_a': 16, 'coop_med_b': 32, 'coop_med_c': 66, 'coop_high_a': 56, 'coop_high_b': 91, 'coop_high_c': 93, 'adap_no_a': 40, 'adap_no_b': 41, 'adap_no_c': 42, 'adap_yes_a': 59, 'adap_yes_b': 66, 'adap_yes_c': 98, 'forg_sigma': 20.750899356752704, 'forg_med_a': 16, 'forg_med_b': 17, 'forg_med_c': 75, 'forg_high_a': 93, 'forg_high_b': 94, 'forg_high_c': 96, 'stoch_none_a': 27, 'stoch_none_b': 45, 'stoch_none_c': 46, 'stoch_some_a': 48, 'stoch_some_b': 63, 'stoch_some_c': 72, 'stoch_alw_a': 81, 'stoch_alw_b': 90, 'stoch_alw_c': 94, 'D_a': 4, 'D_b': 19, 'D_c': 35, 'C_a': 86, 'C_b': 88, 'C_c': 89, 'd_threshold': 0.6122439170933744, 'c_threshold': 0.6719754344178689}. Best is trial 282 with value: 2.7075714285714283.[0m
Best trial: 282. Best value: 2.70757:  97%|█████████▋| 290/300 [2:16:40<04:33, 27.39s/it][32m[I 2026-03-03 14:58:14,262][0m Trial 289 finished with value: 2.6107857142857145 and parameters: {'coop_low_a': 24, 'coop_low_b': 37, 'coop_low_c': 42, 'coop_med_a': 20, 'coop_med_b': 28, 'coop_med_c': 39, 'coop_high_a': 60, 'coop_high_b': 89, 'coop_high_c': 94, 'adap_no_a': 39, 'adap_no_b': 40, 'adap_no_c': 41, 'adap_yes_a': 66, 'adap_yes_b': 67, 'adap_yes_c': 81, 'forg_sigma': 12.014685081969029, 'forg_med_a': 51, 'forg_med_b': 70, 'forg_med_c': 71, 'forg_high_a': 96, 'forg_high_b': 97, 'forg_high_c': 97, 'stoch_none_a': 20, 'stoch_none_b': 47, 'stoch_none_c': 49, 'stoch_some_a': 44, 'stoch_some_b': 60, 'stoch_some_c': 70, 'stoch_alw_a': 85, 'stoch_alw_b': 92, 'stoch_alw_c': 94, 'D_a': 6, 'D_b': 18, 'D_c': 36, 'C_a': 77, 'C_b': 89, 'C_c': 90, 'd_threshold': 0.3346391167522291, 'c_threshold': 0.40953886633738235}. Best is trial 282 with value: 2.7075714285714283.[0m
Best trial: 282. Best value: 2.70757:  97%|█████████▋| 291/300 [2:17:07<04:05, 27.24s/it][32m[I 2026-03-03 14:58:41,162][0m Trial 290 finished with value: 2.591714285714285 and parameters: {'coop_low_a': 22, 'coop_low_b': 35, 'coop_low_c': 45, 'coop_med_a': 22, 'coop_med_b': 30, 'coop_med_c': 31, 'coop_high_a': 66, 'coop_high_b': 89, 'coop_high_c': 94, 'adap_no_a': 38, 'adap_no_b': 39, 'adap_no_c': 40, 'adap_yes_a': 57, 'adap_yes_b': 65, 'adap_yes_c': 98, 'forg_sigma': 17.76953869867775, 'forg_med_a': 13, 'forg_med_b': 14, 'forg_med_c': 76, 'forg_high_a': 88, 'forg_high_b': 92, 'forg_high_c': 96, 'stoch_none_a': 32, 'stoch_none_b': 48, 'stoch_none_c': 49, 'stoch_some_a': 69, 'stoch_some_b': 70, 'stoch_some_c': 71, 'stoch_alw_a': 76, 'stoch_alw_b': 87, 'stoch_alw_c': 95, 'D_a': 32, 'D_b': 36, 'D_c': 37, 'C_a': 81, 'C_b': 82, 'C_c': 91, 'd_threshold': 0.44599220418484453, 'c_threshold': 0.6518523787610645}. Best is trial 282 with value: 2.7075714285714283.[0m
Best trial: 282. Best value: 2.70757:  97%|█████████▋| 292/300 [2:17:33<03:34, 26.86s/it][32m[I 2026-03-03 14:59:07,150][0m Trial 291 finished with value: 2.623964285714286 and parameters: {'coop_low_a': 30, 'coop_low_b': 40, 'coop_low_c': 46, 'coop_med_a': 76, 'coop_med_b': 77, 'coop_med_c': 78, 'coop_high_a': 56, 'coop_high_b': 87, 'coop_high_c': 94, 'adap_no_a': 42, 'adap_no_b': 43, 'adap_no_c': 44, 'adap_yes_a': 64, 'adap_yes_b': 66, 'adap_yes_c': 95, 'forg_sigma': 16.668695535618102, 'forg_med_a': 11, 'forg_med_b': 13, 'forg_med_c': 50, 'forg_high_a': 84, 'forg_high_b': 95, 'forg_high_c': 97, 'stoch_none_a': 31, 'stoch_none_b': 43, 'stoch_none_c': 46, 'stoch_some_a': 46, 'stoch_some_b': 62, 'stoch_some_c': 74, 'stoch_alw_a': 78, 'stoch_alw_b': 91, 'stoch_alw_c': 94, 'D_a': 8, 'D_b': 23, 'D_c': 26, 'C_a': 64, 'C_b': 77, 'C_c': 80, 'd_threshold': 0.5414401903025536, 'c_threshold': 0.6023207134810121}. Best is trial 282 with value: 2.7075714285714283.[0m
Best trial: 282. Best value: 2.70757:  98%|█████████▊| 293/300 [2:18:00<03:07, 26.82s/it][32m[I 2026-03-03 14:59:33,844][0m Trial 292 finished with value: 2.6092857142857144 and parameters: {'coop_low_a': 37, 'coop_low_b': 39, 'coop_low_c': 44, 'coop_med_a': 35, 'coop_med_b': 52, 'coop_med_c': 68, 'coop_high_a': 61, 'coop_high_b': 94, 'coop_high_c': 94, 'adap_no_a': 36, 'adap_no_b': 42, 'adap_no_c': 43, 'adap_yes_a': 61, 'adap_yes_b': 63, 'adap_yes_c': 81, 'forg_sigma': 20.080156016186066, 'forg_med_a': 18, 'forg_med_b': 20, 'forg_med_c': 76, 'forg_high_a': 93, 'forg_high_b': 96, 'forg_high_c': 97, 'stoch_none_a': 33, 'stoch_none_b': 43, 'stoch_none_c': 46, 'stoch_some_a': 45, 'stoch_some_b': 64, 'stoch_some_c': 69, 'stoch_alw_a': 79, 'stoch_alw_b': 88, 'stoch_alw_c': 93, 'D_a': 14, 'D_b': 38, 'D_c': 39, 'C_a': 61, 'C_b': 74, 'C_c': 86, 'd_threshold': 0.6441220567392147, 'c_threshold': 0.6233935100529817}. Best is trial 282 with value: 2.7075714285714283.[0m
Best trial: 282. Best value: 2.70757:  98%|█████████▊| 294/300 [2:18:28<02:43, 27.19s/it][32m[I 2026-03-03 15:00:01,928][0m Trial 293 finished with value: 2.6546071428571425 and parameters: {'coop_low_a': 17, 'coop_low_b': 35, 'coop_low_c': 45, 'coop_med_a': 45, 'coop_med_b': 46, 'coop_med_c': 62, 'coop_high_a': 60, 'coop_high_b': 79, 'coop_high_c': 91, 'adap_no_a': 41, 'adap_no_b': 42, 'adap_no_c': 43, 'adap_yes_a': 77, 'adap_yes_b': 97, 'adap_yes_c': 99, 'forg_sigma': 18.906490680322726, 'forg_med_a': 58, 'forg_med_b': 61, 'forg_med_c': 62, 'forg_high_a': 89, 'forg_high_b': 92, 'forg_high_c': 94, 'stoch_none_a': 30, 'stoch_none_b': 44, 'stoch_none_c': 46, 'stoch_some_a': 49, 'stoch_some_b': 65, 'stoch_some_c': 71, 'stoch_alw_a': 78, 'stoch_alw_b': 89, 'stoch_alw_c': 95, 'D_a': 4, 'D_b': 24, 'D_c': 27, 'C_a': 76, 'C_b': 77, 'C_c': 88, 'd_threshold': 0.3555447973382783, 'c_threshold': 0.47361693123129556}. Best is trial 282 with value: 2.7075714285714283.[0m
Best trial: 282. Best value: 2.70757:  98%|█████████▊| 295/300 [2:18:56<02:16, 27.34s/it][32m[I 2026-03-03 15:00:29,613][0m Trial 294 finished with value: 2.6647857142857143 and parameters: {'coop_low_a': 32, 'coop_low_b': 40, 'coop_low_c': 46, 'coop_med_a': 42, 'coop_med_b': 43, 'coop_med_c': 61, 'coop_high_a': 58, 'coop_high_b': 90, 'coop_high_c': 93, 'adap_no_a': 43, 'adap_no_b': 44, 'adap_no_c': 44, 'adap_yes_a': 90, 'adap_yes_b': 93, 'adap_yes_c': 96, 'forg_sigma': 11.252197831533701, 'forg_med_a': 10, 'forg_med_b': 10, 'forg_med_c': 81, 'forg_high_a': 94, 'forg_high_b': 96, 'forg_high_c': 97, 'stoch_none_a': 29, 'stoch_none_b': 45, 'stoch_none_c': 46, 'stoch_some_a': 47, 'stoch_some_b': 59, 'stoch_some_c': 68, 'stoch_alw_a': 76, 'stoch_alw_b': 88, 'stoch_alw_c': 93, 'D_a': 7, 'D_b': 34, 'D_c': 35, 'C_a': 75, 'C_b': 76, 'C_c': 86, 'd_threshold': 0.3852218910950166, 'c_threshold': 0.7860229673915737}. Best is trial 282 with value: 2.7075714285714283.[0m
Best trial: 282. Best value: 2.70757:  99%|█████████▊| 296/300 [2:19:24<01:50, 27.59s/it][32m[I 2026-03-03 15:00:57,796][0m Trial 295 finished with value: 2.666107142857143 and parameters: {'coop_low_a': 36, 'coop_low_b': 45, 'coop_low_c': 46, 'coop_med_a': 31, 'coop_med_b': 54, 'coop_med_c': 62, 'coop_high_a': 59, 'coop_high_b': 88, 'coop_high_c': 93, 'adap_no_a': 40, 'adap_no_b': 41, 'adap_no_c': 42, 'adap_yes_a': 60, 'adap_yes_b': 64, 'adap_yes_c': 98, 'forg_sigma': 18.157420679844158, 'forg_med_a': 15, 'forg_med_b': 16, 'forg_med_c': 52, 'forg_high_a': 95, 'forg_high_b': 96, 'forg_high_c': 97, 'stoch_none_a': 37, 'stoch_none_b': 43, 'stoch_none_c': 46, 'stoch_some_a': 73, 'stoch_some_b': 76, 'stoch_some_c': 79, 'stoch_alw_a': 79, 'stoch_alw_b': 89, 'stoch_alw_c': 96, 'D_a': 20, 'D_b': 21, 'D_c': 23, 'C_a': 67, 'C_b': 87, 'C_c': 89, 'd_threshold': 0.4542856470436706, 'c_threshold': 0.7715437103655182}. Best is trial 282 with value: 2.7075714285714283.[0m
Best trial: 282. Best value: 2.70757:  99%|█████████▉| 297/300 [2:19:52<01:22, 27.61s/it][32m[I 2026-03-03 15:01:25,450][0m Trial 296 finished with value: 2.6894285714285715 and parameters: {'coop_low_a': 23, 'coop_low_b': 38, 'coop_low_c': 43, 'coop_med_a': 15, 'coop_med_b': 30, 'coop_med_c': 66, 'coop_high_a': 65, 'coop_high_b': 83, 'coop_high_c': 90, 'adap_no_a': 39, 'adap_no_b': 40, 'adap_no_c': 41, 'adap_yes_a': 63, 'adap_yes_b': 65, 'adap_yes_c': 98, 'forg_sigma': 19.36112380238929, 'forg_med_a': 13, 'forg_med_b': 14, 'forg_med_c': 47, 'forg_high_a': 87, 'forg_high_b': 92, 'forg_high_c': 95, 'stoch_none_a': 26, 'stoch_none_b': 44, 'stoch_none_c': 46, 'stoch_some_a': 48, 'stoch_some_b': 63, 'stoch_some_c': 72, 'stoch_alw_a': 77, 'stoch_alw_b': 90, 'stoch_alw_c': 94, 'D_a': 5, 'D_b': 16, 'D_c': 34, 'C_a': 41, 'C_b': 65, 'C_c': 87, 'd_threshold': 0.41177557831780554, 'c_threshold': 0.3213278212213801}. Best is trial 282 with value: 2.7075714285714283.[0m
Best trial: 282. Best value: 2.70757:  99%|█████████▉| 298/300 [2:20:20<00:55, 27.77s/it][32m[I 2026-03-03 15:01:53,577][0m Trial 297 finished with value: 2.665964285714286 and parameters: {'coop_low_a': 21, 'coop_low_b': 38, 'coop_low_c': 43, 'coop_med_a': 32, 'coop_med_b': 33, 'coop_med_c': 66, 'coop_high_a': 66, 'coop_high_b': 83, 'coop_high_c': 89, 'adap_no_a': 39, 'adap_no_b': 40, 'adap_no_c': 41, 'adap_yes_a': 83, 'adap_yes_b': 88, 'adap_yes_c': 91, 'forg_sigma': 19.703566937423442, 'forg_med_a': 74, 'forg_med_b': 76, 'forg_med_c': 77, 'forg_high_a': 86, 'forg_high_b': 92, 'forg_high_c': 95, 'stoch_none_a': 37, 'stoch_none_b': 44, 'stoch_none_c': 46, 'stoch_some_a': 43, 'stoch_some_b': 63, 'stoch_some_c': 71, 'stoch_alw_a': 77, 'stoch_alw_b': 83, 'stoch_alw_c': 88, 'D_a': 5, 'D_b': 15, 'D_c': 16, 'C_a': 27, 'C_b': 65, 'C_c': 87, 'd_threshold': 0.4182733869045062, 'c_threshold': 0.3303439385526704}. Best is trial 282 with value: 2.7075714285714283.[0m
Best trial: 282. Best value: 2.70757: 100%|█████████▉| 299/300 [2:20:48<00:27, 27.78s/it][32m[I 2026-03-03 15:02:21,402][0m Trial 298 finished with value: 2.6806785714285715 and parameters: {'coop_low_a': 23, 'coop_low_b': 38, 'coop_low_c': 43, 'coop_med_a': 18, 'coop_med_b': 30, 'coop_med_c': 65, 'coop_high_a': 65, 'coop_high_b': 81, 'coop_high_c': 95, 'adap_no_a': 37, 'adap_no_b': 39, 'adap_no_c': 40, 'adap_yes_a': 65, 'adap_yes_b': 66, 'adap_yes_c': 95, 'forg_sigma': 21.05604253056892, 'forg_med_a': 14, 'forg_med_b': 15, 'forg_med_c': 44, 'forg_high_a': 87, 'forg_high_b': 92, 'forg_high_c': 95, 'stoch_none_a': 25, 'stoch_none_b': 44, 'stoch_none_c': 46, 'stoch_some_a': 75, 'stoch_some_b': 76, 'stoch_some_c': 77, 'stoch_alw_a': 76, 'stoch_alw_b': 91, 'stoch_alw_c': 94, 'D_a': 11, 'D_b': 16, 'D_c': 34, 'C_a': 34, 'C_b': 65, 'C_c': 77, 'd_threshold': 0.410335028777583, 'c_threshold': 0.34694932514643606}. Best is trial 282 with value: 2.7075714285714283.[0m
Best trial: 282. Best value: 2.70757: 100%|██████████| 300/300 [2:21:17<00:00, 28.26s/it]
[32m[I 2026-03-03 15:02:50,687][0m Trial 299 finished with value: 2.4959285714285713 and parameters: {'coop_low_a': 24, 'coop_low_b': 38, 'coop_low_c': 43, 'coop_med_a': 16, 'coop_med_b': 28, 'coop_med_c': 67, 'coop_high_a': 67, 'coop_high_b': 83, 'coop_high_c': 90, 'adap_no_a': 25, 'adap_no_b': 38, 'adap_no_c': 40, 'adap_yes_a': 63, 'adap_yes_b': 65, 'adap_yes_c': 86, 'forg_sigma': 19.178097776301797, 'forg_med_a': 55, 'forg_med_b': 72, 'forg_med_c': 80, 'forg_high_a': 87, 'forg_high_b': 92, 'forg_high_c': 96, 'stoch_none_a': 36, 'stoch_none_b': 43, 'stoch_none_c': 46, 'stoch_some_a': 49, 'stoch_some_b': 58, 'stoch_some_c': 72, 'stoch_alw_a': 77, 'stoch_alw_b': 90, 'stoch_alw_c': 94, 'D_a': 10, 'D_b': 14, 'D_c': 36, 'C_a': 45, 'C_b': 70, 'C_c': 87, 'd_threshold': 0.32142726693343326, 'c_threshold': 0.3175567598626865}. Best is trial 282 with value: 2.7075714285714283.[0m

=== OPTIMIZATION COMPLETE ===
Best score:  2.7076
Best params: {'coop_low_a': 20, 'coop_low_b': 37, 'coop_low_c': 43, 'coop_med_a': 19, 'coop_med_b': 30, 'coop_med_c': 66, 'coop_high_a': 59, 'coop_high_b': 89, 'coop_high_c': 93, 'adap_no_a': 39, 'adap_no_b': 40, 'adap_no_c': 41, 'adap_yes_a': 60, 'adap_yes_b': 63, 'adap_yes_c': 95, 'forg_sigma': 19.83603267499644, 'forg_med_a': 12, 'forg_med_b': 68, 'forg_med_c': 72, 'forg_high_a': 94, 'forg_high_b': 96, 'forg_high_c': 97, 'stoch_none_a': 29, 'stoch_none_b': 45, 'stoch_none_c': 46, 'stoch_some_a': 48, 'stoch_some_b': 65, 'stoch_some_c': 71, 'stoch_alw_a': 78, 'stoch_alw_b': 90, 'stoch_alw_c': 94, 'D_a': 5, 'D_b': 17, 'D_c': 21, 'C_a': 77, 'C_b': 88, 'C_c': 89, 'd_threshold': 0.38431685947242866, 'c_threshold': 0.786911152324392}

=== PARAMETER IMPORTANCE ===
  coop_high_a: 0.2051
  stoch_some_a: 0.1485
  forg_sigma: 0.1259
  c_threshold: 0.1177
  adap_yes_a: 0.0698
  adap_no_a: 0.0567
  coop_med_a: 0.0504
  stoch_none_a: 0.0432
  stoch_alw_a: 0.0393
  C_a: 0.0301
  coop_low_a: 0.0300
  forg_high_a: 0.0271
  forg_med_a: 0.0235
  d_threshold: 0.0198
  D_a: 0.0129