Best trial: 99. Best value: 2.76154:  83%|████████▎ | 250/300 [2:05:23<24:59, 29.99s/it][32m[I 2026-03-03 18:45:20,036][0m Trial 250 finished with value: 2.717071428571429 and parameters: {'coop_low_a': 47, 'coop_low_b': 48, 'coop_low_c': 49, 'coop_med_a': 26, 'coop_med_b': 35, 'coop_med_c': 37, 'coop_high_a': 76, 'coop_high_b': 83, 'coop_high_c': 84, 'adap_no_a': 28, 'adap_no_b': 43, 'adap_no_c': 56, 'adap_yes_a': 69, 'adap_yes_b': 79, 'adap_yes_c': 91, 'forg_sigma': 34.762106258676354, 'forg_med_a': 44, 'forg_med_b': 62, 'forg_med_c': 72, 'forg_high_a': 71, 'forg_high_b': 72, 'forg_high_c': 76, 'stoch_none_a': 9, 'stoch_none_b': 42, 'stoch_none_c': 43, 'stoch_some_a': 62, 'stoch_some_b': 63, 'stoch_some_c': 64, 'stoch_alw_a': 77, 'stoch_alw_b': 85, 'stoch_alw_c': 86, 'D_a': 49, 'D_b': 50, 'D_c': 60, 'C_a': 37, 'C_b': 78, 'C_c': 80, 'd_threshold': 0.2815728553917015, 'c_threshold': 0.32173828394598764}. Best is trial 99 with value: 2.7615357142857144.[0m
Best trial: 99. Best value: 2.76154:  84%|████████▎ | 251/300 [2:05:52<24:25, 29.91s/it][32m[I 2026-03-03 18:45:49,768][0m Trial 251 finished with value: 2.709428571428571 and parameters: {'coop_low_a': 45, 'coop_low_b': 46, 'coop_low_c': 48, 'coop_med_a': 22, 'coop_med_b': 39, 'coop_med_c': 43, 'coop_high_a': 78, 'coop_high_b': 83, 'coop_high_c': 84, 'adap_no_a': 58, 'adap_no_b': 58, 'adap_no_c': 59, 'adap_yes_a': 68, 'adap_yes_b': 83, 'adap_yes_c': 84, 'forg_sigma': 38.5559383031692, 'forg_med_a': 24, 'forg_med_b': 59, 'forg_med_c': 87, 'forg_high_a': 68, 'forg_high_b': 69, 'forg_high_c': 70, 'stoch_none_a': 36, 'stoch_none_b': 37, 'stoch_none_c': 43, 'stoch_some_a': 47, 'stoch_some_b': 49, 'stoch_some_c': 66, 'stoch_alw_a': 79, 'stoch_alw_b': 85, 'stoch_alw_c': 86, 'D_a': 47, 'D_b': 50, 'D_c': 60, 'C_a': 64, 'C_b': 74, 'C_c': 75, 'd_threshold': 0.29938285017043864, 'c_threshold': 0.3306599903450148}. Best is trial 99 with value: 2.7615357142857144.[0m
Best trial: 99. Best value: 2.76154:  84%|████████▍ | 252/300 [2:06:22<24:00, 30.00s/it][32m[I 2026-03-03 18:46:19,984][0m Trial 252 finished with value: 2.7126071428571428 and parameters: {'coop_low_a': 11, 'coop_low_b': 46, 'coop_low_c': 48, 'coop_med_a': 20, 'coop_med_b': 36, 'coop_med_c': 44, 'coop_high_a': 73, 'coop_high_b': 81, 'coop_high_c': 82, 'adap_no_a': 47, 'adap_no_b': 51, 'adap_no_c': 52, 'adap_yes_a': 70, 'adap_yes_b': 71, 'adap_yes_c': 91, 'forg_sigma': 36.23583984592144, 'forg_med_a': 14, 'forg_med_b': 64, 'forg_med_c': 77, 'forg_high_a': 60, 'forg_high_b': 60, 'forg_high_c': 67, 'stoch_none_a': 39, 'stoch_none_b': 40, 'stoch_none_c': 42, 'stoch_some_a': 60, 'stoch_some_b': 61, 'stoch_some_c': 62, 'stoch_alw_a': 76, 'stoch_alw_b': 87, 'stoch_alw_c': 88, 'D_a': 50, 'D_b': 52, 'D_c': 60, 'C_a': 40, 'C_b': 71, 'C_c': 72, 'd_threshold': 0.24663569953407785, 'c_threshold': 0.3416818503743639}. Best is trial 99 with value: 2.7615357142857144.[0m
Best trial: 99. Best value: 2.76154:  84%|████████▍ | 253/300 [2:06:52<23:25, 29.90s/it][32m[I 2026-03-03 18:46:49,640][0m Trial 253 finished with value: 2.7120714285714285 and parameters: {'coop_low_a': 46, 'coop_low_b': 47, 'coop_low_c': 48, 'coop_med_a': 30, 'coop_med_b': 32, 'coop_med_c': 46, 'coop_high_a': 74, 'coop_high_b': 85, 'coop_high_c': 86, 'adap_no_a': 43, 'adap_no_b': 50, 'adap_no_c': 51, 'adap_yes_a': 73, 'adap_yes_b': 81, 'adap_yes_c': 90, 'forg_sigma': 35.73127400162431, 'forg_med_a': 19, 'forg_med_b': 56, 'forg_med_c': 59, 'forg_high_a': 69, 'forg_high_b': 73, 'forg_high_c': 74, 'stoch_none_a': 40, 'stoch_none_b': 41, 'stoch_none_c': 42, 'stoch_some_a': 50, 'stoch_some_b': 53, 'stoch_some_c': 56, 'stoch_alw_a': 94, 'stoch_alw_b': 97, 'stoch_alw_c': 98, 'D_a': 45, 'D_b': 46, 'D_c': 59, 'C_a': 45, 'C_b': 76, 'C_c': 77, 'd_threshold': 0.27466754343374283, 'c_threshold': 0.3167184846904135}. Best is trial 99 with value: 2.7615357142857144.[0m
Best trial: 99. Best value: 2.76154:  85%|████████▍ | 254/300 [2:07:22<22:48, 29.76s/it][32m[I 2026-03-03 18:47:19,070][0m Trial 254 finished with value: 2.7235714285714283 and parameters: {'coop_low_a': 43, 'coop_low_b': 44, 'coop_low_c': 47, 'coop_med_a': 25, 'coop_med_b': 38, 'coop_med_c': 45, 'coop_high_a': 75, 'coop_high_b': 84, 'coop_high_c': 85, 'adap_no_a': 50, 'adap_no_b': 51, 'adap_no_c': 55, 'adap_yes_a': 72, 'adap_yes_b': 73, 'adap_yes_c': 86, 'forg_sigma': 37.41006521431711, 'forg_med_a': 16, 'forg_med_b': 66, 'forg_med_c': 68, 'forg_high_a': 70, 'forg_high_b': 71, 'forg_high_c': 72, 'stoch_none_a': 37, 'stoch_none_b': 38, 'stoch_none_c': 41, 'stoch_some_a': 52, 'stoch_some_b': 53, 'stoch_some_c': 63, 'stoch_alw_a': 58, 'stoch_alw_b': 88, 'stoch_alw_c': 89, 'D_a': 43, 'D_b': 49, 'D_c': 59, 'C_a': 56, 'C_b': 73, 'C_c': 81, 'd_threshold': 0.34216588763441574, 'c_threshold': 0.30532826441883026}. Best is trial 99 with value: 2.7615357142857144.[0m
Best trial: 99. Best value: 2.76154:  85%|████████▌ | 255/300 [2:07:56<23:26, 31.27s/it][32m[I 2026-03-03 18:47:53,854][0m Trial 255 finished with value: 2.699321428571429 and parameters: {'coop_low_a': 47, 'coop_low_b': 48, 'coop_low_c': 49, 'coop_med_a': 36, 'coop_med_b': 37, 'coop_med_c': 40, 'coop_high_a': 77, 'coop_high_b': 82, 'coop_high_c': 83, 'adap_no_a': 49, 'adap_no_b': 52, 'adap_no_c': 54, 'adap_yes_a': 71, 'adap_yes_b': 85, 'adap_yes_c': 87, 'forg_sigma': 37.52658790659229, 'forg_med_a': 58, 'forg_med_b': 79, 'forg_med_c': 80, 'forg_high_a': 62, 'forg_high_b': 65, 'forg_high_c': 66, 'stoch_none_a': 35, 'stoch_none_b': 36, 'stoch_none_c': 41, 'stoch_some_a': 61, 'stoch_some_b': 62, 'stoch_some_c': 63, 'stoch_alw_a': 78, 'stoch_alw_b': 86, 'stoch_alw_c': 87, 'D_a': 49, 'D_b': 50, 'D_c': 60, 'C_a': 90, 'C_b': 91, 'C_c': 92, 'd_threshold': 0.3107426852979434, 'c_threshold': 0.32643389483732876}. Best is trial 99 with value: 2.7615357142857144.[0m
Best trial: 99. Best value: 2.76154:  85%|████████▌ | 256/300 [2:08:27<22:46, 31.05s/it][32m[I 2026-03-03 18:48:24,390][0m Trial 256 finished with value: 2.7095357142857144 and parameters: {'coop_low_a': 44, 'coop_low_b': 47, 'coop_low_c': 48, 'coop_med_a': 24, 'coop_med_b': 35, 'coop_med_c': 49, 'coop_high_a': 78, 'coop_high_b': 83, 'coop_high_c': 84, 'adap_no_a': 45, 'adap_no_b': 48, 'adap_no_c': 56, 'adap_yes_a': 67, 'adap_yes_b': 80, 'adap_yes_c': 90, 'forg_sigma': 39.23662317644617, 'forg_med_a': 64, 'forg_med_b': 65, 'forg_med_c': 67, 'forg_high_a': 63, 'forg_high_b': 64, 'forg_high_c': 67, 'stoch_none_a': 38, 'stoch_none_b': 39, 'stoch_none_c': 42, 'stoch_some_a': 65, 'stoch_some_b': 66, 'stoch_some_c': 67, 'stoch_alw_a': 81, 'stoch_alw_b': 82, 'stoch_alw_c': 84, 'D_a': 29, 'D_b': 49, 'D_c': 59, 'C_a': 58, 'C_b': 75, 'C_c': 79, 'd_threshold': 0.22967097606200915, 'c_threshold': 0.3496094343176061}. Best is trial 99 with value: 2.7615357142857144.[0m
Best trial: 99. Best value: 2.76154:  86%|████████▌ | 257/300 [2:08:57<22:08, 30.91s/it][32m[I 2026-03-03 18:48:54,965][0m Trial 257 finished with value: 2.6878928571428573 and parameters: {'coop_low_a': 12, 'coop_low_b': 27, 'coop_low_c': 47, 'coop_med_a': 27, 'coop_med_b': 39, 'coop_med_c': 42, 'coop_high_a': 80, 'coop_high_b': 87, 'coop_high_c': 92, 'adap_no_a': 30, 'adap_no_b': 40, 'adap_no_c': 56, 'adap_yes_a': 69, 'adap_yes_b': 82, 'adap_yes_c': 85, 'forg_sigma': 14.57573506002961, 'forg_med_a': 60, 'forg_med_b': 61, 'forg_med_c': 63, 'forg_high_a': 71, 'forg_high_b': 72, 'forg_high_c': 73, 'stoch_none_a': 41, 'stoch_none_b': 45, 'stoch_none_c': 47, 'stoch_some_a': 49, 'stoch_some_b': 51, 'stoch_some_c': 66, 'stoch_alw_a': 79, 'stoch_alw_b': 83, 'stoch_alw_c': 90, 'D_a': 48, 'D_b': 50, 'D_c': 60, 'C_a': 42, 'C_b': 77, 'C_c': 80, 'd_threshold': 0.2658318100298522, 'c_threshold': 0.4132567582625325}. Best is trial 99 with value: 2.7615357142857144.[0m
Best trial: 99. Best value: 2.76154:  86%|████████▌ | 258/300 [2:09:28<21:32, 30.77s/it][32m[I 2026-03-03 18:49:25,417][0m Trial 258 finished with value: 2.709107142857143 and parameters: {'coop_low_a': 46, 'coop_low_b': 47, 'coop_low_c': 48, 'coop_med_a': 21, 'coop_med_b': 40, 'coop_med_c': 43, 'coop_high_a': 76, 'coop_high_b': 91, 'coop_high_c': 92, 'adap_no_a': 48, 'adap_no_b': 49, 'adap_no_c': 55, 'adap_yes_a': 56, 'adap_yes_b': 63, 'adap_yes_c': 83, 'forg_sigma': 20.42645991417858, 'forg_med_a': 68, 'forg_med_b': 69, 'forg_med_c': 81, 'forg_high_a': 60, 'forg_high_b': 66, 'forg_high_c': 68, 'stoch_none_a': 36, 'stoch_none_b': 37, 'stoch_none_c': 43, 'stoch_some_a': 64, 'stoch_some_b': 72, 'stoch_some_c': 73, 'stoch_alw_a': 78, 'stoch_alw_b': 85, 'stoch_alw_c': 86, 'D_a': 57, 'D_b': 59, 'D_c': 60, 'C_a': 88, 'C_b': 90, 'C_c': 95, 'd_threshold': 0.29301940224206174, 'c_threshold': 0.311020168432585}. Best is trial 99 with value: 2.7615357142857144.[0m
Best trial: 99. Best value: 2.76154:  86%|████████▋ | 259/300 [2:10:00<21:12, 31.04s/it][32m[I 2026-03-03 18:49:57,089][0m Trial 259 finished with value: 2.697642857142857 and parameters: {'coop_low_a': 48, 'coop_low_b': 49, 'coop_low_c': 50, 'coop_med_a': 19, 'coop_med_b': 33, 'coop_med_c': 48, 'coop_high_a': 74, 'coop_high_b': 85, 'coop_high_c': 86, 'adap_no_a': 29, 'adap_no_b': 41, 'adap_no_c': 56, 'adap_yes_a': 55, 'adap_yes_b': 79, 'adap_yes_c': 81, 'forg_sigma': 13.770178534139875, 'forg_med_a': 20, 'forg_med_b': 60, 'forg_med_c': 88, 'forg_high_a': 68, 'forg_high_b': 69, 'forg_high_c': 70, 'stoch_none_a': 44, 'stoch_none_b': 45, 'stoch_none_c': 46, 'stoch_some_a': 44, 'stoch_some_b': 46, 'stoch_some_c': 68, 'stoch_alw_a': 80, 'stoch_alw_b': 86, 'stoch_alw_c': 87, 'D_a': 31, 'D_b': 51, 'D_c': 60, 'C_a': 39, 'C_b': 70, 'C_c': 71, 'd_threshold': 0.24260051704515723, 'c_threshold': 0.5902413175193626}. Best is trial 99 with value: 2.7615357142857144.[0m
Best trial: 99. Best value: 2.76154:  87%|████████▋ | 260/300 [2:10:30<20:35, 30.88s/it][32m[I 2026-03-03 18:50:27,601][0m Trial 260 finished with value: 2.6979285714285717 and parameters: {'coop_low_a': 10, 'coop_low_b': 37, 'coop_low_c': 47, 'coop_med_a': 28, 'coop_med_b': 30, 'coop_med_c': 35, 'coop_high_a': 79, 'coop_high_b': 95, 'coop_high_c': 96, 'adap_no_a': 46, 'adap_no_b': 50, 'adap_no_c': 52, 'adap_yes_a': 68, 'adap_yes_b': 82, 'adap_yes_c': 83, 'forg_sigma': 11.941297272534404, 'forg_med_a': 62, 'forg_med_b': 63, 'forg_med_c': 87, 'forg_high_a': 61, 'forg_high_b': 66, 'forg_high_c': 67, 'stoch_none_a': 39, 'stoch_none_b': 40, 'stoch_none_c': 42, 'stoch_some_a': 58, 'stoch_some_b': 59, 'stoch_some_c': 66, 'stoch_alw_a': 76, 'stoch_alw_b': 87, 'stoch_alw_c': 88, 'D_a': 51, 'D_b': 52, 'D_c': 60, 'C_a': 62, 'C_b': 73, 'C_c': 75, 'd_threshold': 0.31754671893628345, 'c_threshold': 0.33679465873104575}. Best is trial 99 with value: 2.7615357142857144.[0m
Best trial: 99. Best value: 2.76154:  87%|████████▋ | 261/300 [2:11:00<19:56, 30.68s/it][32m[I 2026-03-03 18:50:57,829][0m Trial 261 finished with value: 2.6935 and parameters: {'coop_low_a': 45, 'coop_low_b': 47, 'coop_low_c': 48, 'coop_med_a': 22, 'coop_med_b': 36, 'coop_med_c': 45, 'coop_high_a': 77, 'coop_high_b': 86, 'coop_high_c': 92, 'adap_no_a': 41, 'adap_no_b': 45, 'adap_no_c': 54, 'adap_yes_a': 57, 'adap_yes_b': 60, 'adap_yes_c': 86, 'forg_sigma': 38.316501152350895, 'forg_med_a': 87, 'forg_med_b': 88, 'forg_med_c': 89, 'forg_high_a': 74, 'forg_high_b': 75, 'forg_high_c': 76, 'stoch_none_a': 37, 'stoch_none_b': 41, 'stoch_none_c': 42, 'stoch_some_a': 51, 'stoch_some_b': 77, 'stoch_some_c': 78, 'stoch_alw_a': 92, 'stoch_alw_b': 97, 'stoch_alw_c': 99, 'D_a': 46, 'D_b': 47, 'D_c': 54, 'C_a': 25, 'C_b': 69, 'C_c': 73, 'd_threshold': 0.25130983506425697, 'c_threshold': 0.36987338306474493}. Best is trial 99 with value: 2.7615357142857144.[0m
Best trial: 99. Best value: 2.76154:  87%|████████▋ | 262/300 [2:11:32<19:32, 30.86s/it][32m[I 2026-03-03 18:51:29,105][0m Trial 262 finished with value: 2.688535714285714 and parameters: {'coop_low_a': 43, 'coop_low_b': 44, 'coop_low_c': 45, 'coop_med_a': 29, 'coop_med_b': 67, 'coop_med_c': 68, 'coop_high_a': 84, 'coop_high_b': 91, 'coop_high_c': 94, 'adap_no_a': 47, 'adap_no_b': 53, 'adap_no_c': 55, 'adap_yes_a': 64, 'adap_yes_b': 66, 'adap_yes_c': 92, 'forg_sigma': 32.43800454600692, 'forg_med_a': 47, 'forg_med_b': 61, 'forg_med_c': 65, 'forg_high_a': 79, 'forg_high_b': 80, 'forg_high_c': 81, 'stoch_none_a': 40, 'stoch_none_b': 41, 'stoch_none_c': 42, 'stoch_some_a': 54, 'stoch_some_b': 65, 'stoch_some_c': 74, 'stoch_alw_a': 81, 'stoch_alw_b': 86, 'stoch_alw_c': 87, 'D_a': 50, 'D_b': 51, 'D_c': 60, 'C_a': 49, 'C_b': 78, 'C_c': 79, 'd_threshold': 0.28356433605433706, 'c_threshold': 0.5035328058815062}. Best is trial 99 with value: 2.7615357142857144.[0m
Best trial: 99. Best value: 2.76154:  88%|████████▊ | 263/300 [2:12:01<18:50, 30.56s/it][32m[I 2026-03-03 18:51:58,954][0m Trial 263 finished with value: 2.7042857142857146 and parameters: {'coop_low_a': 45, 'coop_low_b': 46, 'coop_low_c': 48, 'coop_med_a': 25, 'coop_med_b': 58, 'coop_med_c': 59, 'coop_high_a': 65, 'coop_high_b': 69, 'coop_high_c': 74, 'adap_no_a': 27, 'adap_no_b': 43, 'adap_no_c': 49, 'adap_yes_a': 54, 'adap_yes_b': 78, 'adap_yes_c': 91, 'forg_sigma': 19.63844456702994, 'forg_med_a': 18, 'forg_med_b': 58, 'forg_med_c': 88, 'forg_high_a': 65, 'forg_high_b': 67, 'forg_high_c': 68, 'stoch_none_a': 29, 'stoch_none_b': 39, 'stoch_none_c': 43, 'stoch_some_a': 45, 'stoch_some_b': 50, 'stoch_some_c': 62, 'stoch_alw_a': 78, 'stoch_alw_b': 85, 'stoch_alw_c': 86, 'D_a': 26, 'D_b': 42, 'D_c': 58, 'C_a': 60, 'C_b': 75, 'C_c': 81, 'd_threshold': 0.2199035309616267, 'c_threshold': 0.3182432195862359}. Best is trial 99 with value: 2.7615357142857144.[0m
Best trial: 99. Best value: 2.76154:  88%|████████▊ | 264/300 [2:12:31<18:10, 30.30s/it][32m[I 2026-03-03 18:52:28,652][0m Trial 264 finished with value: 2.713964285714286 and parameters: {'coop_low_a': 13, 'coop_low_b': 46, 'coop_low_c': 47, 'coop_med_a': 32, 'coop_med_b': 33, 'coop_med_c': 47, 'coop_high_a': 75, 'coop_high_b': 80, 'coop_high_c': 81, 'adap_no_a': 44, 'adap_no_b': 51, 'adap_no_c': 55, 'adap_yes_a': 70, 'adap_yes_b': 80, 'adap_yes_c': 90, 'forg_sigma': 38.95464904513107, 'forg_med_a': 22, 'forg_med_b': 72, 'forg_med_c': 74, 'forg_high_a': 73, 'forg_high_b': 74, 'forg_high_c': 75, 'stoch_none_a': 35, 'stoch_none_b': 36, 'stoch_none_c': 43, 'stoch_some_a': 49, 'stoch_some_b': 50, 'stoch_some_c': 70, 'stoch_alw_a': 77, 'stoch_alw_b': 81, 'stoch_alw_c': 84, 'D_a': 47, 'D_b': 48, 'D_c': 59, 'C_a': 41, 'C_b': 66, 'C_c': 83, 'd_threshold': 0.33070430921851746, 'c_threshold': 0.6031715498163874}. Best is trial 99 with value: 2.7615357142857144.[0m
Best trial: 99. Best value: 2.76154:  88%|████████▊ | 265/300 [2:13:01<17:32, 30.07s/it][32m[I 2026-03-03 18:52:58,197][0m Trial 265 finished with value: 2.715107142857143 and parameters: {'coop_low_a': 47, 'coop_low_b': 48, 'coop_low_c': 49, 'coop_med_a': 23, 'coop_med_b': 41, 'coop_med_c': 43, 'coop_high_a': 76, 'coop_high_b': 82, 'coop_high_c': 83, 'adap_no_a': 32, 'adap_no_b': 59, 'adap_no_c': 59, 'adap_yes_a': 52, 'adap_yes_b': 77, 'adap_yes_c': 79, 'forg_sigma': 36.708235444629025, 'forg_med_a': 60, 'forg_med_b': 61, 'forg_med_c': 89, 'forg_high_a': 63, 'forg_high_b': 66, 'forg_high_c': 83, 'stoch_none_a': 38, 'stoch_none_b': 39, 'stoch_none_c': 44, 'stoch_some_a': 59, 'stoch_some_b': 60, 'stoch_some_c': 62, 'stoch_alw_a': 79, 'stoch_alw_b': 80, 'stoch_alw_c': 85, 'D_a': 41, 'D_b': 44, 'D_c': 49, 'C_a': 57, 'C_b': 76, 'C_c': 77, 'd_threshold': 0.29886928405385293, 'c_threshold': 0.30006368910686226}. Best is trial 99 with value: 2.7615357142857144.[0m
Best trial: 99. Best value: 2.76154:  89%|████████▊ | 266/300 [2:13:32<17:10, 30.30s/it][32m[I 2026-03-03 18:53:29,040][0m Trial 266 finished with value: 2.7258571428571425 and parameters: {'coop_low_a': 0, 'coop_low_b': 39, 'coop_low_c': 45, 'coop_med_a': 34, 'coop_med_b': 35, 'coop_med_c': 44, 'coop_high_a': 73, 'coop_high_b': 93, 'coop_high_c': 94, 'adap_no_a': 49, 'adap_no_b': 51, 'adap_no_c': 55, 'adap_yes_a': 66, 'adap_yes_b': 67, 'adap_yes_c': 84, 'forg_sigma': 31.52308246386912, 'forg_med_a': 56, 'forg_med_b': 77, 'forg_med_c': 78, 'forg_high_a': 69, 'forg_high_b': 70, 'forg_high_c': 71, 'stoch_none_a': 18, 'stoch_none_b': 40, 'stoch_none_c': 42, 'stoch_some_a': 48, 'stoch_some_b': 51, 'stoch_some_c': 67, 'stoch_alw_a': 80, 'stoch_alw_b': 84, 'stoch_alw_c': 85, 'D_a': 44, 'D_b': 45, 'D_c': 59, 'C_a': 47, 'C_b': 72, 'C_c': 74, 'd_threshold': 0.3557045072306986, 'c_threshold': 0.540318289965498}. Best is trial 99 with value: 2.7615357142857144.[0m
Best trial: 99. Best value: 2.76154:  89%|████████▉ | 267/300 [2:14:01<16:34, 30.15s/it][32m[I 2026-03-03 18:53:58,832][0m Trial 267 finished with value: 2.675 and parameters: {'coop_low_a': 44, 'coop_low_b': 45, 'coop_low_c': 46, 'coop_med_a': 24, 'coop_med_b': 31, 'coop_med_c': 41, 'coop_high_a': 79, 'coop_high_b': 81, 'coop_high_c': 82, 'adap_no_a': 57, 'adap_no_b': 58, 'adap_no_c': 59, 'adap_yes_a': 69, 'adap_yes_b': 83, 'adap_yes_c': 85, 'forg_sigma': 12.829312882829623, 'forg_med_a': 40, 'forg_med_b': 62, 'forg_med_c': 87, 'forg_high_a': 62, 'forg_high_b': 65, 'forg_high_c': 66, 'stoch_none_a': 4, 'stoch_none_b': 18, 'stoch_none_c': 22, 'stoch_some_a': 62, 'stoch_some_b': 63, 'stoch_some_c': 64, 'stoch_alw_a': 75, 'stoch_alw_b': 79, 'stoch_alw_c': 83, 'D_a': 56, 'D_b': 57, 'D_c': 60, 'C_a': 44, 'C_b': 71, 'C_c': 82, 'd_threshold': 0.23248547447961054, 'c_threshold': 0.577767676142924}. Best is trial 99 with value: 2.7615357142857144.[0m
Best trial: 99. Best value: 2.76154:  89%|████████▉ | 268/300 [2:14:31<16:03, 30.11s/it][32m[I 2026-03-03 18:54:28,841][0m Trial 268 finished with value: 2.708892857142857 and parameters: {'coop_low_a': 42, 'coop_low_b': 47, 'coop_low_c': 48, 'coop_med_a': 20, 'coop_med_b': 34, 'coop_med_c': 46, 'coop_high_a': 77, 'coop_high_b': 84, 'coop_high_c': 85, 'adap_no_a': 47, 'adap_no_b': 54, 'adap_no_c': 55, 'adap_yes_a': 72, 'adap_yes_b': 81, 'adap_yes_c': 82, 'forg_sigma': 15.671793186107733, 'forg_med_a': 31, 'forg_med_b': 59, 'forg_med_c': 72, 'forg_high_a': 64, 'forg_high_b': 67, 'forg_high_c': 69, 'stoch_none_a': 32, 'stoch_none_b': 33, 'stoch_none_c': 41, 'stoch_some_a': 51, 'stoch_some_b': 54, 'stoch_some_c': 69, 'stoch_alw_a': 82, 'stoch_alw_b': 83, 'stoch_alw_c': 90, 'D_a': 49, 'D_b': 50, 'D_c': 52, 'C_a': 38, 'C_b': 79, 'C_c': 80, 'd_threshold': 0.2632289709540776, 'c_threshold': 0.3264853167670497}. Best is trial 99 with value: 2.7615357142857144.[0m
Best trial: 99. Best value: 2.76154:  90%|████████▉ | 269/300 [2:15:01<15:27, 29.92s/it][32m[I 2026-03-03 18:54:58,335][0m Trial 269 finished with value: 2.7117142857142857 and parameters: {'coop_low_a': 46, 'coop_low_b': 47, 'coop_low_c': 48, 'coop_med_a': 26, 'coop_med_b': 38, 'coop_med_c': 44, 'coop_high_a': 62, 'coop_high_b': 65, 'coop_high_c': 75, 'adap_no_a': 51, 'adap_no_b': 52, 'adap_no_c': 54, 'adap_yes_a': 74, 'adap_yes_b': 75, 'adap_yes_c': 76, 'forg_sigma': 29.32684175351577, 'forg_med_a': 66, 'forg_med_b': 67, 'forg_med_c': 86, 'forg_high_a': 70, 'forg_high_b': 85, 'forg_high_c': 86, 'stoch_none_a': 36, 'stoch_none_b': 37, 'stoch_none_c': 44, 'stoch_some_a': 52, 'stoch_some_b': 53, 'stoch_some_c': 55, 'stoch_alw_a': 77, 'stoch_alw_b': 87, 'stoch_alw_c': 88, 'D_a': 48, 'D_b': 49, 'D_c': 59, 'C_a': 59, 'C_b': 74, 'C_c': 76, 'd_threshold': 0.311495105773893, 'c_threshold': 0.4778462454442717}. Best is trial 99 with value: 2.7615357142857144.[0m
Best trial: 99. Best value: 2.76154:  90%|█████████ | 270/300 [2:15:31<14:58, 29.96s/it][32m[I 2026-03-03 18:55:28,380][0m Trial 270 finished with value: 2.7211428571428575 and parameters: {'coop_low_a': 47, 'coop_low_b': 48, 'coop_low_c': 49, 'coop_med_a': 30, 'coop_med_b': 37, 'coop_med_c': 42, 'coop_high_a': 83, 'coop_high_b': 84, 'coop_high_c': 85, 'adap_no_a': 45, 'adap_no_b': 46, 'adap_no_c': 54, 'adap_yes_a': 68, 'adap_yes_b': 70, 'adap_yes_c': 88, 'forg_sigma': 20.340720975577277, 'forg_med_a': 15, 'forg_med_b': 32, 'forg_med_c': 83, 'forg_high_a': 67, 'forg_high_b': 84, 'forg_high_c': 85, 'stoch_none_a': 34, 'stoch_none_b': 41, 'stoch_none_c': 45, 'stoch_some_a': 54, 'stoch_some_b': 57, 'stoch_some_c': 61, 'stoch_alw_a': 93, 'stoch_alw_b': 95, 'stoch_alw_c': 97, 'D_a': 58, 'D_b': 59, 'D_c': 60, 'C_a': 63, 'C_b': 75, 'C_c': 78, 'd_threshold': 0.3749033805631504, 'c_threshold': 0.5142715538883537}. Best is trial 99 with value: 2.7615357142857144.[0m
Best trial: 99. Best value: 2.76154:  90%|█████████ | 271/300 [2:16:01<14:31, 30.07s/it][32m[I 2026-03-03 18:55:58,694][0m Trial 271 finished with value: 2.6810714285714283 and parameters: {'coop_low_a': 45, 'coop_low_b': 47, 'coop_low_c': 48, 'coop_med_a': 22, 'coop_med_b': 40, 'coop_med_c': 43, 'coop_high_a': 74, 'coop_high_b': 82, 'coop_high_c': 84, 'adap_no_a': 48, 'adap_no_b': 55, 'adap_no_c': 56, 'adap_yes_a': 57, 'adap_yes_b': 84, 'adap_yes_c': 87, 'forg_sigma': 39.949810579815626, 'forg_med_a': 36, 'forg_med_b': 44, 'forg_med_c': 88, 'forg_high_a': 66, 'forg_high_b': 67, 'forg_high_c': 68, 'stoch_none_a': 40, 'stoch_none_b': 41, 'stoch_none_c': 42, 'stoch_some_a': 46, 'stoch_some_b': 49, 'stoch_some_c': 65, 'stoch_alw_a': 79, 'stoch_alw_b': 85, 'stoch_alw_c': 86, 'D_a': 50, 'D_b': 52, 'D_c': 60, 'C_a': 51, 'C_b': 77, 'C_c': 78, 'd_threshold': 0.2570118023453484, 'c_threshold': 0.35428025747475295}. Best is trial 99 with value: 2.7615357142857144.[0m
