Best trial: 239. Best value: 2.78436:  81%|████████▏ | 244/300 [1:40:56<27:20, 29.29s/it][32m[I 2026-03-05 13:19:51,658][0m Trial 244 finished with value: 2.699214285714286 and parameters: {'D_b': 7, 'D_c': 8, 'C_a': 63, 'C_b': 64, 'd_threshold': 0.2269272955439025, 'c_threshold': 0.5264596216159085}. Best is trial 239 with value: 2.784357142857143.[0m
Best trial: 239. Best value: 2.78436:  82%|████████▏ | 245/300 [1:41:13<23:34, 25.72s/it][32m[I 2026-03-05 13:20:09,049][0m Trial 245 finished with value: 2.6800714285714284 and parameters: {'D_b': 4, 'D_c': 6, 'C_a': 54, 'C_b': 81, 'd_threshold': 0.2551648352891144, 'c_threshold': 0.3331086899074495}. Best is trial 239 with value: 2.784357142857143.[0m
Best trial: 239. Best value: 2.78436:  82%|████████▏ | 246/300 [1:41:30<20:47, 23.10s/it][32m[I 2026-03-05 13:20:26,021][0m Trial 246 finished with value: 2.7551428571428573 and parameters: {'D_b': 1, 'D_c': 41, 'C_a': 55, 'C_b': 57, 'd_threshold': 0.39431559771185143, 'c_threshold': 0.25574206876005867}. Best is trial 239 with value: 2.784357142857143.[0m
Best trial: 239. Best value: 2.78436:  82%|████████▏ | 247/300 [1:41:47<18:49, 21.30s/it][32m[I 2026-03-05 13:20:43,145][0m Trial 247 finished with value: 2.7139285714285717 and parameters: {'D_b': 1, 'D_c': 41, 'C_a': 55, 'C_b': 57, 'd_threshold': 0.3979370346145773, 'c_threshold': 0.2607255697200052}. Best is trial 239 with value: 2.784357142857143.[0m
Best trial: 239. Best value: 2.78436:  83%|████████▎ | 248/300 [1:42:04<17:24, 20.08s/it][32m[I 2026-03-05 13:21:00,377][0m Trial 248 finished with value: 2.6915 and parameters: {'D_b': 2, 'D_c': 40, 'C_a': 56, 'C_b': 57, 'd_threshold': 0.3608085524444725, 'c_threshold': 0.636254937758508}. Best is trial 239 with value: 2.784357142857143.[0m
Best trial: 239. Best value: 2.78436:  83%|████████▎ | 249/300 [1:42:22<16:28, 19.38s/it][32m[I 2026-03-05 13:21:18,132][0m Trial 249 finished with value: 2.6339285714285716 and parameters: {'D_b': 1, 'D_c': 43, 'C_a': 54, 'C_b': 56, 'd_threshold': 0.4085303878478323, 'c_threshold': 0.3174078983348465}. Best is trial 239 with value: 2.784357142857143.[0m
Best trial: 239. Best value: 2.78436:  83%|████████▎ | 250/300 [1:42:40<15:38, 18.78s/it][32m[I 2026-03-05 13:21:35,501][0m Trial 250 finished with value: 2.688857142857143 and parameters: {'D_b': 28, 'D_c': 32, 'C_a': 66, 'C_b': 67, 'd_threshold': 0.3827045263249262, 'c_threshold': 0.2930396154827244}. Best is trial 239 with value: 2.784357142857143.[0m
Best trial: 239. Best value: 2.78436:  84%|████████▎ | 251/300 [1:42:57<14:58, 18.33s/it][32m[I 2026-03-05 13:21:52,787][0m Trial 251 finished with value: 2.6957857142857145 and parameters: {'D_b': 3, 'D_c': 39, 'C_a': 55, 'C_b': 56, 'd_threshold': 0.3760933387015275, 'c_threshold': 0.25075777156483686}. Best is trial 239 with value: 2.784357142857143.[0m
Best trial: 239. Best value: 2.78436:  84%|████████▍ | 252/300 [1:43:15<14:39, 18.33s/it][32m[I 2026-03-05 13:22:11,091][0m Trial 252 finished with value: 2.688214285714286 and parameters: {'D_b': 30, 'D_c': 31, 'C_a': 58, 'C_b': 60, 'd_threshold': 0.4261024200730571, 'c_threshold': 0.27737516689308855}. Best is trial 239 with value: 2.784357142857143.[0m
Best trial: 239. Best value: 2.78436:  84%|████████▍ | 253/300 [1:43:33<14:21, 18.32s/it][32m[I 2026-03-05 13:22:29,405][0m Trial 253 finished with value: 2.699928571428571 and parameters: {'D_b': 1, 'D_c': 42, 'C_a': 40, 'C_b': 96, 'd_threshold': 0.18363771583461086, 'c_threshold': 0.511212392711924}. Best is trial 239 with value: 2.784357142857143.[0m
Best trial: 239. Best value: 2.78436:  85%|████████▍ | 254/300 [1:43:50<13:40, 17.84s/it][32m[I 2026-03-05 13:22:46,125][0m Trial 254 finished with value: 2.6878571428571427 and parameters: {'D_b': 8, 'D_c': 11, 'C_a': 62, 'C_b': 65, 'd_threshold': 0.3360270213523971, 'c_threshold': 0.46813349853506575}. Best is trial 239 with value: 2.784357142857143.[0m
Best trial: 239. Best value: 2.78436:  85%|████████▌ | 255/300 [1:44:08<13:16, 17.71s/it][32m[I 2026-03-05 13:23:03,523][0m Trial 255 finished with value: 2.600142857142857 and parameters: {'D_b': 2, 'D_c': 45, 'C_a': 60, 'C_b': 61, 'd_threshold': 0.16187034510074544, 'c_threshold': 0.3087309192565772}. Best is trial 239 with value: 2.784357142857143.[0m
Best trial: 239. Best value: 2.78436:  85%|████████▌ | 256/300 [1:44:25<12:54, 17.59s/it][32m[I 2026-03-05 13:23:20,856][0m Trial 256 finished with value: 2.691142857142857 and parameters: {'D_b': 3, 'D_c': 41, 'C_a': 51, 'C_b': 53, 'd_threshold': 0.12389246987702215, 'c_threshold': 0.34532052657159445}. Best is trial 239 with value: 2.784357142857143.[0m
Best trial: 239. Best value: 2.78436:  86%|████████▌ | 257/300 [1:44:42<12:27, 17.38s/it][32m[I 2026-03-05 13:23:37,736][0m Trial 257 finished with value: 2.698642857142857 and parameters: {'D_b': 35, 'D_c': 36, 'C_a': 40, 'C_b': 90, 'd_threshold': 0.19707102410532834, 'c_threshold': 0.2709959044909594}. Best is trial 239 with value: 2.784357142857143.[0m
Best trial: 239. Best value: 2.78436:  86%|████████▌ | 258/300 [1:44:59<12:03, 17.23s/it][32m[I 2026-03-05 13:23:54,604][0m Trial 258 finished with value: 2.6749285714285715 and parameters: {'D_b': 2, 'D_c': 28, 'C_a': 52, 'C_b': 58, 'd_threshold': 0.15029515607413468, 'c_threshold': 0.24646928073079005}. Best is trial 239 with value: 2.784357142857143.[0m
Best trial: 239. Best value: 2.78436:  86%|████████▋ | 259/300 [1:45:15<11:39, 17.06s/it][32m[I 2026-03-05 13:24:11,288][0m Trial 259 finished with value: 2.7218571428571425 and parameters: {'D_b': 10, 'D_c': 12, 'C_a': 49, 'C_b': 98, 'd_threshold': 0.392072106228178, 'c_threshold': 0.5412859019647019}. Best is trial 239 with value: 2.784357142857143.[0m
Best trial: 239. Best value: 2.78436:  87%|████████▋ | 260/300 [1:45:33<11:28, 17.21s/it][32m[I 2026-03-05 13:24:28,861][0m Trial 260 finished with value: 2.695857142857143 and parameters: {'D_b': 31, 'D_c': 33, 'C_a': 47, 'C_b': 88, 'd_threshold': 0.2183107818147078, 'c_threshold': 0.5598864451276487}. Best is trial 239 with value: 2.784357142857143.[0m
Best trial: 239. Best value: 2.78436:  87%|████████▋ | 261/300 [1:46:03<13:37, 20.96s/it][32m[I 2026-03-05 13:24:58,567][0m Trial 261 finished with value: 2.731928571428571 and parameters: {'D_b': 25, 'D_c': 40, 'C_a': 39, 'C_b': 94, 'd_threshold': 0.17797663482243772, 'c_threshold': 0.2897206263528209}. Best is trial 239 with value: 2.784357142857143.[0m
Best trial: 239. Best value: 2.78436:  87%|████████▋ | 262/300 [1:46:20<12:38, 19.97s/it][32m[I 2026-03-05 13:25:16,206][0m Trial 262 finished with value: 2.6931428571428575 and parameters: {'D_b': 4, 'D_c': 41, 'C_a': 42, 'C_b': 91, 'd_threshold': 0.29823835293390544, 'c_threshold': 0.42878296132426463}. Best is trial 239 with value: 2.784357142857143.[0m
Best trial: 239. Best value: 2.78436:  88%|████████▊ | 263/300 [1:46:36<11:37, 18.86s/it][32m[I 2026-03-05 13:25:32,477][0m Trial 263 finished with value: 2.7165 and parameters: {'D_b': 13, 'D_c': 15, 'C_a': 53, 'C_b': 56, 'd_threshold': 0.35635239614394865, 'c_threshold': 0.21480804663253641}. Best is trial 239 with value: 2.784357142857143.[0m
Best trial: 239. Best value: 2.78436:  88%|████████▊ | 264/300 [1:47:11<14:11, 23.65s/it][32m[I 2026-03-05 13:26:07,292][0m Trial 264 finished with value: 2.696857142857143 and parameters: {'D_b': 5, 'D_c': 7, 'C_a': 32, 'C_b': 95, 'd_threshold': 0.15870933391730788, 'c_threshold': 0.261116048671465}. Best is trial 239 with value: 2.784357142857143.[0m
Best trial: 239. Best value: 2.78436:  88%|████████▊ | 265/300 [1:48:13<20:24, 34.99s/it][32m[I 2026-03-05 13:27:08,741][0m Trial 265 finished with value: 2.7359999999999998 and parameters: {'D_b': 1, 'D_c': 38, 'C_a': 36, 'C_b': 88, 'd_threshold': 0.2058189683652313, 'c_threshold': 0.2371107649055363}. Best is trial 239 with value: 2.784357142857143.[0m
Best trial: 239. Best value: 2.78436:  89%|████████▊ | 266/300 [1:48:31<17:02, 30.07s/it][32m[I 2026-03-05 13:27:27,333][0m Trial 266 finished with value: 2.5490000000000004 and parameters: {'D_b': 3, 'D_c': 43, 'C_a': 55, 'C_b': 57, 'd_threshold': 0.1290052615512542, 'c_threshold': 0.3275464202348817}. Best is trial 239 with value: 2.784357142857143.[0m
Best trial: 239. Best value: 2.78436:  89%|████████▉ | 267/300 [1:48:49<14:32, 26.44s/it][32m[I 2026-03-05 13:27:45,306][0m Trial 267 finished with value: 2.7324285714285717 and parameters: {'D_b': 33, 'D_c': 35, 'C_a': 51, 'C_b': 54, 'd_threshold': 0.18627634586881775, 'c_threshold': 0.5002534675310084}. Best is trial 239 with value: 2.784357142857143.[0m
Best trial: 239. Best value: 2.78436:  89%|████████▉ | 268/300 [1:49:05<12:24, 23.28s/it][32m[I 2026-03-05 13:28:01,218][0m Trial 268 finished with value: 2.698357142857143 and parameters: {'D_b': 4, 'D_c': 30, 'C_a': 45, 'C_b': 93, 'd_threshold': 0.5234062885523005, 'c_threshold': 0.48070828347204064}. Best is trial 239 with value: 2.784357142857143.[0m
Best trial: 239. Best value: 2.78436:  90%|████████▉ | 269/300 [1:49:20<10:45, 20.83s/it][32m[I 2026-03-05 13:28:16,334][0m Trial 269 finished with value: 2.7152857142857143 and parameters: {'D_b': 7, 'D_c': 9, 'C_a': 41, 'C_b': 92, 'd_threshold': 0.3104247183869205, 'c_threshold': 0.5289665852459373}. Best is trial 239 with value: 2.784357142857143.[0m
Best trial: 239. Best value: 2.78436:  90%|█████████ | 270/300 [1:49:35<09:33, 19.10s/it][32m[I 2026-03-05 13:28:31,414][0m Trial 270 finished with value: 2.6995714285714287 and parameters: {'D_b': 2, 'D_c': 5, 'C_a': 38, 'C_b': 96, 'd_threshold': 0.23429966876977254, 'c_threshold': 0.22452594270546256}. Best is trial 239 with value: 2.784357142857143.[0m
Best trial: 239. Best value: 2.78436:  90%|█████████ | 271/300 [1:49:51<08:45, 18.13s/it][32m[I 2026-03-05 13:28:47,279][0m Trial 271 finished with value: 2.71 and parameters: {'D_b': 23, 'D_c': 26, 'C_a': 48, 'C_b': 86, 'd_threshold': 0.3345305513370385, 'c_threshold': 0.2001228067119724}. Best is trial 239 with value: 2.784357142857143.[0m
Best trial: 239. Best value: 2.78436:  91%|█████████ | 272/300 [1:50:08<08:19, 17.82s/it][32m[I 2026-03-05 13:29:04,374][0m Trial 272 finished with value: 2.691 and parameters: {'D_b': 3, 'D_c': 44, 'C_a': 50, 'C_b': 90, 'd_threshold': 0.16092253466491752, 'c_threshold': 0.2987778920583224}. Best is trial 239 with value: 2.784357142857143.[0m
Best trial: 239. Best value: 2.78436:  91%|█████████ | 273/300 [1:50:24<07:42, 17.12s/it][32m[I 2026-03-05 13:29:19,843][0m Trial 273 finished with value: 2.700571428571428 and parameters: {'D_b': 5, 'D_c': 7, 'C_a': 67, 'C_b': 69, 'd_threshold': 0.1416410264240163, 'c_threshold': 0.25269833310098655}. Best is trial 239 with value: 2.784357142857143.[0m
Best trial: 239. Best value: 2.78436:  91%|█████████▏| 274/300 [1:50:40<07:19, 16.89s/it][32m[I 2026-03-05 13:29:36,206][0m Trial 274 finished with value: 2.7469285714285716 and parameters: {'D_b': 26, 'D_c': 40, 'C_a': 33, 'C_b': 45, 'd_threshold': 0.1769984579063849, 'c_threshold': 0.3110686319107003}. Best is trial 239 with value: 2.784357142857143.[0m
Best trial: 239. Best value: 2.78436:  92%|█████████▏| 275/300 [1:50:56<06:52, 16.50s/it][32m[I 2026-03-05 13:29:51,804][0m Trial 275 finished with value: 2.7220714285714287 and parameters: {'D_b': 9, 'D_c': 11, 'C_a': 56, 'C_b': 58, 'd_threshold': 0.21168438999674033, 'c_threshold': 0.23808685943823876}. Best is trial 239 with value: 2.784357142857143.[0m
Best trial: 239. Best value: 2.78436:  92%|█████████▏| 276/300 [1:51:11<06:28, 16.19s/it][32m[I 2026-03-05 13:30:07,272][0m Trial 276 finished with value: 2.774785714285714 and parameters: {'D_b': 6, 'D_c': 8, 'C_a': 64, 'C_b': 99, 'd_threshold': 0.3760010229236564, 'c_threshold': 0.5143725163897941}. Best is trial 239 with value: 2.784357142857143.[0m
Best trial: 239. Best value: 2.78436:  92%|█████████▏| 277/300 [1:51:28<06:12, 16.21s/it][32m[I 2026-03-05 13:30:23,525][0m Trial 277 finished with value: 2.7207857142857144 and parameters: {'D_b': 6, 'D_c': 8, 'C_a': 65, 'C_b': 99, 'd_threshold': 0.3904582496441325, 'c_threshold': 0.5100855586746887}. Best is trial 239 with value: 2.784357142857143.[0m
Best trial: 239. Best value: 2.78436:  93%|█████████▎| 278/300 [1:51:43<05:51, 15.98s/it][32m[I 2026-03-05 13:30:38,970][0m Trial 278 finished with value: 2.688357142857143 and parameters: {'D_b': 6, 'D_c': 9, 'C_a': 64, 'C_b': 99, 'd_threshold': 0.4178012582240485, 'c_threshold': 0.519218591719258}. Best is trial 239 with value: 2.784357142857143.[0m
Best trial: 239. Best value: 2.78436:  93%|█████████▎| 279/300 [1:51:59<05:33, 15.87s/it][32m[I 2026-03-05 13:30:54,580][0m Trial 279 finished with value: 2.720071428571429 and parameters: {'D_b': 4, 'D_c': 6, 'C_a': 62, 'C_b': 98, 'd_threshold': 0.3741463074739421, 'c_threshold': 0.49310819083515356}. Best is trial 239 with value: 2.784357142857143.[0m
Best trial: 239. Best value: 2.78436:  93%|█████████▎| 280/300 [1:52:15<05:20, 16.03s/it][32m[I 2026-03-05 13:31:10,977][0m Trial 280 finished with value: 2.6977857142857147 and parameters: {'D_b': 2, 'D_c': 14, 'C_a': 67, 'C_b': 71, 'd_threshold': 0.103390737619064, 'c_threshold': 0.5482032168690187}. Best is trial 239 with value: 2.784357142857143.[0m
Best trial: 239. Best value: 2.78436:  94%|█████████▎| 281/300 [1:52:30<05:00, 15.84s/it][32m[I 2026-03-05 13:31:26,379][0m Trial 281 finished with value: 2.7182857142857144 and parameters: {'D_b': 7, 'D_c': 9, 'C_a': 69, 'C_b': 92, 'd_threshold': 0.3704221043974308, 'c_threshold': 0.26861847703155045}. Best is trial 239 with value: 2.784357142857143.[0m
Best trial: 239. Best value: 2.78436:  94%|█████████▍| 282/300 [1:52:47<04:48, 16.03s/it][32m[I 2026-03-05 13:31:42,849][0m Trial 282 finished with value: 2.7363571428571425 and parameters: {'D_b': 28, 'D_c': 39, 'C_a': 53, 'C_b': 97, 'd_threshold': 0.1872908550327483, 'c_threshold': 0.5367030773690391}. Best is trial 239 with value: 2.784357142857143.[0m
Best trial: 239. Best value: 2.78436:  94%|█████████▍| 283/300 [1:53:04<04:35, 16.22s/it][32m[I 2026-03-05 13:31:59,529][0m Trial 283 finished with value: 2.7128571428571426 and parameters: {'D_b': 4, 'D_c': 34, 'C_a': 64, 'C_b': 84, 'd_threshold': 0.3939197525397221, 'c_threshold': 0.45621909582113196}. Best is trial 239 with value: 2.784357142857143.[0m
Best trial: 239. Best value: 2.78436:  95%|█████████▍| 284/300 [1:53:20<04:22, 16.42s/it][32m[I 2026-03-05 13:32:16,402][0m Trial 284 finished with value: 2.7219285714285713 and parameters: {'D_b': 5, 'D_c': 10, 'C_a': 57, 'C_b': 59, 'd_threshold': 0.4435683267733741, 'c_threshold': 0.5243522054011761}. Best is trial 239 with value: 2.784357142857143.[0m
Best trial: 239. Best value: 2.78436:  95%|█████████▌| 285/300 [1:53:37<04:06, 16.41s/it][32m[I 2026-03-05 13:32:32,783][0m Trial 285 finished with value: 2.678 and parameters: {'D_b': 1, 'D_c': 3, 'C_a': 30, 'C_b': 97, 'd_threshold': 0.14299207813744397, 'c_threshold': 0.21554916985419098}. Best is trial 239 with value: 2.784357142857143.[0m
Best trial: 239. Best value: 2.78436:  95%|█████████▌| 286/300 [1:53:53<03:48, 16.36s/it][32m[I 2026-03-05 13:32:49,014][0m Trial 286 finished with value: 2.6986428571428567 and parameters: {'D_b': 3, 'D_c': 38, 'C_a': 37, 'C_b': 94, 'd_threshold': 0.22137111155515574, 'c_threshold': 0.5047974385386104}. Best is trial 239 with value: 2.784357142857143.[0m
Best trial: 239. Best value: 2.78436:  96%|█████████▌| 287/300 [1:54:09<03:32, 16.36s/it][32m[I 2026-03-05 13:33:05,382][0m Trial 287 finished with value: 2.7380714285714283 and parameters: {'D_b': 8, 'D_c': 10, 'C_a': 60, 'C_b': 61, 'd_threshold': 0.19932398384326655, 'c_threshold': 0.28633614951535086}. Best is trial 239 with value: 2.784357142857143.[0m
Best trial: 239. Best value: 2.78436:  96%|█████████▌| 288/300 [1:54:26<03:16, 16.39s/it][32m[I 2026-03-05 13:33:21,860][0m Trial 288 finished with value: 2.7442857142857147 and parameters: {'D_b': 5, 'D_c': 7, 'C_a': 49, 'C_b': 89, 'd_threshold': 0.16708210448468305, 'c_threshold': 0.4410458147016531}. Best is trial 239 with value: 2.784357142857143.[0m
Best trial: 239. Best value: 2.78436:  96%|█████████▋| 289/300 [1:54:41<02:56, 16.03s/it][32m[I 2026-03-05 13:33:37,051][0m Trial 289 finished with value: 2.7164999999999995 and parameters: {'D_b': 3, 'D_c': 5, 'C_a': 52, 'C_b': 55, 'd_threshold': 0.40754437470605254, 'c_threshold': 0.48142142514188463}. Best is trial 239 with value: 2.784357142857143.[0m
Best trial: 239. Best value: 2.78436:  97%|█████████▋| 290/300 [1:54:58<02:42, 16.26s/it][32m[I 2026-03-05 13:33:53,841][0m Trial 290 finished with value: 2.676285714285714 and parameters: {'D_b': 2, 'D_c': 4, 'C_a': 66, 'C_b': 68, 'd_threshold': 0.24566314226171135, 'c_threshold': 0.23091697596046273}. Best is trial 239 with value: 2.784357142857143.[0m
Best trial: 239. Best value: 2.78436:  97%|█████████▋| 291/300 [1:55:15<02:28, 16.46s/it][32m[I 2026-03-05 13:34:10,781][0m Trial 291 finished with value: 2.7294285714285715 and parameters: {'D_b': 4, 'D_c': 21, 'C_a': 35, 'C_b': 51, 'd_threshold': 0.3750460010020024, 'c_threshold': 0.2500012218296537}. Best is trial 239 with value: 2.784357142857143.[0m
Best trial: 239. Best value: 2.78436:  97%|█████████▋| 292/300 [1:55:43<02:40, 20.07s/it][32m[I 2026-03-05 13:34:39,273][0m Trial 292 finished with value: 2.6463571428571426 and parameters: {'D_b': 7, 'D_c': 8, 'C_a': 39, 'C_b': 99, 'd_threshold': 0.34652496529166055, 'c_threshold': 0.49369752967317554}. Best is trial 239 with value: 2.784357142857143.[0m
Best trial: 239. Best value: 2.78436:  98%|█████████▊| 293/300 [1:56:07<02:27, 21.03s/it][32m[I 2026-03-05 13:35:02,544][0m Trial 293 finished with value: 2.758642857142857 and parameters: {'D_b': 29, 'D_c': 30, 'C_a': 54, 'C_b': 91, 'd_threshold': 0.1184927467117029, 'c_threshold': 0.26332823899681823}. Best is trial 239 with value: 2.784357142857143.[0m
Best trial: 239. Best value: 2.78436:  98%|█████████▊| 294/300 [1:56:30<02:10, 21.79s/it][32m[I 2026-03-05 13:35:26,088][0m Trial 294 finished with value: 2.6918571428571427 and parameters: {'D_b': 29, 'D_c': 30, 'C_a': 55, 'C_b': 91, 'd_threshold': 0.11076823055813335, 'c_threshold': 0.26506459479336414}. Best is trial 239 with value: 2.784357142857143.[0m
Best trial: 239. Best value: 2.78436:  98%|█████████▊| 295/300 [1:56:52<01:49, 21.87s/it][32m[I 2026-03-05 13:35:48,153][0m Trial 295 finished with value: 2.7167142857142856 and parameters: {'D_b': 30, 'D_c': 31, 'C_a': 54, 'C_b': 91, 'd_threshold': 0.12252353501690377, 'c_threshold': 0.2405638364389171}. Best is trial 239 with value: 2.784357142857143.[0m
Best trial: 239. Best value: 2.78436:  99%|█████████▊| 296/300 [1:57:15<01:28, 22.23s/it][32m[I 2026-03-05 13:36:11,227][0m Trial 296 finished with value: 2.7245714285714286 and parameters: {'D_b': 28, 'D_c': 29, 'C_a': 52, 'C_b': 54, 'd_threshold': 0.1285022792246112, 'c_threshold': 0.21340764283713107}. Best is trial 239 with value: 2.784357142857143.[0m
Best trial: 239. Best value: 2.78436:  99%|█████████▉| 297/300 [1:57:32<01:02, 20.70s/it][32m[I 2026-03-05 13:36:28,353][0m Trial 297 finished with value: 2.7140714285714287 and parameters: {'D_b': 31, 'D_c': 32, 'C_a': 59, 'C_b': 60, 'd_threshold': 0.35840347025645813, 'c_threshold': 0.25844194090721234}. Best is trial 239 with value: 2.784357142857143.[0m
Best trial: 239. Best value: 2.78436:  99%|█████████▉| 298/300 [1:57:49<00:38, 19.38s/it][32m[I 2026-03-05 13:36:44,640][0m Trial 298 finished with value: 2.6997142857142857 and parameters: {'D_b': 32, 'D_c': 33, 'C_a': 54, 'C_b': 55, 'd_threshold': 0.1506446630654853, 'c_threshold': 0.27965397864224245}. Best is trial 239 with value: 2.784357142857143.[0m
Best trial: 239. Best value: 2.78436: 100%|█████████▉| 299/300 [1:58:05<00:18, 18.45s/it][32m[I 2026-03-05 13:37:00,953][0m Trial 299 finished with value: 2.7470000000000003 and parameters: {'D_b': 27, 'D_c': 30, 'C_a': 53, 'C_b': 98, 'd_threshold': 0.1374949862163464, 'c_threshold': 0.5187509595698565}. Best is trial 239 with value: 2.784357142857143.[0m
Best trial: 239. Best value: 2.78436: 100%|██████████| 300/300 [1:58:22<00:00, 23.67s/it]
[32m[I 2026-03-05 13:37:17,847][0m Trial 300 finished with value: 2.6759999999999997 and parameters: {'D_b': 37, 'D_c': 38, 'C_a': 46, 'C_b': 92, 'd_threshold': 0.11869904875662028, 'c_threshold': 0.22776978644653637}. Best is trial 239 with value: 2.784357142857143.[0m

=== OPTIMIZATION COMPLETE ===
Best score:  2.7844
Best params: {'D_b': 8, 'D_c': 9, 'C_a': 59, 'C_b': 60, 'd_threshold': 0.354659850655831, 'c_threshold': 0.2849997673688588}

=== PARAMETER IMPORTANCE ===
  D_b: 0.6587
  d_threshold: 0.2863
  c_threshold: 0.0358
  C_a: 0.0192