Best trial: 99. Best value: 2.76154:  91%|█████████ | 272/300 [2:16:30<13:49, 29.64s/it][32m[I 2026-03-03 18:56:27,351][0m Trial 272 finished with value: 2.7453571428571424 and parameters: {'coop_low_a': 11, 'coop_low_b': 40, 'coop_low_c': 45, 'coop_med_a': 28, 'coop_med_b': 60, 'coop_med_c': 61, 'coop_high_a': 85, 'coop_high_b': 86, 'coop_high_c': 87, 'adap_no_a': 46, 'adap_no_b': 50, 'adap_no_c': 51, 'adap_yes_a': 84, 'adap_yes_b': 85, 'adap_yes_c': 86, 'forg_sigma': 33.28039021944631, 'forg_med_a': 17, 'forg_med_b': 57, 'forg_med_c': 71, 'forg_high_a': 62, 'forg_high_b': 73, 'forg_high_c': 74, 'stoch_none_a': 39, 'stoch_none_b': 47, 'stoch_none_c': 49, 'stoch_some_a': 60, 'stoch_some_b': 61, 'stoch_some_c': 62, 'stoch_alw_a': 78, 'stoch_alw_b': 86, 'stoch_alw_c': 87, 'D_a': 45, 'D_b': 46, 'D_c': 54, 'C_a': 61, 'C_b': 74, 'C_c': 79, 'd_threshold': 0.2775426084137128, 'c_threshold': 0.4967592342231966}. Best is trial 99 with value: 2.7615357142857144.[0m
Best trial: 99. Best value: 2.76154:  91%|█████████ | 273/300 [2:16:59<13:18, 29.57s/it][32m[I 2026-03-03 18:56:56,737][0m Trial 273 finished with value: 2.7165357142857145 and parameters: {'coop_low_a': 13, 'coop_low_b': 41, 'coop_low_c': 45, 'coop_med_a': 28, 'coop_med_b': 60, 'coop_med_c': 61, 'coop_high_a': 85, 'coop_high_b': 86, 'coop_high_c': 87, 'adap_no_a': 56, 'adap_no_b': 57, 'adap_no_c': 58, 'adap_yes_a': 85, 'adap_yes_b': 86, 'adap_yes_c': 87, 'forg_sigma': 14.84001337219125, 'forg_med_a': 17, 'forg_med_b': 56, 'forg_med_c': 71, 'forg_high_a': 62, 'forg_high_b': 73, 'forg_high_c': 74, 'stoch_none_a': 38, 'stoch_none_b': 39, 'stoch_none_c': 49, 'stoch_some_a': 60, 'stoch_some_b': 61, 'stoch_some_c': 62, 'stoch_alw_a': 78, 'stoch_alw_b': 82, 'stoch_alw_c': 84, 'D_a': 45, 'D_b': 46, 'D_c': 54, 'C_a': 61, 'C_b': 74, 'C_c': 79, 'd_threshold': 0.27244793076132595, 'c_threshold': 0.49650280358309484}. Best is trial 99 with value: 2.7615357142857144.[0m
Best trial: 99. Best value: 2.76154:  91%|█████████▏| 274/300 [2:17:30<12:56, 29.87s/it][32m[I 2026-03-03 18:57:27,321][0m Trial 274 finished with value: 2.6865357142857147 and parameters: {'coop_low_a': 11, 'coop_low_b': 40, 'coop_low_c': 45, 'coop_med_a': 27, 'coop_med_b': 39, 'coop_med_c': 49, 'coop_high_a': 86, 'coop_high_b': 87, 'coop_high_c': 88, 'adap_no_a': 46, 'adap_no_b': 50, 'adap_no_c': 52, 'adap_yes_a': 67, 'adap_yes_b': 87, 'adap_yes_c': 88, 'forg_sigma': 33.640804781241506, 'forg_med_a': 14, 'forg_med_b': 58, 'forg_med_c': 72, 'forg_high_a': 63, 'forg_high_b': 83, 'forg_high_c': 84, 'stoch_none_a': 39, 'stoch_none_b': 47, 'stoch_none_c': 48, 'stoch_some_a': 58, 'stoch_some_b': 59, 'stoch_some_c': 62, 'stoch_alw_a': 80, 'stoch_alw_b': 86, 'stoch_alw_c': 87, 'D_a': 46, 'D_b': 47, 'D_c': 59, 'C_a': 64, 'C_b': 74, 'C_c': 80, 'd_threshold': 0.24324316739490529, 'c_threshold': 0.5081821533913962}. Best is trial 99 with value: 2.7615357142857144.[0m
Best trial: 99. Best value: 2.76154:  92%|█████████▏| 275/300 [2:17:59<12:24, 29.78s/it][32m[I 2026-03-03 18:57:56,900][0m Trial 275 finished with value: 2.74975 and parameters: {'coop_low_a': 12, 'coop_low_b': 41, 'coop_low_c': 45, 'coop_med_a': 48, 'coop_med_b': 66, 'coop_med_c': 67, 'coop_high_a': 85, 'coop_high_b': 86, 'coop_high_c': 87, 'adap_no_a': 28, 'adap_no_b': 41, 'adap_no_c': 46, 'adap_yes_a': 83, 'adap_yes_b': 84, 'adap_yes_c': 86, 'forg_sigma': 34.749350646925166, 'forg_med_a': 16, 'forg_med_b': 57, 'forg_med_c': 73, 'forg_high_a': 61, 'forg_high_b': 73, 'forg_high_c': 74, 'stoch_none_a': 41, 'stoch_none_b': 47, 'stoch_none_c': 49, 'stoch_some_a': 63, 'stoch_some_b': 64, 'stoch_some_c': 72, 'stoch_alw_a': 70, 'stoch_alw_b': 84, 'stoch_alw_c': 85, 'D_a': 47, 'D_b': 48, 'D_c': 53, 'C_a': 66, 'C_b': 73, 'C_c': 79, 'd_threshold': 0.34558528403320726, 'c_threshold': 0.48863691125753284}. Best is trial 99 with value: 2.7615357142857144.[0m
Best trial: 99. Best value: 2.76154:  92%|█████████▏| 276/300 [2:18:30<12:00, 30.00s/it][32m[I 2026-03-03 18:58:27,404][0m Trial 276 finished with value: 2.6867142857142854 and parameters: {'coop_low_a': 11, 'coop_low_b': 40, 'coop_low_c': 45, 'coop_med_a': 49, 'coop_med_b': 65, 'coop_med_c': 66, 'coop_high_a': 84, 'coop_high_b': 86, 'coop_high_c': 87, 'adap_no_a': 28, 'adap_no_b': 41, 'adap_no_c': 44, 'adap_yes_a': 84, 'adap_yes_b': 85, 'adap_yes_c': 86, 'forg_sigma': 35.37575160718163, 'forg_med_a': 58, 'forg_med_b': 62, 'forg_med_c': 71, 'forg_high_a': 61, 'forg_high_b': 87, 'forg_high_c': 89, 'stoch_none_a': 42, 'stoch_none_b': 47, 'stoch_none_c': 49, 'stoch_some_a': 62, 'stoch_some_b': 63, 'stoch_some_c': 72, 'stoch_alw_a': 69, 'stoch_alw_b': 84, 'stoch_alw_c': 85, 'D_a': 43, 'D_b': 45, 'D_c': 54, 'C_a': 66, 'C_b': 73, 'C_c': 79, 'd_threshold': 0.35480602053048754, 'c_threshold': 0.48210069564496516}. Best is trial 99 with value: 2.7615357142857144.[0m
Best trial: 99. Best value: 2.76154:  92%|█████████▏| 277/300 [2:19:01<11:34, 30.21s/it][32m[I 2026-03-03 18:58:58,119][0m Trial 277 finished with value: 2.70925 and parameters: {'coop_low_a': 12, 'coop_low_b': 41, 'coop_low_c': 45, 'coop_med_a': 46, 'coop_med_b': 66, 'coop_med_c': 67, 'coop_high_a': 85, 'coop_high_b': 86, 'coop_high_c': 87, 'adap_no_a': 26, 'adap_no_b': 42, 'adap_no_c': 51, 'adap_yes_a': 84, 'adap_yes_b': 85, 'adap_yes_c': 86, 'forg_sigma': 30.596763604356696, 'forg_med_a': 63, 'forg_med_b': 64, 'forg_med_c': 73, 'forg_high_a': 61, 'forg_high_b': 73, 'forg_high_c': 74, 'stoch_none_a': 41, 'stoch_none_b': 47, 'stoch_none_c': 49, 'stoch_some_a': 66, 'stoch_some_b': 67, 'stoch_some_c': 68, 'stoch_alw_a': 70, 'stoch_alw_b': 84, 'stoch_alw_c': 85, 'D_a': 47, 'D_b': 48, 'D_c': 50, 'C_a': 65, 'C_b': 73, 'C_c': 79, 'd_threshold': 0.22748489325401267, 'c_threshold': 0.4875899149733215}. Best is trial 99 with value: 2.7615357142857144.[0m
Best trial: 99. Best value: 2.76154:  93%|█████████▎| 278/300 [2:19:36<11:40, 31.85s/it][32m[I 2026-03-03 18:59:33,786][0m Trial 278 finished with value: 2.71325 and parameters: {'coop_low_a': 10, 'coop_low_b': 39, 'coop_low_c': 45, 'coop_med_a': 47, 'coop_med_b': 74, 'coop_med_c': 75, 'coop_high_a': 86, 'coop_high_b': 87, 'coop_high_c': 88, 'adap_no_a': 31, 'adap_no_b': 49, 'adap_no_c': 51, 'adap_yes_a': 86, 'adap_yes_b': 87, 'adap_yes_c': 90, 'forg_sigma': 33.27165473486014, 'forg_med_a': 18, 'forg_med_b': 57, 'forg_med_c': 73, 'forg_high_a': 60, 'forg_high_b': 62, 'forg_high_c': 63, 'stoch_none_a': 41, 'stoch_none_b': 47, 'stoch_none_c': 49, 'stoch_some_a': 63, 'stoch_some_b': 64, 'stoch_some_c': 72, 'stoch_alw_a': 67, 'stoch_alw_b': 84, 'stoch_alw_c': 86, 'D_a': 45, 'D_b': 48, 'D_c': 53, 'C_a': 62, 'C_b': 75, 'C_c': 80, 'd_threshold': 0.3497966742778629, 'c_threshold': 0.49720433437011186}. Best is trial 99 with value: 2.7615357142857144.[0m
Best trial: 99. Best value: 2.76154:  93%|█████████▎| 279/300 [2:20:06<10:58, 31.37s/it][32m[I 2026-03-03 19:00:04,024][0m Trial 279 finished with value: 2.7015000000000002 and parameters: {'coop_low_a': 14, 'coop_low_b': 41, 'coop_low_c': 45, 'coop_med_a': 48, 'coop_med_b': 65, 'coop_med_c': 66, 'coop_high_a': 83, 'coop_high_b': 85, 'coop_high_c': 86, 'adap_no_a': 27, 'adap_no_b': 41, 'adap_no_c': 53, 'adap_yes_a': 83, 'adap_yes_b': 84, 'adap_yes_c': 85, 'forg_sigma': 34.25159061770097, 'forg_med_a': 61, 'forg_med_b': 62, 'forg_med_c': 69, 'forg_high_a': 61, 'forg_high_b': 73, 'forg_high_c': 75, 'stoch_none_a': 37, 'stoch_none_b': 47, 'stoch_none_c': 49, 'stoch_some_a': 61, 'stoch_some_b': 62, 'stoch_some_c': 63, 'stoch_alw_a': 72, 'stoch_alw_b': 85, 'stoch_alw_c': 86, 'D_a': 48, 'D_b': 49, 'D_c': 55, 'C_a': 34, 'C_b': 72, 'C_c': 78, 'd_threshold': 0.34227488238097, 'c_threshold': 0.49615157978991714}. Best is trial 99 with value: 2.7615357142857144.[0m
Best trial: 99. Best value: 2.76154:  93%|█████████▎| 280/300 [2:20:36<10:17, 30.90s/it][32m[I 2026-03-03 19:00:33,821][0m Trial 280 finished with value: 2.689464285714286 and parameters: {'coop_low_a': 12, 'coop_low_b': 42, 'coop_low_c': 46, 'coop_med_a': 21, 'coop_med_b': 72, 'coop_med_c': 73, 'coop_high_a': 85, 'coop_high_b': 91, 'coop_high_c': 92, 'adap_no_a': 29, 'adap_no_b': 40, 'adap_no_c': 50, 'adap_yes_a': 55, 'adap_yes_b': 78, 'adap_yes_c': 85, 'forg_sigma': 32.76158531704097, 'forg_med_a': 17, 'forg_med_b': 56, 'forg_med_c': 60, 'forg_high_a': 62, 'forg_high_b': 74, 'forg_high_c': 75, 'stoch_none_a': 43, 'stoch_none_b': 46, 'stoch_none_c': 49, 'stoch_some_a': 64, 'stoch_some_b': 73, 'stoch_some_c': 79, 'stoch_alw_a': 74, 'stoch_alw_b': 78, 'stoch_alw_c': 81, 'D_a': 46, 'D_b': 47, 'D_c': 58, 'C_a': 28, 'C_b': 71, 'C_c': 85, 'd_threshold': 0.3312113764274449, 'c_threshold': 0.46886497682496525}. Best is trial 99 with value: 2.7615357142857144.[0m
Best trial: 99. Best value: 2.76154:  94%|█████████▎| 281/300 [2:21:07<09:45, 30.84s/it][32m[I 2026-03-03 19:01:04,532][0m Trial 281 finished with value: 2.692964285714286 and parameters: {'coop_low_a': 13, 'coop_low_b': 40, 'coop_low_c': 45, 'coop_med_a': 29, 'coop_med_b': 58, 'coop_med_c': 61, 'coop_high_a': 87, 'coop_high_b': 88, 'coop_high_c': 89, 'adap_no_a': 43, 'adap_no_b': 44, 'adap_no_c': 47, 'adap_yes_a': 71, 'adap_yes_b': 80, 'adap_yes_c': 89, 'forg_sigma': 35.07846310469964, 'forg_med_a': 51, 'forg_med_b': 57, 'forg_med_c': 74, 'forg_high_a': 62, 'forg_high_b': 72, 'forg_high_c': 73, 'stoch_none_a': 39, 'stoch_none_b': 48, 'stoch_none_c': 50, 'stoch_some_a': 61, 'stoch_some_b': 74, 'stoch_some_c': 75, 'stoch_alw_a': 69, 'stoch_alw_b': 84, 'stoch_alw_c': 87, 'D_a': 48, 'D_b': 49, 'D_c': 59, 'C_a': 67, 'C_b': 74, 'C_c': 81, 'd_threshold': 0.36747960524958406, 'c_threshold': 0.5588973948525949}. Best is trial 99 with value: 2.7615357142857144.[0m
Best trial: 99. Best value: 2.76154:  94%|█████████▍| 282/300 [2:21:38<09:18, 31.00s/it][32m[I 2026-03-03 19:01:35,912][0m Trial 282 finished with value: 2.709892857142857 and parameters: {'coop_low_a': 48, 'coop_low_b': 49, 'coop_low_c': 50, 'coop_med_a': 52, 'coop_med_b': 69, 'coop_med_c': 70, 'coop_high_a': 81, 'coop_high_b': 85, 'coop_high_c': 86, 'adap_no_a': 26, 'adap_no_b': 42, 'adap_no_c': 47, 'adap_yes_a': 75, 'adap_yes_b': 77, 'adap_yes_c': 85, 'forg_sigma': 34.52888167258066, 'forg_med_a': 20, 'forg_med_b': 60, 'forg_med_c': 71, 'forg_high_a': 60, 'forg_high_b': 64, 'forg_high_c': 66, 'stoch_none_a': 35, 'stoch_none_b': 46, 'stoch_none_c': 47, 'stoch_some_a': 59, 'stoch_some_b': 60, 'stoch_some_c': 73, 'stoch_alw_a': 65, 'stoch_alw_b': 88, 'stoch_alw_c': 89, 'D_a': 39, 'D_b': 40, 'D_c': 48, 'C_a': 40, 'C_b': 77, 'C_c': 79, 'd_threshold': 0.25011699383844965, 'c_threshold': 0.5062327761080453}. Best is trial 99 with value: 2.7615357142857144.[0m
Best trial: 99. Best value: 2.76154:  94%|█████████▍| 283/300 [2:22:08<08:41, 30.69s/it][32m[I 2026-03-03 19:02:05,879][0m Trial 283 finished with value: 2.721071428571429 and parameters: {'coop_low_a': 11, 'coop_low_b': 42, 'coop_low_c': 46, 'coop_med_a': 19, 'coop_med_b': 43, 'coop_med_c': 44, 'coop_high_a': 82, 'coop_high_b': 83, 'coop_high_c': 91, 'adap_no_a': 45, 'adap_no_b': 50, 'adap_no_c': 51, 'adap_yes_a': 86, 'adap_yes_b': 87, 'adap_yes_c': 90, 'forg_sigma': 36.52519529222109, 'forg_med_a': 65, 'forg_med_b': 67, 'forg_med_c': 70, 'forg_high_a': 61, 'forg_high_b': 66, 'forg_high_c': 67, 'stoch_none_a': 40, 'stoch_none_b': 41, 'stoch_none_c': 49, 'stoch_some_a': 60, 'stoch_some_b': 61, 'stoch_some_c': 62, 'stoch_alw_a': 81, 'stoch_alw_b': 86, 'stoch_alw_c': 87, 'D_a': 49, 'D_b': 50, 'D_c': 53, 'C_a': 43, 'C_b': 72, 'C_c': 80, 'd_threshold': 0.2896481942906748, 'c_threshold': 0.4901675153558749}. Best is trial 99 with value: 2.7615357142857144.[0m
Best trial: 99. Best value: 2.76154:  95%|█████████▍| 284/300 [2:22:39<08:12, 30.80s/it][32m[I 2026-03-03 19:02:36,932][0m Trial 284 finished with value: 2.7065714285714284 and parameters: {'coop_low_a': 41, 'coop_low_b': 42, 'coop_low_c': 44, 'coop_med_a': 45, 'coop_med_b': 61, 'coop_med_c': 62, 'coop_high_a': 84, 'coop_high_b': 86, 'coop_high_c': 87, 'adap_no_a': 34, 'adap_no_b': 50, 'adap_no_c': 51, 'adap_yes_a': 56, 'adap_yes_b': 85, 'adap_yes_c': 86, 'forg_sigma': 35.88444698169815, 'forg_med_a': 59, 'forg_med_b': 60, 'forg_med_c': 72, 'forg_high_a': 62, 'forg_high_b': 82, 'forg_high_c': 83, 'stoch_none_a': 38, 'stoch_none_b': 47, 'stoch_none_c': 49, 'stoch_some_a': 73, 'stoch_some_b': 74, 'stoch_some_c': 75, 'stoch_alw_a': 79, 'stoch_alw_b': 83, 'stoch_alw_c': 84, 'D_a': 44, 'D_b': 45, 'D_c': 54, 'C_a': 63, 'C_b': 75, 'C_c': 76, 'd_threshold': 0.34450232946951775, 'c_threshold': 0.5196440825017293}. Best is trial 99 with value: 2.7615357142857144.[0m
Best trial: 99. Best value: 2.76154:  95%|█████████▌| 285/300 [2:23:09<07:37, 30.52s/it][32m[I 2026-03-03 19:03:06,789][0m Trial 285 finished with value: 2.753285714285714 and parameters: {'coop_low_a': 14, 'coop_low_b': 40, 'coop_low_c': 45, 'coop_med_a': 23, 'coop_med_b': 29, 'coop_med_c': 56, 'coop_high_a': 72, 'coop_high_b': 84, 'coop_high_c': 86, 'adap_no_a': 29, 'adap_no_b': 40, 'adap_no_c': 44, 'adap_yes_a': 83, 'adap_yes_b': 84, 'adap_yes_c': 87, 'forg_sigma': 35.58726904204701, 'forg_med_a': 16, 'forg_med_b': 58, 'forg_med_c': 71, 'forg_high_a': 60, 'forg_high_b': 74, 'forg_high_c': 75, 'stoch_none_a': 37, 'stoch_none_b': 38, 'stoch_none_c': 44, 'stoch_some_a': 63, 'stoch_some_b': 64, 'stoch_some_c': 65, 'stoch_alw_a': 81, 'stoch_alw_b': 86, 'stoch_alw_c': 87, 'D_a': 46, 'D_b': 48, 'D_c': 59, 'C_a': 87, 'C_b': 88, 'C_c': 89, 'd_threshold': 0.21726283201792387, 'c_threshold': 0.4756440354473245}. Best is trial 99 with value: 2.7615357142857144.[0m
Best trial: 99. Best value: 2.76154:  95%|█████████▌| 286/300 [2:23:38<07:00, 30.01s/it][32m[I 2026-03-03 19:03:35,626][0m Trial 286 finished with value: 2.7365357142857145 and parameters: {'coop_low_a': 15, 'coop_low_b': 40, 'coop_low_c': 44, 'coop_med_a': 23, 'coop_med_b': 28, 'coop_med_c': 55, 'coop_high_a': 72, 'coop_high_b': 84, 'coop_high_c': 85, 'adap_no_a': 30, 'adap_no_b': 40, 'adap_no_c': 44, 'adap_yes_a': 84, 'adap_yes_b': 85, 'adap_yes_c': 87, 'forg_sigma': 35.30373153284977, 'forg_med_a': 15, 'forg_med_b': 55, 'forg_med_c': 70, 'forg_high_a': 60, 'forg_high_b': 68, 'forg_high_c': 69, 'stoch_none_a': 37, 'stoch_none_b': 38, 'stoch_none_c': 44, 'stoch_some_a': 63, 'stoch_some_b': 64, 'stoch_some_c': 65, 'stoch_alw_a': 82, 'stoch_alw_b': 86, 'stoch_alw_c': 87, 'D_a': 47, 'D_b': 48, 'D_c': 59, 'C_a': 87, 'C_b': 88, 'C_c': 89, 'd_threshold': 0.21494811862912497, 'c_threshold': 0.46996961372080326}. Best is trial 99 with value: 2.7615357142857144.[0m
Best trial: 99. Best value: 2.76154:  96%|█████████▌| 287/300 [2:24:08<06:28, 29.90s/it][32m[I 2026-03-03 19:04:05,254][0m Trial 287 finished with value: 2.700821428571429 and parameters: {'coop_low_a': 14, 'coop_low_b': 40, 'coop_low_c': 45, 'coop_med_a': 77, 'coop_med_b': 79, 'coop_med_c': 79, 'coop_high_a': 71, 'coop_high_b': 85, 'coop_high_c': 86, 'adap_no_a': 29, 'adap_no_b': 39, 'adap_no_c': 45, 'adap_yes_a': 88, 'adap_yes_b': 90, 'adap_yes_c': 94, 'forg_sigma': 35.94271897787136, 'forg_med_a': 17, 'forg_med_b': 21, 'forg_med_c': 67, 'forg_high_a': 60, 'forg_high_b': 72, 'forg_high_c': 73, 'stoch_none_a': 36, 'stoch_none_b': 43, 'stoch_none_c': 44, 'stoch_some_a': 63, 'stoch_some_b': 64, 'stoch_some_c': 65, 'stoch_alw_a': 81, 'stoch_alw_b': 86, 'stoch_alw_c': 87, 'D_a': 45, 'D_b': 46, 'D_c': 58, 'C_a': 88, 'C_b': 89, 'C_c': 90, 'd_threshold': 0.22259679809820015, 'c_threshold': 0.4468556896129468}. Best is trial 99 with value: 2.7615357142857144.[0m
Best trial: 99. Best value: 2.76154:  96%|█████████▌| 288/300 [2:24:38<06:00, 30.05s/it][32m[I 2026-03-03 19:04:35,642][0m Trial 288 finished with value: 2.7068214285714283 and parameters: {'coop_low_a': 13, 'coop_low_b': 38, 'coop_low_c': 45, 'coop_med_a': 25, 'coop_med_b': 29, 'coop_med_c': 56, 'coop_high_a': 72, 'coop_high_b': 85, 'coop_high_c': 86, 'adap_no_a': 31, 'adap_no_b': 41, 'adap_no_c': 46, 'adap_yes_a': 82, 'adap_yes_b': 83, 'adap_yes_c': 87, 'forg_sigma': 34.851138333456355, 'forg_med_a': 16, 'forg_med_b': 58, 'forg_med_c': 73, 'forg_high_a': 61, 'forg_high_b': 74, 'forg_high_c': 75, 'stoch_none_a': 37, 'stoch_none_b': 38, 'stoch_none_c': 44, 'stoch_some_a': 64, 'stoch_some_b': 65, 'stoch_some_c': 71, 'stoch_alw_a': 80, 'stoch_alw_b': 94, 'stoch_alw_c': 97, 'D_a': 46, 'D_b': 48, 'D_c': 59, 'C_a': 93, 'C_b': 94, 'C_c': 95, 'd_threshold': 0.2034856877830422, 'c_threshold': 0.4573900828726573}. Best is trial 99 with value: 2.7615357142857144.[0m
Best trial: 99. Best value: 2.76154:  96%|█████████▋| 289/300 [2:25:07<05:27, 29.74s/it][32m[I 2026-03-03 19:05:04,683][0m Trial 289 finished with value: 2.7132499999999995 and parameters: {'coop_low_a': 14, 'coop_low_b': 39, 'coop_low_c': 45, 'coop_med_a': 22, 'coop_med_b': 36, 'coop_med_c': 58, 'coop_high_a': 73, 'coop_high_b': 84, 'coop_high_c': 85, 'adap_no_a': 28, 'adap_no_b': 42, 'adap_no_c': 45, 'adap_yes_a': 83, 'adap_yes_b': 84, 'adap_yes_c': 87, 'forg_sigma': 37.516270365048506, 'forg_med_a': 43, 'forg_med_b': 58, 'forg_med_c': 71, 'forg_high_a': 61, 'forg_high_b': 73, 'forg_high_c': 74, 'stoch_none_a': 38, 'stoch_none_b': 39, 'stoch_none_c': 44, 'stoch_some_a': 65, 'stoch_some_b': 66, 'stoch_some_c': 67, 'stoch_alw_a': 83, 'stoch_alw_b': 86, 'stoch_alw_c': 87, 'D_a': 47, 'D_b': 48, 'D_c': 59, 'C_a': 85, 'C_b': 87, 'C_c': 88, 'd_threshold': 0.2349045260078258, 'c_threshold': 0.4764153621155069}. Best is trial 99 with value: 2.7615357142857144.[0m
Best trial: 99. Best value: 2.76154:  97%|█████████▋| 290/300 [2:25:37<04:57, 29.80s/it][32m[I 2026-03-03 19:05:34,606][0m Trial 290 finished with value: 2.722142857142857 and parameters: {'coop_low_a': 16, 'coop_low_b': 41, 'coop_low_c': 45, 'coop_med_a': 24, 'coop_med_b': 37, 'coop_med_c': 57, 'coop_high_a': 74, 'coop_high_b': 84, 'coop_high_c': 85, 'adap_no_a': 28, 'adap_no_b': 49, 'adap_no_c': 50, 'adap_yes_a': 58, 'adap_yes_b': 86, 'adap_yes_c': 87, 'forg_sigma': 33.80838399700465, 'forg_med_a': 19, 'forg_med_b': 59, 'forg_med_c': 71, 'forg_high_a': 71, 'forg_high_b': 72, 'forg_high_c': 76, 'stoch_none_a': 45, 'stoch_none_b': 49, 'stoch_none_c': 50, 'stoch_some_a': 78, 'stoch_some_b': 78, 'stoch_some_c': 80, 'stoch_alw_a': 76, 'stoch_alw_b': 85, 'stoch_alw_c': 86, 'D_a': 42, 'D_b': 43, 'D_c': 58, 'C_a': 90, 'C_b': 92, 'C_c': 93, 'd_threshold': 0.2118412662163048, 'c_threshold': 0.48587663301156775}. Best is trial 99 with value: 2.7615357142857144.[0m
Best trial: 99. Best value: 2.76154:  97%|█████████▋| 291/300 [2:26:07<04:28, 29.87s/it][32m[I 2026-03-03 19:06:04,649][0m Trial 291 finished with value: 2.7088571428571426 and parameters: {'coop_low_a': 12, 'coop_low_b': 39, 'coop_low_c': 44, 'coop_med_a': 49, 'coop_med_b': 64, 'coop_med_c': 65, 'coop_high_a': 75, 'coop_high_b': 83, 'coop_high_c': 84, 'adap_no_a': 33, 'adap_no_b': 41, 'adap_no_c': 44, 'adap_yes_a': 84, 'adap_yes_b': 85, 'adap_yes_c': 86, 'forg_sigma': 32.26248171440207, 'forg_med_a': 21, 'forg_med_b': 57, 'forg_med_c': 72, 'forg_high_a': 60, 'forg_high_b': 74, 'forg_high_c': 75, 'stoch_none_a': 42, 'stoch_none_b': 47, 'stoch_none_c': 48, 'stoch_some_a': 61, 'stoch_some_b': 62, 'stoch_some_c': 63, 'stoch_alw_a': 75, 'stoch_alw_b': 85, 'stoch_alw_c': 86, 'D_a': 50, 'D_b': 51, 'D_c': 55, 'C_a': 37, 'C_b': 76, 'C_c': 78, 'd_threshold': 0.38140679372624986, 'c_threshold': 0.34327829066287985}. Best is trial 99 with value: 2.7615357142857144.[0m
Best trial: 99. Best value: 2.76154:  97%|█████████▋| 292/300 [2:26:37<03:58, 29.85s/it][32m[I 2026-03-03 19:06:34,438][0m Trial 292 finished with value: 2.7356071428571425 and parameters: {'coop_low_a': 10, 'coop_low_b': 41, 'coop_low_c': 42, 'coop_med_a': 20, 'coop_med_b': 41, 'coop_med_c': 42, 'coop_high_a': 50, 'coop_high_b': 51, 'coop_high_c': 81, 'adap_no_a': 50, 'adap_no_b': 53, 'adap_no_c': 54, 'adap_yes_a': 85, 'adap_yes_b': 86, 'adap_yes_c': 87, 'forg_sigma': 36.5991879465441, 'forg_med_a': 18, 'forg_med_b': 56, 'forg_med_c': 72, 'forg_high_a': 61, 'forg_high_b': 75, 'forg_high_c': 76, 'stoch_none_a': 39, 'stoch_none_b': 40, 'stoch_none_c': 45, 'stoch_some_a': 56, 'stoch_some_b': 65, 'stoch_some_c': 66, 'stoch_alw_a': 71, 'stoch_alw_b': 87, 'stoch_alw_c': 88, 'D_a': 48, 'D_b': 49, 'D_c': 59, 'C_a': 46, 'C_b': 72, 'C_c': 80, 'd_threshold': 0.3212714068532859, 'c_threshold': 0.4943405047947825}. Best is trial 99 with value: 2.7615357142857144.[0m
Best trial: 99. Best value: 2.76154:  98%|█████████▊| 293/300 [2:27:06<03:27, 29.60s/it][32m[I 2026-03-03 19:07:03,470][0m Trial 293 finished with value: 2.715607142857143 and parameters: {'coop_low_a': 48, 'coop_low_b': 49, 'coop_low_c': 50, 'coop_med_a': 23, 'coop_med_b': 34, 'coop_med_c': 55, 'coop_high_a': 87, 'coop_high_b': 88, 'coop_high_c': 89, 'adap_no_a': 30, 'adap_no_b': 40, 'adap_no_c': 56, 'adap_yes_a': 53, 'adap_yes_b': 79, 'adap_yes_c': 89, 'forg_sigma': 13.274622352567034, 'forg_med_a': 12, 'forg_med_b': 60, 'forg_med_c': 63, 'forg_high_a': 70, 'forg_high_b': 73, 'forg_high_c': 74, 'stoch_none_a': 41, 'stoch_none_b': 42, 'stoch_none_c': 43, 'stoch_some_a': 57, 'stoch_some_b': 58, 'stoch_some_c': 66, 'stoch_alw_a': 80, 'stoch_alw_b': 86, 'stoch_alw_c': 87, 'D_a': 46, 'D_b': 47, 'D_c': 59, 'C_a': 86, 'C_b': 87, 'C_c': 88, 'd_threshold': 0.3001605739983724, 'c_threshold': 0.48016006976500064}. Best is trial 99 with value: 2.7615357142857144.[0m
