Best trial: 211. Best value: 2.70557:  81%|████████▏ | 244/300 [1:55:29<25:35, 27.41s/it][32m[I 2026-03-03 14:37:02,402][0m Trial 243 finished with value: 2.5347857142857144 and parameters: {'coop_low_a': 32, 'coop_low_b': 38, 'coop_low_c': 42, 'coop_med_a': 34, 'coop_med_b': 37, 'coop_med_c': 67, 'coop_high_a': 66, 'coop_high_b': 91, 'coop_high_c': 94, 'adap_no_a': 37, 'adap_no_b': 41, 'adap_no_c': 42, 'adap_yes_a': 58, 'adap_yes_b': 96, 'adap_yes_c': 97, 'forg_sigma': 18.71788356551085, 'forg_med_a': 12, 'forg_med_b': 46, 'forg_med_c': 55, 'forg_high_a': 95, 'forg_high_b': 96, 'forg_high_c': 97, 'stoch_none_a': 30, 'stoch_none_b': 43, 'stoch_none_c': 46, 'stoch_some_a': 46, 'stoch_some_b': 64, 'stoch_some_c': 71, 'stoch_alw_a': 80, 'stoch_alw_b': 90, 'stoch_alw_c': 94, 'D_a': 10, 'D_b': 36, 'D_c': 51, 'C_a': 74, 'C_b': 86, 'C_c': 87, 'd_threshold': 0.4317334799419885, 'c_threshold': 0.4017582803920652}. Best is trial 211 with value: 2.705571428571429.[0m
Best trial: 211. Best value: 2.70557:  82%|████████▏ | 245/300 [1:55:56<25:04, 27.35s/it][32m[I 2026-03-03 14:37:29,618][0m Trial 244 finished with value: 2.672 and parameters: {'coop_low_a': 34, 'coop_low_b': 38, 'coop_low_c': 42, 'coop_med_a': 35, 'coop_med_b': 36, 'coop_med_c': 63, 'coop_high_a': 63, 'coop_high_b': 90, 'coop_high_c': 94, 'adap_no_a': 42, 'adap_no_b': 43, 'adap_no_c': 44, 'adap_yes_a': 61, 'adap_yes_b': 95, 'adap_yes_c': 97, 'forg_sigma': 19.10656090860893, 'forg_med_a': 48, 'forg_med_b': 53, 'forg_med_c': 73, 'forg_high_a': 96, 'forg_high_b': 96, 'forg_high_c': 97, 'stoch_none_a': 32, 'stoch_none_b': 42, 'stoch_none_c': 46, 'stoch_some_a': 44, 'stoch_some_b': 66, 'stoch_some_c': 71, 'stoch_alw_a': 81, 'stoch_alw_b': 90, 'stoch_alw_c': 92, 'D_a': 10, 'D_b': 20, 'D_c': 37, 'C_a': 70, 'C_b': 89, 'C_c': 90, 'd_threshold': 0.45844177628663413, 'c_threshold': 0.48380081243937634}. Best is trial 211 with value: 2.705571428571429.[0m
Best trial: 211. Best value: 2.70557:  82%|████████▏ | 246/300 [1:56:23<24:25, 27.15s/it][32m[I 2026-03-03 14:37:56,280][0m Trial 245 finished with value: 2.6104999999999996 and parameters: {'coop_low_a': 30, 'coop_low_b': 37, 'coop_low_c': 43, 'coop_med_a': 37, 'coop_med_b': 38, 'coop_med_c': 63, 'coop_high_a': 62, 'coop_high_b': 90, 'coop_high_c': 94, 'adap_no_a': 40, 'adap_no_b': 41, 'adap_no_c': 42, 'adap_yes_a': 60, 'adap_yes_b': 96, 'adap_yes_c': 97, 'forg_sigma': 6.465313292830555, 'forg_med_a': 54, 'forg_med_b': 57, 'forg_med_c': 73, 'forg_high_a': 93, 'forg_high_b': 96, 'forg_high_c': 97, 'stoch_none_a': 33, 'stoch_none_b': 43, 'stoch_none_c': 46, 'stoch_some_a': 46, 'stoch_some_b': 65, 'stoch_some_c': 71, 'stoch_alw_a': 78, 'stoch_alw_b': 91, 'stoch_alw_c': 94, 'D_a': 32, 'D_b': 33, 'D_c': 34, 'C_a': 73, 'C_b': 87, 'C_c': 88, 'd_threshold': 0.4511236894935955, 'c_threshold': 0.5010461822426893}. Best is trial 211 with value: 2.705571428571429.[0m
Best trial: 211. Best value: 2.70557:  82%|████████▏ | 247/300 [1:56:51<24:12, 27.41s/it][32m[I 2026-03-03 14:38:24,319][0m Trial 246 finished with value: 2.6645714285714286 and parameters: {'coop_low_a': 33, 'coop_low_b': 38, 'coop_low_c': 45, 'coop_med_a': 33, 'coop_med_b': 35, 'coop_med_c': 64, 'coop_high_a': 64, 'coop_high_b': 89, 'coop_high_c': 94, 'adap_no_a': 39, 'adap_no_b': 42, 'adap_no_c': 43, 'adap_yes_a': 62, 'adap_yes_b': 97, 'adap_yes_c': 99, 'forg_sigma': 18.032193156126727, 'forg_med_a': 13, 'forg_med_b': 40, 'forg_med_c': 54, 'forg_high_a': 94, 'forg_high_b': 96, 'forg_high_c': 97, 'stoch_none_a': 29, 'stoch_none_b': 40, 'stoch_none_c': 47, 'stoch_some_a': 38, 'stoch_some_b': 63, 'stoch_some_c': 73, 'stoch_alw_a': 78, 'stoch_alw_b': 89, 'stoch_alw_c': 94, 'D_a': 8, 'D_b': 36, 'D_c': 37, 'C_a': 71, 'C_b': 89, 'C_c': 90, 'd_threshold': 0.49834963664400095, 'c_threshold': 0.7445794058307917}. Best is trial 211 with value: 2.705571428571429.[0m
Best trial: 211. Best value: 2.70557:  83%|████████▎ | 248/300 [1:57:18<23:47, 27.46s/it][32m[I 2026-03-03 14:38:51,871][0m Trial 247 finished with value: 2.657392857142857 and parameters: {'coop_low_a': 18, 'coop_low_b': 36, 'coop_low_c': 41, 'coop_med_a': 31, 'coop_med_b': 32, 'coop_med_c': 66, 'coop_high_a': 63, 'coop_high_b': 88, 'coop_high_c': 94, 'adap_no_a': 41, 'adap_no_b': 42, 'adap_no_c': 43, 'adap_yes_a': 66, 'adap_yes_b': 97, 'adap_yes_c': 99, 'forg_sigma': 23.327881528253542, 'forg_med_a': 11, 'forg_med_b': 43, 'forg_med_c': 56, 'forg_high_a': 96, 'forg_high_b': 96, 'forg_high_c': 97, 'stoch_none_a': 32, 'stoch_none_b': 41, 'stoch_none_c': 46, 'stoch_some_a': 36, 'stoch_some_b': 66, 'stoch_some_c': 71, 'stoch_alw_a': 79, 'stoch_alw_b': 89, 'stoch_alw_c': 94, 'D_a': 30, 'D_b': 34, 'D_c': 35, 'C_a': 69, 'C_b': 88, 'C_c': 89, 'd_threshold': 0.4406765167196068, 'c_threshold': 0.324790643142556}. Best is trial 211 with value: 2.705571428571429.[0m
Best trial: 211. Best value: 2.70557:  83%|████████▎ | 249/300 [1:57:46<23:31, 27.68s/it][32m[I 2026-03-03 14:39:20,067][0m Trial 248 finished with value: 2.6742142857142857 and parameters: {'coop_low_a': 35, 'coop_low_b': 39, 'coop_low_c': 44, 'coop_med_a': 37, 'coop_med_b': 38, 'coop_med_c': 68, 'coop_high_a': 54, 'coop_high_b': 92, 'coop_high_c': 94, 'adap_no_a': 43, 'adap_no_b': 51, 'adap_no_c': 53, 'adap_yes_a': 64, 'adap_yes_b': 94, 'adap_yes_c': 97, 'forg_sigma': 37.31424112983473, 'forg_med_a': 49, 'forg_med_b': 59, 'forg_med_c': 71, 'forg_high_a': 95, 'forg_high_b': 96, 'forg_high_c': 97, 'stoch_none_a': 37, 'stoch_none_b': 43, 'stoch_none_c': 46, 'stoch_some_a': 30, 'stoch_some_b': 66, 'stoch_some_c': 71, 'stoch_alw_a': 80, 'stoch_alw_b': 90, 'stoch_alw_c': 94, 'D_a': 12, 'D_b': 22, 'D_c': 33, 'C_a': 74, 'C_b': 87, 'C_c': 88, 'd_threshold': 0.39934376691357165, 'c_threshold': 0.42627345746441775}. Best is trial 211 with value: 2.705571428571429.[0m
Best trial: 211. Best value: 2.70557:  83%|████████▎ | 250/300 [1:58:13<22:56, 27.52s/it][32m[I 2026-03-03 14:39:47,219][0m Trial 249 finished with value: 2.66525 and parameters: {'coop_low_a': 34, 'coop_low_b': 38, 'coop_low_c': 44, 'coop_med_a': 34, 'coop_med_b': 35, 'coop_med_c': 65, 'coop_high_a': 64, 'coop_high_b': 87, 'coop_high_c': 95, 'adap_no_a': 41, 'adap_no_b': 42, 'adap_no_c': 43, 'adap_yes_a': 90, 'adap_yes_b': 93, 'adap_yes_c': 97, 'forg_sigma': 16.524920275565016, 'forg_med_a': 45, 'forg_med_b': 51, 'forg_med_c': 54, 'forg_high_a': 94, 'forg_high_b': 96, 'forg_high_c': 97, 'stoch_none_a': 31, 'stoch_none_b': 45, 'stoch_none_c': 46, 'stoch_some_a': 24, 'stoch_some_b': 67, 'stoch_some_c': 73, 'stoch_alw_a': 77, 'stoch_alw_b': 91, 'stoch_alw_c': 94, 'D_a': 12, 'D_b': 37, 'D_c': 38, 'C_a': 76, 'C_b': 77, 'C_c': 87, 'd_threshold': 0.42354043162877664, 'c_threshold': 0.4402974354166055}. Best is trial 211 with value: 2.705571428571429.[0m
Best trial: 211. Best value: 2.70557:  84%|████████▎ | 251/300 [1:58:41<22:30, 27.55s/it][32m[I 2026-03-03 14:40:14,840][0m Trial 250 finished with value: 2.6652857142857145 and parameters: {'coop_low_a': 20, 'coop_low_b': 37, 'coop_low_c': 45, 'coop_med_a': 32, 'coop_med_b': 33, 'coop_med_c': 63, 'coop_high_a': 66, 'coop_high_b': 89, 'coop_high_c': 94, 'adap_no_a': 38, 'adap_no_b': 41, 'adap_no_c': 42, 'adap_yes_a': 62, 'adap_yes_b': 63, 'adap_yes_c': 95, 'forg_sigma': 20.614976042460345, 'forg_med_a': 12, 'forg_med_b': 37, 'forg_med_c': 76, 'forg_high_a': 87, 'forg_high_b': 95, 'forg_high_c': 97, 'stoch_none_a': 28, 'stoch_none_b': 48, 'stoch_none_c': 48, 'stoch_some_a': 33, 'stoch_some_b': 68, 'stoch_some_c': 71, 'stoch_alw_a': 77, 'stoch_alw_b': 85, 'stoch_alw_c': 93, 'D_a': 34, 'D_b': 43, 'D_c': 44, 'C_a': 72, 'C_b': 86, 'C_c': 87, 'd_threshold': 0.46784465626063887, 'c_threshold': 0.720221995865507}. Best is trial 211 with value: 2.705571428571429.[0m
Best trial: 211. Best value: 2.70557:  84%|████████▍ | 252/300 [1:59:08<21:59, 27.48s/it][32m[I 2026-03-03 14:40:42,164][0m Trial 251 finished with value: 2.6869642857142857 and parameters: {'coop_low_a': 33, 'coop_low_b': 39, 'coop_low_c': 44, 'coop_med_a': 35, 'coop_med_b': 37, 'coop_med_c': 64, 'coop_high_a': 62, 'coop_high_b': 90, 'coop_high_c': 94, 'adap_no_a': 36, 'adap_no_b': 40, 'adap_no_c': 41, 'adap_yes_a': 58, 'adap_yes_b': 95, 'adap_yes_c': 97, 'forg_sigma': 19.074414948888247, 'forg_med_a': 14, 'forg_med_b': 62, 'forg_med_c': 74, 'forg_high_a': 95, 'forg_high_b': 96, 'forg_high_c': 97, 'stoch_none_a': 34, 'stoch_none_b': 42, 'stoch_none_c': 46, 'stoch_some_a': 48, 'stoch_some_b': 63, 'stoch_some_c': 70, 'stoch_alw_a': 78, 'stoch_alw_b': 88, 'stoch_alw_c': 93, 'D_a': 28, 'D_b': 29, 'D_c': 30, 'C_a': 81, 'C_b': 84, 'C_c': 86, 'd_threshold': 0.4360491096897377, 'c_threshold': 0.3513516694259066}. Best is trial 211 with value: 2.705571428571429.[0m
Best trial: 211. Best value: 2.70557:  84%|████████▍ | 253/300 [1:59:36<21:37, 27.60s/it][32m[I 2026-03-03 14:41:10,034][0m Trial 252 finished with value: 2.6716428571428574 and parameters: {'coop_low_a': 32, 'coop_low_b': 38, 'coop_low_c': 41, 'coop_med_a': 36, 'coop_med_b': 37, 'coop_med_c': 63, 'coop_high_a': 62, 'coop_high_b': 91, 'coop_high_c': 92, 'adap_no_a': 37, 'adap_no_b': 40, 'adap_no_c': 41, 'adap_yes_a': 58, 'adap_yes_b': 91, 'adap_yes_c': 96, 'forg_sigma': 19.274377837960746, 'forg_med_a': 15, 'forg_med_b': 63, 'forg_med_c': 74, 'forg_high_a': 96, 'forg_high_b': 96, 'forg_high_c': 97, 'stoch_none_a': 34, 'stoch_none_b': 42, 'stoch_none_c': 46, 'stoch_some_a': 48, 'stoch_some_b': 63, 'stoch_some_c': 70, 'stoch_alw_a': 79, 'stoch_alw_b': 88, 'stoch_alw_c': 93, 'D_a': 10, 'D_b': 17, 'D_c': 25, 'C_a': 70, 'C_b': 75, 'C_c': 80, 'd_threshold': 0.4158696431359131, 'c_threshold': 0.3703725207275795}. Best is trial 211 with value: 2.705571428571429.[0m
Best trial: 211. Best value: 2.70557:  85%|████████▍ | 254/300 [2:00:04<21:06, 27.54s/it][32m[I 2026-03-03 14:41:37,441][0m Trial 253 finished with value: 2.674035714285714 and parameters: {'coop_low_a': 31, 'coop_low_b': 39, 'coop_low_c': 44, 'coop_med_a': 17, 'coop_med_b': 32, 'coop_med_c': 64, 'coop_high_a': 60, 'coop_high_b': 91, 'coop_high_c': 92, 'adap_no_a': 36, 'adap_no_b': 39, 'adap_no_c': 40, 'adap_yes_a': 60, 'adap_yes_b': 95, 'adap_yes_c': 96, 'forg_sigma': 18.334561880345532, 'forg_med_a': 11, 'forg_med_b': 29, 'forg_med_c': 57, 'forg_high_a': 94, 'forg_high_b': 96, 'forg_high_c': 97, 'stoch_none_a': 34, 'stoch_none_b': 41, 'stoch_none_c': 47, 'stoch_some_a': 21, 'stoch_some_b': 30, 'stoch_some_c': 31, 'stoch_alw_a': 81, 'stoch_alw_b': 88, 'stoch_alw_c': 93, 'D_a': 26, 'D_b': 27, 'D_c': 35, 'C_a': 84, 'C_b': 85, 'C_c': 89, 'd_threshold': 0.44167016861649777, 'c_threshold': 0.46353895271776124}. Best is trial 211 with value: 2.705571428571429.[0m
Best trial: 211. Best value: 2.70557:  85%|████████▌ | 255/300 [2:00:30<20:28, 27.29s/it][32m[I 2026-03-03 14:42:04,158][0m Trial 254 finished with value: 2.67475 and parameters: {'coop_low_a': 33, 'coop_low_b': 39, 'coop_low_c': 43, 'coop_med_a': 38, 'coop_med_b': 39, 'coop_med_c': 62, 'coop_high_a': 62, 'coop_high_b': 90, 'coop_high_c': 94, 'adap_no_a': 35, 'adap_no_b': 40, 'adap_no_c': 42, 'adap_yes_a': 57, 'adap_yes_b': 94, 'adap_yes_c': 97, 'forg_sigma': 19.23347727706655, 'forg_med_a': 13, 'forg_med_b': 38, 'forg_med_c': 52, 'forg_high_a': 95, 'forg_high_b': 96, 'forg_high_c': 97, 'stoch_none_a': 32, 'stoch_none_b': 43, 'stoch_none_c': 46, 'stoch_some_a': 50, 'stoch_some_b': 64, 'stoch_some_c': 70, 'stoch_alw_a': 79, 'stoch_alw_b': 88, 'stoch_alw_c': 93, 'D_a': 15, 'D_b': 21, 'D_c': 35, 'C_a': 69, 'C_b': 77, 'C_c': 79, 'd_threshold': 0.45373124214908217, 'c_threshold': 0.6124608791424097}. Best is trial 211 with value: 2.705571428571429.[0m
Best trial: 211. Best value: 2.70557:  85%|████████▌ | 256/300 [2:00:58<19:59, 27.25s/it][32m[I 2026-03-03 14:42:31,322][0m Trial 255 finished with value: 2.539071428571429 and parameters: {'coop_low_a': 34, 'coop_low_b': 37, 'coop_low_c': 43, 'coop_med_a': 40, 'coop_med_b': 41, 'coop_med_c': 68, 'coop_high_a': 61, 'coop_high_b': 90, 'coop_high_c': 94, 'adap_no_a': 36, 'adap_no_b': 40, 'adap_no_c': 41, 'adap_yes_a': 59, 'adap_yes_b': 63, 'adap_yes_c': 98, 'forg_sigma': 20.161628080634078, 'forg_med_a': 10, 'forg_med_b': 43, 'forg_med_c': 74, 'forg_high_a': 93, 'forg_high_b': 94, 'forg_high_c': 97, 'stoch_none_a': 33, 'stoch_none_b': 45, 'stoch_none_c': 46, 'stoch_some_a': 73, 'stoch_some_b': 77, 'stoch_some_c': 79, 'stoch_alw_a': 80, 'stoch_alw_b': 89, 'stoch_alw_c': 94, 'D_a': 5, 'D_b': 18, 'D_c': 34, 'C_a': 89, 'C_b': 91, 'C_c': 93, 'd_threshold': 0.32727139339576566, 'c_threshold': 0.3401410645289095}. Best is trial 211 with value: 2.705571428571429.[0m
Best trial: 211. Best value: 2.70557:  86%|████████▌ | 257/300 [2:01:26<19:47, 27.61s/it][32m[I 2026-03-03 14:42:59,751][0m Trial 256 finished with value: 2.546035714285715 and parameters: {'coop_low_a': 33, 'coop_low_b': 40, 'coop_low_c': 44, 'coop_med_a': 35, 'coop_med_b': 37, 'coop_med_c': 63, 'coop_high_a': 60, 'coop_high_b': 86, 'coop_high_c': 95, 'adap_no_a': 44, 'adap_no_b': 53, 'adap_no_c': 55, 'adap_yes_a': 61, 'adap_yes_b': 97, 'adap_yes_c': 99, 'forg_sigma': 17.619008044428956, 'forg_med_a': 14, 'forg_med_b': 62, 'forg_med_c': 73, 'forg_high_a': 93, 'forg_high_b': 96, 'forg_high_c': 97, 'stoch_none_a': 18, 'stoch_none_b': 27, 'stoch_none_c': 44, 'stoch_some_a': 49, 'stoch_some_b': 63, 'stoch_some_c': 67, 'stoch_alw_a': 78, 'stoch_alw_b': 87, 'stoch_alw_c': 93, 'D_a': 11, 'D_b': 19, 'D_c': 23, 'C_a': 80, 'C_b': 84, 'C_c': 86, 'd_threshold': 0.43165273631118223, 'c_threshold': 0.6249073454365027}. Best is trial 211 with value: 2.705571428571429.[0m
Best trial: 211. Best value: 2.70557:  86%|████████▌ | 258/300 [2:01:53<19:15, 27.51s/it][32m[I 2026-03-03 14:43:27,027][0m Trial 257 finished with value: 2.668857142857143 and parameters: {'coop_low_a': 32, 'coop_low_b': 38, 'coop_low_c': 45, 'coop_med_a': 32, 'coop_med_b': 34, 'coop_med_c': 64, 'coop_high_a': 63, 'coop_high_b': 89, 'coop_high_c': 94, 'adap_no_a': 7, 'adap_no_b': 18, 'adap_no_c': 40, 'adap_yes_a': 88, 'adap_yes_b': 96, 'adap_yes_c': 97, 'forg_sigma': 18.462299693369577, 'forg_med_a': 12, 'forg_med_b': 14, 'forg_med_c': 15, 'forg_high_a': 88, 'forg_high_b': 95, 'forg_high_c': 97, 'stoch_none_a': 30, 'stoch_none_b': 47, 'stoch_none_c': 48, 'stoch_some_a': 51, 'stoch_some_b': 64, 'stoch_some_c': 69, 'stoch_alw_a': 78, 'stoch_alw_b': 88, 'stoch_alw_c': 93, 'D_a': 30, 'D_b': 31, 'D_c': 32, 'C_a': 73, 'C_b': 87, 'C_c': 88, 'd_threshold': 0.675474148064282, 'c_threshold': 0.7346540567809315}. Best is trial 211 with value: 2.705571428571429.[0m
Best trial: 211. Best value: 2.70557:  86%|████████▋ | 259/300 [2:02:20<18:38, 27.29s/it][32m[I 2026-03-03 14:43:53,794][0m Trial 258 finished with value: 2.6899285714285712 and parameters: {'coop_low_a': 35, 'coop_low_b': 39, 'coop_low_c': 44, 'coop_med_a': 30, 'coop_med_b': 33, 'coop_med_c': 69, 'coop_high_a': 56, 'coop_high_b': 91, 'coop_high_c': 93, 'adap_no_a': 39, 'adap_no_b': 41, 'adap_no_c': 42, 'adap_yes_a': 65, 'adap_yes_b': 66, 'adap_yes_c': 98, 'forg_sigma': 19.64079303059766, 'forg_med_a': 14, 'forg_med_b': 16, 'forg_med_c': 50, 'forg_high_a': 96, 'forg_high_b': 96, 'forg_high_c': 97, 'stoch_none_a': 35, 'stoch_none_b': 42, 'stoch_none_c': 46, 'stoch_some_a': 42, 'stoch_some_b': 58, 'stoch_some_c': 70, 'stoch_alw_a': 79, 'stoch_alw_b': 89, 'stoch_alw_c': 94, 'D_a': 13, 'D_b': 20, 'D_c': 36, 'C_a': 82, 'C_b': 84, 'C_c': 85, 'd_threshold': 0.4360796435629023, 'c_threshold': 0.3609250015595681}. Best is trial 211 with value: 2.705571428571429.[0m
Best trial: 211. Best value: 2.70557:  87%|████████▋ | 260/300 [2:02:47<18:13, 27.34s/it][32m[I 2026-03-03 14:44:21,259][0m Trial 259 finished with value: 2.6554285714285712 and parameters: {'coop_low_a': 35, 'coop_low_b': 39, 'coop_low_c': 44, 'coop_med_a': 30, 'coop_med_b': 33, 'coop_med_c': 69, 'coop_high_a': 55, 'coop_high_b': 59, 'coop_high_c': 96, 'adap_no_a': 38, 'adap_no_b': 41, 'adap_no_c': 42, 'adap_yes_a': 67, 'adap_yes_b': 95, 'adap_yes_c': 97, 'forg_sigma': 19.52044302788298, 'forg_med_a': 52, 'forg_med_b': 53, 'forg_med_c': 73, 'forg_high_a': 97, 'forg_high_b': 98, 'forg_high_c': 98, 'stoch_none_a': 35, 'stoch_none_b': 42, 'stoch_none_c': 46, 'stoch_some_a': 45, 'stoch_some_b': 57, 'stoch_some_c': 69, 'stoch_alw_a': 79, 'stoch_alw_b': 95, 'stoch_alw_c': 96, 'D_a': 12, 'D_b': 20, 'D_c': 37, 'C_a': 83, 'C_b': 85, 'C_c': 86, 'd_threshold': 0.4381280744082646, 'c_threshold': 0.3416684422879568}. Best is trial 211 with value: 2.705571428571429.[0m
Best trial: 211. Best value: 2.70557:  87%|████████▋ | 261/300 [2:03:15<17:42, 27.25s/it][32m[I 2026-03-03 14:44:48,290][0m Trial 260 finished with value: 2.6855714285714285 and parameters: {'coop_low_a': 35, 'coop_low_b': 39, 'coop_low_c': 44, 'coop_med_a': 33, 'coop_med_b': 36, 'coop_med_c': 70, 'coop_high_a': 56, 'coop_high_b': 92, 'coop_high_c': 93, 'adap_no_a': 39, 'adap_no_b': 40, 'adap_no_c': 41, 'adap_yes_a': 65, 'adap_yes_b': 66, 'adap_yes_c': 79, 'forg_sigma': 18.695366134397098, 'forg_med_a': 16, 'forg_med_b': 18, 'forg_med_c': 50, 'forg_high_a': 96, 'forg_high_b': 97, 'forg_high_c': 97, 'stoch_none_a': 35, 'stoch_none_b': 42, 'stoch_none_c': 46, 'stoch_some_a': 45, 'stoch_some_b': 63, 'stoch_some_c': 70, 'stoch_alw_a': 82, 'stoch_alw_b': 89, 'stoch_alw_c': 94, 'D_a': 14, 'D_b': 21, 'D_c': 36, 'C_a': 87, 'C_b': 88, 'C_c': 89, 'd_threshold': 0.41612633769468205, 'c_threshold': 0.3495580996475351}. Best is trial 211 with value: 2.705571428571429.[0m
Best trial: 211. Best value: 2.70557:  87%|████████▋ | 262/300 [2:03:42<17:17, 27.31s/it][32m[I 2026-03-03 14:45:15,729][0m Trial 261 finished with value: 2.64675 and parameters: {'coop_low_a': 35, 'coop_low_b': 39, 'coop_low_c': 44, 'coop_med_a': 33, 'coop_med_b': 35, 'coop_med_c': 70, 'coop_high_a': 56, 'coop_high_b': 93, 'coop_high_c': 94, 'adap_no_a': 34, 'adap_no_b': 40, 'adap_no_c': 41, 'adap_yes_a': 65, 'adap_yes_b': 66, 'adap_yes_c': 98, 'forg_sigma': 16.949822275075366, 'forg_med_a': 16, 'forg_med_b': 18, 'forg_med_c': 76, 'forg_high_a': 96, 'forg_high_b': 97, 'forg_high_c': 97, 'stoch_none_a': 34, 'stoch_none_b': 42, 'stoch_none_c': 46, 'stoch_some_a': 41, 'stoch_some_b': 58, 'stoch_some_c': 70, 'stoch_alw_a': 83, 'stoch_alw_b': 89, 'stoch_alw_c': 94, 'D_a': 14, 'D_b': 21, 'D_c': 36, 'C_a': 85, 'C_b': 88, 'C_c': 89, 'd_threshold': 0.41902908978146236, 'c_threshold': 0.3493242387172317}. Best is trial 211 with value: 2.705571428571429.[0m
Best trial: 211. Best value: 2.70557:  88%|████████▊ | 263/300 [2:04:10<17:01, 27.60s/it][32m[I 2026-03-03 14:45:44,026][0m Trial 262 finished with value: 2.6840714285714284 and parameters: {'coop_low_a': 34, 'coop_low_b': 39, 'coop_low_c': 44, 'coop_med_a': 36, 'coop_med_b': 37, 'coop_med_c': 70, 'coop_high_a': 62, 'coop_high_b': 92, 'coop_high_c': 93, 'adap_no_a': 39, 'adap_no_b': 40, 'adap_no_c': 41, 'adap_yes_a': 65, 'adap_yes_b': 97, 'adap_yes_c': 98, 'forg_sigma': 18.789194729420235, 'forg_med_a': 16, 'forg_med_b': 18, 'forg_med_c': 51, 'forg_high_a': 97, 'forg_high_b': 98, 'forg_high_c': 99, 'stoch_none_a': 36, 'stoch_none_b': 42, 'stoch_none_c': 46, 'stoch_some_a': 28, 'stoch_some_b': 55, 'stoch_some_c': 70, 'stoch_alw_a': 82, 'stoch_alw_b': 89, 'stoch_alw_c': 94, 'D_a': 39, 'D_b': 41, 'D_c': 51, 'C_a': 90, 'C_b': 92, 'C_c': 94, 'd_threshold': 0.4276235659941421, 'c_threshold': 0.30898513724249094}. Best is trial 211 with value: 2.705571428571429.[0m
Best trial: 211. Best value: 2.70557:  88%|████████▊ | 264/300 [2:04:37<16:23, 27.32s/it][32m[I 2026-03-03 14:46:10,690][0m Trial 263 finished with value: 2.6925357142857145 and parameters: {'coop_low_a': 35, 'coop_low_b': 39, 'coop_low_c': 44, 'coop_med_a': 36, 'coop_med_b': 37, 'coop_med_c': 72, 'coop_high_a': 62, 'coop_high_b': 92, 'coop_high_c': 93, 'adap_no_a': 37, 'adap_no_b': 39, 'adap_no_c': 40, 'adap_yes_a': 66, 'adap_yes_b': 67, 'adap_yes_c': 79, 'forg_sigma': 18.868159913815347, 'forg_med_a': 17, 'forg_med_b': 19, 'forg_med_c': 49, 'forg_high_a': 97, 'forg_high_b': 97, 'forg_high_c': 98, 'stoch_none_a': 35, 'stoch_none_b': 42, 'stoch_none_c': 46, 'stoch_some_a': 27, 'stoch_some_b': 59, 'stoch_some_c': 69, 'stoch_alw_a': 82, 'stoch_alw_b': 89, 'stoch_alw_c': 94, 'D_a': 13, 'D_b': 20, 'D_c': 36, 'C_a': 88, 'C_b': 90, 'C_c': 91, 'd_threshold': 0.42972125268101363, 'c_threshold': 0.38870600526749}. Best is trial 211 with value: 2.705571428571429.[0m
Best trial: 211. Best value: 2.70557:  88%|████████▊ | 265/300 [2:05:04<15:50, 27.17s/it][32m[I 2026-03-03 14:46:37,495][0m Trial 264 finished with value: 2.673964285714286 and parameters: {'coop_low_a': 36, 'coop_low_b': 39, 'coop_low_c': 44, 'coop_med_a': 37, 'coop_med_b': 38, 'coop_med_c': 73, 'coop_high_a': 61, 'coop_high_b': 91, 'coop_high_c': 93, 'adap_no_a': 37, 'adap_no_b': 39, 'adap_no_c': 40, 'adap_yes_a': 68, 'adap_yes_b': 87, 'adap_yes_c': 88, 'forg_sigma': 18.05680505459246, 'forg_med_a': 17, 'forg_med_b': 19, 'forg_med_c': 49, 'forg_high_a': 97, 'forg_high_b': 97, 'forg_high_c': 98, 'stoch_none_a': 35, 'stoch_none_b': 41, 'stoch_none_c': 47, 'stoch_some_a': 25, 'stoch_some_b': 50, 'stoch_some_c': 69, 'stoch_alw_a': 82, 'stoch_alw_b': 89, 'stoch_alw_c': 94, 'D_a': 16, 'D_b': 20, 'D_c': 36, 'C_a': 35, 'C_b': 90, 'C_c': 92, 'd_threshold': 0.41733536475997113, 'c_threshold': 0.3504346341203961}. Best is trial 211 with value: 2.705571428571429.[0m
