Best trial: 99. Best value: 2.76154:  98%|█████████▊| 294/300 [2:27:35<02:56, 29.50s/it][32m[I 2026-03-03 19:07:32,718][0m Trial 294 finished with value: 2.738214285714286 and parameters: {'coop_low_a': 35, 'coop_low_b': 40, 'coop_low_c': 45, 'coop_med_a': 21, 'coop_med_b': 39, 'coop_med_c': 45, 'coop_high_a': 75, 'coop_high_b': 87, 'coop_high_c': 88, 'adap_no_a': 46, 'adap_no_b': 47, 'adap_no_c': 54, 'adap_yes_a': 65, 'adap_yes_b': 81, 'adap_yes_c': 82, 'forg_sigma': 38.168959463040025, 'forg_med_a': 14, 'forg_med_b': 64, 'forg_med_c': 71, 'forg_high_a': 62, 'forg_high_b': 66, 'forg_high_c': 76, 'stoch_none_a': 13, 'stoch_none_b': 48, 'stoch_none_c': 49, 'stoch_some_a': 62, 'stoch_some_b': 63, 'stoch_some_c': 64, 'stoch_alw_a': 78, 'stoch_alw_b': 87, 'stoch_alw_c': 88, 'D_a': 44, 'D_b': 47, 'D_c': 59, 'C_a': 41, 'C_b': 77, 'C_c': 79, 'd_threshold': 0.28095153046911386, 'c_threshold': 0.5061752085338642}. Best is trial 99 with value: 2.7615357142857144.[0m
Best trial: 99. Best value: 2.76154:  98%|█████████▊| 295/300 [2:28:07<02:30, 30.14s/it][32m[I 2026-03-03 19:08:04,350][0m Trial 295 finished with value: 2.7215357142857144 and parameters: {'coop_low_a': 12, 'coop_low_b': 42, 'coop_low_c': 43, 'coop_med_a': 25, 'coop_med_b': 38, 'coop_med_c': 40, 'coop_high_a': 73, 'coop_high_b': 86, 'coop_high_c': 87, 'adap_no_a': 48, 'adap_no_b': 51, 'adap_no_c': 52, 'adap_yes_a': 81, 'adap_yes_b': 82, 'adap_yes_c': 91, 'forg_sigma': 37.09802874221821, 'forg_med_a': 55, 'forg_med_b': 57, 'forg_med_c': 70, 'forg_high_a': 69, 'forg_high_b': 86, 'forg_high_c': 87, 'stoch_none_a': 36, 'stoch_none_b': 37, 'stoch_none_c': 38, 'stoch_some_a': 59, 'stoch_some_b': 64, 'stoch_some_c': 65, 'stoch_alw_a': 66, 'stoch_alw_b': 84, 'stoch_alw_c': 87, 'D_a': 51, 'D_b': 52, 'D_c': 60, 'C_a': 61, 'C_b': 74, 'C_c': 79, 'd_threshold': 0.21944650988017736, 'c_threshold': 0.526218655916195}. Best is trial 99 with value: 2.7615357142857144.[0m
Best trial: 99. Best value: 2.76154:  99%|█████████▊| 296/300 [2:28:37<02:00, 30.02s/it][32m[I 2026-03-03 19:08:34,082][0m Trial 296 finished with value: 2.741357142857143 and parameters: {'coop_low_a': 46, 'coop_low_b': 47, 'coop_low_c': 48, 'coop_med_a': 24, 'coop_med_b': 29, 'coop_med_c': 40, 'coop_high_a': 70, 'coop_high_b': 85, 'coop_high_c': 86, 'adap_no_a': 24, 'adap_no_b': 39, 'adap_no_c': 42, 'adap_yes_a': 56, 'adap_yes_b': 84, 'adap_yes_c': 92, 'forg_sigma': 14.225620451872134, 'forg_med_a': 19, 'forg_med_b': 27, 'forg_med_c': 68, 'forg_high_a': 72, 'forg_high_b': 73, 'forg_high_c': 74, 'stoch_none_a': 38, 'stoch_none_b': 39, 'stoch_none_c': 43, 'stoch_some_a': 76, 'stoch_some_b': 77, 'stoch_some_c': 78, 'stoch_alw_a': 82, 'stoch_alw_b': 86, 'stoch_alw_c': 87, 'D_a': 49, 'D_b': 50, 'D_c': 60, 'C_a': 45, 'C_b': 73, 'C_c': 80, 'd_threshold': 0.3591853862743, 'c_threshold': 0.33365039505019184}. Best is trial 99 with value: 2.7615357142857144.[0m
Best trial: 99. Best value: 2.76154:  99%|█████████▉| 297/300 [2:29:07<01:30, 30.16s/it][32m[I 2026-03-03 19:09:04,582][0m Trial 297 finished with value: 2.6957142857142857 and parameters: {'coop_low_a': 46, 'coop_low_b': 47, 'coop_low_c': 48, 'coop_med_a': 23, 'coop_med_b': 31, 'coop_med_c': 57, 'coop_high_a': 70, 'coop_high_b': 84, 'coop_high_c': 86, 'adap_no_a': 42, 'adap_no_b': 50, 'adap_no_c': 51, 'adap_yes_a': 55, 'adap_yes_b': 84, 'adap_yes_c': 92, 'forg_sigma': 12.503302014501486, 'forg_med_a': 20, 'forg_med_b': 63, 'forg_med_c': 76, 'forg_high_a': 72, 'forg_high_b': 73, 'forg_high_c': 74, 'stoch_none_a': 11, 'stoch_none_b': 21, 'stoch_none_c': 26, 'stoch_some_a': 50, 'stoch_some_b': 51, 'stoch_some_c': 70, 'stoch_alw_a': 83, 'stoch_alw_b': 86, 'stoch_alw_c': 87, 'D_a': 49, 'D_b': 50, 'D_c': 60, 'C_a': 45, 'C_b': 73, 'C_c': 81, 'd_threshold': 0.36671977180702486, 'c_threshold': 0.3355022676690825}. Best is trial 99 with value: 2.7615357142857144.[0m
Best trial: 99. Best value: 2.76154:  99%|█████████▉| 298/300 [2:29:38<01:01, 30.52s/it][32m[I 2026-03-03 19:09:35,930][0m Trial 298 finished with value: 2.6959285714285715 and parameters: {'coop_low_a': 47, 'coop_low_b': 48, 'coop_low_c': 49, 'coop_med_a': 18, 'coop_med_b': 26, 'coop_med_c': 47, 'coop_high_a': 72, 'coop_high_b': 74, 'coop_high_c': 83, 'adap_no_a': 24, 'adap_no_b': 39, 'adap_no_c': 40, 'adap_yes_a': 69, 'adap_yes_b': 84, 'adap_yes_c': 92, 'forg_sigma': 13.873135620379864, 'forg_med_a': 16, 'forg_med_b': 31, 'forg_med_c': 32, 'forg_high_a': 63, 'forg_high_b': 65, 'forg_high_c': 74, 'stoch_none_a': 40, 'stoch_none_b': 41, 'stoch_none_c': 45, 'stoch_some_a': 70, 'stoch_some_b': 79, 'stoch_some_c': 80, 'stoch_alw_a': 82, 'stoch_alw_b': 86, 'stoch_alw_c': 87, 'D_a': 47, 'D_b': 48, 'D_c': 59, 'C_a': 43, 'C_b': 70, 'C_c': 84, 'd_threshold': 0.3478666137822162, 'c_threshold': 0.3286496362959361}. Best is trial 99 with value: 2.7615357142857144.[0m
Best trial: 99. Best value: 2.76154: 100%|█████████▉| 299/300 [2:30:10<00:30, 30.91s/it][32m[I 2026-03-03 19:10:07,748][0m Trial 299 finished with value: 2.703857142857143 and parameters: {'coop_low_a': 46, 'coop_low_b': 47, 'coop_low_c': 48, 'coop_med_a': 22, 'coop_med_b': 29, 'coop_med_c': 54, 'coop_high_a': 74, 'coop_high_b': 94, 'coop_high_c': 95, 'adap_no_a': 23, 'adap_no_b': 37, 'adap_no_c': 45, 'adap_yes_a': 82, 'adap_yes_b': 84, 'adap_yes_c': 93, 'forg_sigma': 35.35955668880926, 'forg_med_a': 68, 'forg_med_b': 69, 'forg_med_c': 71, 'forg_high_a': 71, 'forg_high_b': 72, 'forg_high_c': 73, 'stoch_none_a': 38, 'stoch_none_b': 39, 'stoch_none_c': 43, 'stoch_some_a': 75, 'stoch_some_b': 77, 'stoch_some_c': 78, 'stoch_alw_a': 81, 'stoch_alw_b': 86, 'stoch_alw_c': 87, 'D_a': 49, 'D_b': 50, 'D_c': 51, 'C_a': 48, 'C_b': 73, 'C_c': 80, 'd_threshold': 0.33694545016644206, 'c_threshold': 0.34318109903755895}. Best is trial 99 with value: 2.7615357142857144.[0m
Best trial: 99. Best value: 2.76154: 100%|██████████| 300/300 [2:30:40<00:00, 30.13s/it]
[32m[I 2026-03-03 19:10:37,087][0m Trial 300 finished with value: 2.7451785714285712 and parameters: {'coop_low_a': 48, 'coop_low_b': 49, 'coop_low_c': 50, 'coop_med_a': 24, 'coop_med_b': 28, 'coop_med_c': 56, 'coop_high_a': 71, 'coop_high_b': 83, 'coop_high_c': 84, 'adap_no_a': 24, 'adap_no_b': 38, 'adap_no_c': 42, 'adap_yes_a': 54, 'adap_yes_b': 83, 'adap_yes_c': 93, 'forg_sigma': 39.17712314775042, 'forg_med_a': 70, 'forg_med_b': 73, 'forg_med_c': 74, 'forg_high_a': 60, 'forg_high_b': 71, 'forg_high_c': 72, 'stoch_none_a': 40, 'stoch_none_b': 41, 'stoch_none_c': 45, 'stoch_some_a': 55, 'stoch_some_b': 65, 'stoch_some_c': 66, 'stoch_alw_a': 82, 'stoch_alw_b': 86, 'stoch_alw_c': 87, 'D_a': 51, 'D_b': 52, 'D_c': 60, 'C_a': 45, 'C_b': 72, 'C_c': 81, 'd_threshold': 0.36244722974744326, 'c_threshold': 0.3622514248047699}. Best is trial 99 with value: 2.7615357142857144.[0m

=== OPTIMIZATION COMPLETE ===
Best score:  2.7615
Best params: {'coop_low_a': 43, 'coop_low_b': 45, 'coop_low_c': 46, 'coop_med_a': 32, 'coop_med_b': 34, 'coop_med_c': 42, 'coop_high_a': 84, 'coop_high_b': 87, 'coop_high_c': 89, 'adap_no_a': 56, 'adap_no_b': 58, 'adap_no_c': 59, 'adap_yes_a': 76, 'adap_yes_b': 86, 'adap_yes_c': 87, 'forg_sigma': 19.67713355346648, 'forg_med_a': 16, 'forg_med_b': 49, 'forg_med_c': 86, 'forg_high_a': 70, 'forg_high_b': 78, 'forg_high_c': 79, 'stoch_none_a': 34, 'stoch_none_b': 36, 'stoch_none_c': 42, 'stoch_some_a': 54, 'stoch_some_b': 58, 'stoch_some_c': 62, 'stoch_alw_a': 74, 'stoch_alw_b': 79, 'stoch_alw_c': 82, 'D_a': 51, 'D_b': 52, 'D_c': 59, 'C_a': 46, 'C_b': 73, 'C_c': 85, 'd_threshold': 0.21337516011823027, 'c_threshold': 0.30164507428588283}
c:\Users\Ognjen\AppData\Local\Programs\Python\Python311\Lib\site-packages\optuna\importance\_fanova\_tree.py:137: RuntimeWarning: invalid value encountered in divide
  weights = weights / active_features_cardinalities